### ISSUE TITLE
UPX compressed Golang program crashes/panics on LicheePi 4A (riscv64)

### ISSUE THREAD

**Issue by Pairman** [upx/upx#18860]
## What's the problem (or question)?
My Golang programs, compressed with the latest UPX release (5.1.1), crashes or panics on LicheePi 4A (riscv64).

## What should have happened?
The compressed programs should run normally like the uncompressed ones.

## Do you have an idea for a solution?
No.

## How can we reproduce the issue?
SInce my programs are closed source, I cannot release the binaries, yet I have straced logs:
[lpi4a-quasar-upx-crash.log](https://github.com/user-attachments/files/28375265/lpi4a-quasar-upx-crash.log)

## Please tell us details about your environment.

* UPX version used (`upx --version`): 5.1.1
* Target Operating System and version: RevyOS (based on Debian) 13.2 (trixie); Linux 6.6.73-th1520
* Target CPU architecture: riscv64 (riscv64)

**Comment by jreiser** [comment]
> my programs are closed source

Therefore, much more info must be presented here in order to debug.  Start with:
```
$ ls -l Quasar-server Quasar-auto
$ readelf --file-header ---segments Quasar-server Quasar-auto
$ gdb -q --args Quasar-server
(gdb) run
  ## wait for SIGSEGV
(gdb) bt   ## backtrace of nested subroutine calls
(gdb) info reg   ## contents of all registers
(gdb) x/i $pc   ## instruction that caused SIGSEGV
(gdb) x/12i $pc-0x20   ## surrounding instructions
(gdb) x/32xw $sp-8*4   ## dump memory near stack pointer
(gdb) info proc   ## note the PID process ID
(gdb) shell cat /proc/PID/maps   ## use the numeric PID from "info proc"
```
Then repeat the `gdb` session for Quasar-auto.  In both cases, note that the sequence of calls to `brk(NULL); mmap(,,,,proc/self/exe,);  close;  munmap` indicates that the UPX runtime de-compressor has finished.

Also:
1. What is the purpose of SIGURG that appears in the output from strace?
2. What is system call `syscall_0x102(0x3f48002000, 0x2, 0, 0, 0, 0) = 0`?
3. Explain the two calls to `clone(child_stack ...`
4. Please upload the output from `strace` for a successful (non-compressed) run.

**Comment by Pairman** [comment]
This the successful logs of uncompressed executables. On the other hand, I'm bot familiar with the other 4 questions. Sorry.

[lpi4a-quasar-normal.log](https://github.com/user-attachments/files/28411634/lpi4a-quasar-normal.log)

Debug logs:

[lpi4a-quasar-debug.log](https://github.com/user-attachments/files/28411890/lpi4a-quasar-debug.log)

**Comment by jreiser** [comment]
There's a bug somewhere in compressing consecutive `auipc`.  Seen in the output of `gdb Quasar-server` from file `lpi4a-quasar-debug.log` :
```
(gdb) x/12i $pc-0x20
   0xd7928:     auipc   t6,0x1432
   0xd792c:     sd      a1,1504(t6)
   0xd7930:     auipc   t6,0x1432
   0xd7934:     sd      a2,1504(t6)
   0xd7938:     auipc   sp,0x9520   ## bad 3rd auipc in a row [interleaved, alternating]
   0xd793c:     fld     fs0,96(a3)
=> 0xd793e:     fld     fa0,88(a2)

x/32xw $sp-8*4   ## at time of SIGSEGV
0x95f7918:      Cannot access memory at address 0x95f7918   ## the clue
```
So please report from the not-compressed Quasar-serverI;
```
$ gdb Quasar-server   ## just look at the disassembly; do not execute
(gdb) x/7i 0xd7928   ## the disassembled instructions
(gdb) x/7xw 0xd7928   ## the raw instruction bytes
```

**Comment by Pairman** [comment]
From the uncompressed one:
```
pairman@revyos-lpi4a:~$ gdb Quasar-server
GNU gdb (Debian 15.2-1) 15.2
Copyright (C) 2024 Free Software Foundation, Inc.
License GPLv3+: GNU GPL version 3 or later <http://gnu.org/licenses/gpl.html>
This is free software: you are free to change and redistribute it.
There is NO WARRANTY, to the extent permitted by law.
Type "show copying" and "show warranty" for details.
This GDB was configured as "riscv64-linux-gnu".
Type "show configuration" for configuration details.
For bug reporting instructions, please see:
<https://www.gnu.org/software/gdb/bugs/>.
Find the GDB manual and other documentation resources online at:
    <http://www.gnu.org/software/gdb/documentation/>.

For help, type "help".
Type "apropos word" to search for commands related to "word"...
Reading symbols from Quasar-server...
(No debugging symbols found in Quasar-server)
(gdb) x/7i 0xd7928
   0xd7928:     auipc   t6,0x1432
   0xd792c:     sd      a1,1504(t6)
   0xd7930:     auipc   t6,0x1432
   0xd7934:     sd      a2,1504(t6)
   0xd7938:     auipc   t0,0x1459
   0xd793c:     lwu     t0,408(t0)
   0xd7940:     beqz    t0,0xd7958
(gdb) x/7xw 0xd7928
0xd7928:        0x01432f97      0x5ebfb023      0x01432f97      0x5ecfb023
0xd7938:        0x01459297      0x1982e283      0x00028c63
```

I did strip debugging info when ```go build```. Should this be done with an unstripped build?

**Comment by jreiser** [comment]
For right now, this is enough info for me to investigate the `auipc`.  I may ask about the unstripped build later.

**Comment by jreiser** [comment]
Does offline de-compression reproduce the original executable? If not, then the problem probably is in the initial compression itself.  If so, then the runtime de-compressor probably is at fault.
```
$ upx    -f  o Quasar-server.cpr Quasar-server       ##    compress
$ upx -d -f -o Quasar-server.unc Quasar-server.cpr   ## de-compress ("uncompress")
$ cmp -l Quasar-server Quasar-server.unc  |  sed 12q
```

**Comment by markus-oberhumer** [comment]
What does `upx --no-filter` say?

**Comment by Pairman** [comment]
> $ upx    -f  o Quasar-server.cpr Quasar-server       ##    compress
> $ upx -d -f -o Quasar-server.unc Quasar-server.cpr   ## de-compress ("uncompress")
> $ cmp -l Quasar-server Quasar-server.unc  |  sed 12q
> ```

The decompression gives `CantUnpackException: ElfXX_Ehdr corrupted` error.

```
pairman@revyos-lpi4a:~/Downloads$ ./upx -f -o Quasar-server.cpr Quasar-server
                       Ultimate Packer for eXecutables
                          Copyright (C) 1996 - 2026
UPX 5.1.1       Markus Oberhumer, Laszlo Molnar & John Reiser    Mar 5th 2026

        File size         Ratio      Format      Name
   --------------------   ------   -----------   -----------
  22020280 ->   7447820   33.82%  linux/riscv64  Quasar-server.cpr             
Packed 1 file.
pairman@revyos-lpi4a:~/Downloads$ ./upx -d -f -o Quasar-server.unc Quasar-server.cpr
                       Ultimate Packer for eXecutables
                          Copyright (C) 1996 - 2026
UPX 5.1.1       Markus Oberhumer, Laszlo Molnar & John Reiser    Mar 5th 2026

        File size         Ratio      Format      Name
   --------------------   ------   -----------   -----------
upx: Quasar-server.cpr: CantUnpackException: ElfXX_Ehdr corrupted

Unpacked 1 file: 0 ok, 1 error.
```

**Comment by Pairman** [comment]
> What does `upx --no-filter` say?

`--no-filter` still gives `CantUnpackException: ElfXX_Ehdr corrupted` on decompression.

However the compressed binary can run normally now.

**Comment by jreiser** [comment]
@Pairman  Please email me the result of applying zip or gzip to a copy of Quasar-server.  Finding and fixing the bug(s) is a lot faster and more efficient using a concrete example. (A smaller testcase that has the same problems would work, too.)  I'll delete it when I'm done.  Thank you.

**Comment by Pairman** [comment]
> [@Pairman](https://github.com/Pairman) Please email me the result of applying zip or gzip to a copy of Quasar-server. Finding and fixing the bug(s) is a lot faster and more efficient using a concrete example. (A smaller testcase that has the same problems would work, too.) I'll delete it when I'm done. Thank you.

Ok. I'm sending the file to you.

**Comment by jreiser** [comment]
Nothing has come through in 1 hour.  So; look in the git log of source commits to find a good address.  Then, the raw file is about (21.6 + 5.7) MB.  Assume that gzip/zip compresses 2.5:1, then that's around 10MB.  So apply /usr/bin/split of the .gz into 2MB chunks, and send the first few chunks individually in separate emails. (.gz is better than .zip in his case because .zip puts a directory at the very end of the file, while .gz puts directory info as a prefix.)

**Comment by Pairman** [comment]
> Nothing has come through in 1 hour.

That's weird. I sent .zip from pairmanxlr@gmail.com to jreiser@bitwagon.com shortly after I replied you earlier. Is the address right, otherwise it may have been blocked by your mailbox or its firewall?

**Comment by Pairman** [comment]
I managed to prune it down to a minimal crash reproduction. A simple `time.Parse()` crashes the program.

Sources and binaries are included here. [crash-test.zip](https://github.com/user-attachments/files/28496698/crash-test.zip)

**Comment by jreiser** [comment]
Thank you for pruning the contents of crash-test.sh.

The `ElfXX_Ehdr corrupted` message is a symptom of assuming `Ehdr.e_flags {EF_RISCV_RVC}` (supports 2-byte Compact instructions).  This matters because RVC is essentially a different architecture (code mixing works only in one direction), and the code space reduction of RVC is a big deal.  In the short run UPX will have to reject non-RVC executables.  The strategy for the long run must decide whether the UPX stub code should be least-common denominator (use no RVC instructions) , or whether to add RVC as a separate architecture.

**Comment by jreiser** [comment]
The file `crash-test_linux_riscv64` has an incorrect Elf64_Ehdr.  The .e_flags says "no RVC", yet the code uses RVC instructions.
```
$ file crash-test_linux_riscv64   ## note no RVC in the output
crash-test_linux_riscv64: ELF 64-bit LSB executable, UCB RISC-V, double-float ABI, version 1 (SYSV), statically linked, Go BuildID=NoKNQQWQ8THpacXQBuf_/iqroddojZyRkYygO5OKx/k2P3aEOJOeErX0h-9t9U/A7ndrGrnCtWwdHugQ5ka, BuildID[sha1]=83369effa1d7558b898d54366e04aa51c946c851, stripped

$ /usr/bin/riscv64-linux-gnu-objdump -d --show-raw-insn crash-test_linux_riscv64  |  sed 21q

crash-test_linux_riscv64:     file format elf64-littleriscv


Disassembly of section .text:

0000000000011000 <.text>:
   11000:	00008067          	ret
	...
   11010:	00123297          	auipc	t0,0x123
   11014:	0c02b283          	ld	t0,192(t0) # 0x1340d0
   11018:	0ff57313          	zext.b	t1,a0
   1101c:	00123397          	auipc	t2,0x123
   11020:	0bc3b383          	ld	t2,188(t2) # 0x1340d8
   11024:	00735d63          	bge	t1,t2,0x1103e
   11028:	03851313          	slli	t1,a0,0x38
   1102c:	03435313          	srli	t1,t1,0x34
   11030:	929a                	add	t0,t0,t1   ## uses RVC instruction (16-bits)
   11032:	0002b503          	ld	a0,0(t0)
   11036:	0082b583          	ld	a1,8(t0)
   1103a:	00008067          	ret
```

**Comment by jreiser** [comment]
The file `crash-test_linux_riscv64` has a PT_NOTE Segment that does not include all the .note.* Sections.
From `readelf --all --wide`:
```
  [Nr] Name              Type            Address          Off    Size   ES Flg Lk Inf Al
  [ 0]                   NULL            0000000000000000 000000 000000 00      0   0  0
  [ 1] .note.go.buildid  NOTE            0000000000010f78 000f78 000064 00   A  0   0  4
  [ 2] .note.gnu.build-id NOTE            0000000000010fdc 000fdc 000024 00   A  0   0  4
```
so the total size of `.note` Sections is (0x64 + 0x24) = 0x88.  But the execution view of the Segments has only first 0x64 bytes called out:
```
Program Headers:
  Type           Offset   VirtAddr           PhysAddr           FileSiz  MemSiz   Flg Align
  PHDR           0x000040 0x0000000000010040 0x0000000000010040 0x000150 0x000150 R   0x10000
  NOTE           0x000f78 0x0000000000010f78 0x0000000000010f78 0x000064 0x000064 R   0x4
  LOAD           0x000000 0x0000000000010000 0x0000000000010000 0x06afaa 0x06afaa R E 0x10000
      ...
 Section to Segment mapping:
  Segment Sections...
   00
   01     .note.go.buildid
   02     .note.go.buildid .note.gnu.build-id .text
      ...
Displaying notes found in: .note.go.buildid
  Owner                Data size        Description
  Go                   0x00000053       GO BUILDID         description data: 4e 6f 4b 4e 51 51 57 51 38 54 48 70 61 63 58 51 42 75 66 5f 2f 69 71 72 6f 64 64 6f 6a 5a 79 52 6b 59 79 67 4f 35 4f 4b 78 2f 6b 32 50 33 61 45 4f 4a 4f 65 45 72 58 30 68 2d 39 74 39 55 2f 41 37 6e 64 72 47 72 6e 43 74 57 77 64 48 75 67 51 35 6b 61

Displaying notes found in: .note.gnu.build-id
  Owner                Data size        Description
  GNU                  0x00000014       NT_GNU_BUILD_ID (unique build ID bitstring)         Build ID: 83369effa1d7558b898d54366e04aa51c946c851
```

So the note from Go gets its own Segment, while the Build ID note gets swallowed into the first PT_LOAD.  This is not necessarily wrong, but the Build ID is at least as important from the standpoint of build reproducibility and high-level `debugd` symbols.  Check the default linker script for the outer-most build, and the binutils package for not concatenating all `.note.*` Sections.

**Comment by jreiser** [comment]
Commit https://github.com/upx/upx/commit/7f8b22b3264326aca6049f2e396c5cea501de28c works for me.  Please test a build for your favorite machine from  https://github.com/upx/upx/actions/runs/26972400975 .

**Comment by Pairman** [comment]
> Commit [7f8b22b](https://github.com/upx/upx/commit/7f8b22b3264326aca6049f2e396c5cea501de28c) works for me. Please test a build for your favorite machine from https://github.com/upx/upx/actions/runs/26972400975 .

This works. Thank you.
