### ISSUE TITLE
ARMv7 linux 2.6.36.4 upx 3.95 compressed binaries segfault or no output

### ISSUE THREAD

**Issue by lancethepants** [upx/upx#221]
## What's the problem (or question)?
ARMv7 binaries compressed with UPX 3.95 --ultra-brute give no output or segfault. 
Tested using hellworld C program. The arm upx binary from the "Releases" page on this project doesn't run either until it is decompressed.

## What should have happened?
upx --ultra-brute ./binary ---> profit

## Do you have an idea for a solution?
No

## How can we reproduce the issue?

I compile upx myself (with ucl). The resulting binaries that it then compresses won't run. 
I _then_ downloaded the arm version provided from this project, and the binary itself doesn't run either as it is compressed with UPX 3.95. After decompressing the binary it then functions, but it still creates unusable binaries.

## Please tell us details about your environment.

Netgear R7000 router

root@R7000:~# upx --version
upx 3.95
UCL data compression library 1.03
zlib data compression library 1.2.11
LZMA SDK version 4.43

root@R7000:~# cat /proc/cpuinfo
Processor       : ARMv7 Processor rev 0 (v7l)
processor       : 0
BogoMIPS        : 1998.84
processor       : 1
BogoMIPS        : 1998.84
Features        : swp half thumb fastmult edsp
CPU implementer : 0x41
CPU architecture: 7
CPU variant     : 0x3
CPU part        : 0xc09
CPU revision    : 0
Hardware        : Northstar Prototype
Revision        : 0000
Serial          : 0000000000000000

**Comment by jreiser** [comment]
Please upload ("Attach files by ...") a specific case that fails.  The compiled version of hello.c is too small to compress.  I have uploaded 
[foo.gz](https://github.com/upx/upx/files/2385351/foo.gz) which is the gzip-ped output from <tt>upx --ultra-brute -o ./foo /bin-armv7hl/date</tt>. After decompressing with <tt>gzip -d</tt> then it runs correctly on Fedora 27 kernel-4.17.19-100.fc27.armv7hl #1 SMP Fri Aug 24 16:57:16 UTC 2018 armv7l armv7l armv7l GNU/Linux.  (gzip is used because github restricts the filename of uploads.)

**Comment by jreiser** [comment]
Pre-built upx is available for linux on 32-bit ARM at https://github.com/upx/upx-automatic-builds/tree/devel-20180912-153ea8b-travis (and other pages discoverable as prefixes of that URL), for example.

**Comment by lancethepants** [comment]
I am using softfloat, don't know if hardfloat would have that same issue.  Here is the requested specific case that fails I mentioned in my first post.  Binaries that this outputs, also fail to run on machines that this binary (fails) runs on (until decompressed by upx -d ./upx).
https://github.com/upx/upx/releases/download/v3.95/upx-3.95-arm_linux.tar.xz

**Comment by jreiser** [comment]
It feels like a compatibility problem with hardware and/or ABI.  The upx-3.95 link given above in the previous Comment does run on RaspberryPi under Fedora 27 Linux.  The relevant info is:
```
$ cat /proc/cpuinfo
processor	: 0
model name	: ARMv7 Processor rev 4 (v7l)
BogoMIPS	: 38.40
Features	: half thumb fastmult vfp edsp neon vfpv3 tls vfpv4 idiva idivt vfpd32 lpae evtstrm crc32 
CPU implementer	: 0x41
CPU architecture: 7
CPU variant	: 0x0
CPU part	: 0xd03
CPU revision	: 4

$ readelf --file-header /bin/date
ELF Header:
  Magic:   7f 45 4c 46 01 01 01 00 00 00 00 00 00 00 00 00 
  Class:                             ELF32
  Data:                              2's complement, little endian
  Version:                           1 (current)
  OS/ABI:                            UNIX - System V
  ABI Version:                       0
  Type:                              DYN (Shared object file)
  Machine:                           ARM
  Version:                           0x1
  Entry point address:               0x24b8
  Start of program headers:          52 (bytes into file)
  Start of section headers:          88860 (bytes into file)
  Flags:                             0x5000400, Version5 EABI, hard-float ABI
```

So, please run <tt>readelf --file-header /bin/date</tt> and post the output in a Comment here.  If necessary then copy /bin/date to an x86_64 machine and run <tt>readelf</tt> there.  Please upload ("Attach files by ...") the actual /bin/date; gzip it first so that github will  accept the file for upload.  Also, further information about the hardware instruction set would  be useful; what do you know about unimplemented instructions?  Please run a failing program under the gdb debugger, and report what gdb says:
```
$ gdb failing_program
(gdb) run
(gdb) x/5i $pc   # current and next instructions
(gdb) x/5xw $pc   # instructions as words in hex
(gdb) x/5i $pc-4*4   # previous instructions
(gdb) x/5xw $pc  # 
(gdb) info reg  # all registers
(gdb) x/18xw $sp   # memory at active end of stack
```

**Comment by lancethepants** [comment]
This particular processor has no floating point instructions. Floating point instruction on ARMv7 is optional, and although it seems most CPUs like the raspberry pi do have them, this one does not.   
Binaries that run on raspberry pi are not likely to run on my device, because my device lacks any form of VFPvX or Neon instructions.

UPX 3.94 distributed from this  project works fine on my device, as does my own compiled version.  I've used upx for many versions back.  Only on 3.95 am I having issues now. 

The binary I linked on my previous post, once decompressed with upx-3.94 does run.  However, the binaries that it compresses work before compression, but do not work after compression.  Something in the compression is causing binaries to not run any more, including the upx compressed upx binary.

My device's environment uses uclibc, so I cannot use or run dynamically linked executables from other glibc linux distros.  They proabably wouldn't run if they came from the raspberry pi anyway.  I've compiled a statically linked 'date' binary that works on my system, that should run on any of your ARMv7 devices.


[date.gz](https://github.com/upx/upx/files/2409147/date.gz)


```
root@R7000:~# readelf --file-header ./date
ELF Header:
  Magic:   7f 45 4c 46 01 01 01 00 00 00 00 00 00 00 00 00
  Class:                             ELF32
  Data:                              2's complement, little endian
  Version:                           1 (current)
  OS/ABI:                            UNIX - System V
  ABI Version:                       0
  Type:                              EXEC (Executable file)
  Machine:                           ARM
  Version:                           0x1
  Entry point address:               0x1086c
  Start of program headers:          52 (bytes into file)
  Start of section headers:          173164 (bytes into file)
  Flags:                             0x5000200, Version5 EABI, soft-float ABI
  Size of this header:               52 (bytes)
  Size of program headers:           32 (bytes)
  Number of program headers:         6
  Size of section headers:           40 (bytes)
  Number of section headers:         18
  Section header string table index: 17
```

**Comment by lancethepants** [comment]
I'll have to get back to you on gdb if you think it's necessary.  I did compile it once a while back, but unfortunately can't find those binaries.

**Comment by jreiser** [comment]
I am comparing the sources to 3.94 and 3.95, and I am comparing your <tt>date</tt> compressed with 3.94 and 3.95.  Having the gdb output probably would speed the process.

**Comment by jreiser** [comment]
The upx run-time de-compression stub does not use any floating-point instructions, on any architecture.

Please run <tt>strace -i ./date.395</tt> and report the first 25 lines; then compare with date.394.  Here's what I get:
```
$ strace -i ./date.395
[b6ddd9bc] execve("./date.395", ["./date.395"], 0xbeee24b4 /* 28 vars */) = 0
[00026060] open("/proc/self/exe", O_RDONLY) = 3
[00025f80] mmap2(NULL, 92876, PROT_READ|PROT_WRITE, MAP_PRIVATE|MAP_ANONYMOUS, -1, 0) = 0xb6fba000
[00025f9c] mmap2(0xb6fba000, 92003, PROT_READ|PROT_WRITE, MAP_PRIVATE|MAP_FIXED, 3, 0) = 0xb6fba000
[00025e00] cacheflush(0xb6fd0070, 0xb6fd0acc, 0) = 0
[00026010] mprotect(0xb6fcf000, 6860, PROT_READ|PROT_EXEC) = 0
[b6fd0304] readlink("/proc/self/exe", "/home/jreiser/github-issue221/da"..., 4095) = 38
[b6fcfe00] cacheflush(0xbeebda6c, 0xbeebdb60, 0) = 0
[b6fd036c] mmap2(0x10000, 253952, PROT_NONE, MAP_PRIVATE|MAP_FIXED|MAP_ANONYMOUS, -1, 0) = 0x10000
[b6fd036c] mmap2(0x10000, 171476, PROT_READ|PROT_WRITE, MAP_PRIVATE|MAP_FIXED|MAP_ANONYMOUS, -1, 0) = 0x10000
[b6fcfe00] cacheflush(0x10000, 0x100f4, 0) = 0
[b6fcfe00] cacheflush(0x100f4, 0x39dd4, 0) = 0
[b6fd0348] cacheflush(0x39dd4, 0x39ddc, 0) = 0
[b6fd032c] mprotect(0x10000, 171476, PROT_READ|PROT_EXEC) = 0
[b6fd036c] mmap2(0x49000, 4916, PROT_READ|PROT_WRITE, MAP_PRIVATE|MAP_FIXED|MAP_ANONYMOUS, -1, 0) = 0x49000
[b6fcfe00] cacheflush(0x49fbc, 0x4a334, 0) = 0
[b6fd032c] mprotect(0x49000, 4916, PROT_READ|PROT_WRITE) = 0
[b6fd036c] mmap2(0x4b000, 11460, PROT_READ|PROT_WRITE, MAP_PRIVATE|MAP_FIXED|MAP_ANONYMOUS, -1, 0) = 0x4b000
[b6fd02f0] brk(0x4e000)                 = 0x95f000
[b6fd036c] mmap2(NULL, 4096, PROT_READ, MAP_PRIVATE, 3, 0xb6fba000) = 0xb6fb9000
[b6fd02b4] close(3)                     = 0
[00039dd8] munmap(0xb6fba000, 92876)    = 0
[0002c91c] brk(NULL)                    = 0x95f000

$ strace -i ./date.394
[b6d829bc] execve("./date.394", ["./date.394"], 0xbee4a4b4 /* 28 vars */) = 0
[00025e10] mmap2(0x60000, 96192, PROT_READ|PROT_WRITE|PROT_EXEC, MAP_PRIVATE|MAP_FIXED|MAP_ANONYMOUS, -1, 0) = 0x60000
[00025e58] cacheflush(0x75ea4, 0x75fa0, 0) = 0
[00075ee8] cacheflush(0x75fa4, 0x769b8, 0) = 0
[00076234] readlink("/proc/self/exe", "/home/jreiser/github-issue221/da"..., 4095) = 38
[00075ee8] cacheflush(0xbedd7a98, 0xbedd7b8c, 0) = 0
[000762a0] mmap2(0x10000, 171476, PROT_READ|PROT_WRITE|PROT_EXEC, MAP_PRIVATE|MAP_FIXED|MAP_ANONYMOUS, -1, 0) = 0x10000
[00075ee8] cacheflush(0x10000, 0x100f4, 0) = 0
[00075ee8] cacheflush(0x100f4, 0x39dd4, 0) = 0
[00076278] cacheflush(0x39dd4, 0x39ddc, 0) = 0
[0007625c] mprotect(0x10000, 171476, PROT_READ|PROT_EXEC) = 0
[000762a0] mmap2(0x49000, 4916, PROT_READ|PROT_WRITE, MAP_PRIVATE|MAP_FIXED|MAP_ANONYMOUS, -1, 0) = 0x49000
[00075ee8] cacheflush(0x49fbc, 0x4a334, 0) = 0
[0007625c] mprotect(0x49000, 4916, PROT_READ|PROT_WRITE) = 0
[000762a0] mmap2(0x4b000, 11460, PROT_READ|PROT_WRITE, MAP_PRIVATE|MAP_FIXED|MAP_ANONYMOUS, -1, 0) = 0x4b000
[00076220] brk(0x4e000)                 = 0x16d3000
[000761d0] open("/proc/self/exe", O_RDONLY) = 3
[000762a0] mmap2(NULL, 4096, PROT_READ, MAP_PRIVATE, 3, 0x60000) = 0xb6f18000
[000761e4] close(3)                     = 0
[00039dd8] munmap(0x60000, 96192)       = 0
[0002c91c] brk(NULL)                    = 0x16d3000
```

**Comment by lancethepants** [comment]
```root@R7000:~/upx/upx-3.95-arm_linux# strace -i ./date.395
[401269e0] execve("./date.395", ["./date.395"], 0xbe8e8c74 /* 24 vars */) = 0
[00021f5c] open("/proc/self/exe", O_RDONLY) = 3
[00021e7c] mmap2(NULL, 76232, PROT_READ|PROT_WRITE, MAP_PRIVATE|MAP_ANONYMOUS, -1, 0) = 0x40017000
[00021e98] mmap2(0x40017000, 75171, PROT_READ|PROT_WRITE, MAP_PRIVATE|MAP_FIXED, 3, 0) = 0x40017000
[00021460] cacheflush(0x40028f6c, 0x400299c8, 0) = 0
[00021f0c] mprotect(0x40028000, 6600, PROT_READ|PROT_EXEC) = 0
[40029200] readlink("/proc/self/exe", "/mmc/upx/upx-3.95-arm_linux/date"..., 4095) = 36
[40028460] cacheflush(0xbe83522c, 0xbe835320, 0) = 0
[40029268] mmap2(0x10000, 253952, PROT_NONE, MAP_PRIVATE|MAP_FIXED|MAP_ANONYMOUS, -1, 0) = 0x10000
[40029268] mmap2(0x10000, 171476, PROT_READ|PROT_WRITE, MAP_PRIVATE|MAP_FIXED|MAP_ANONYMOUS, -1, 0) = 0x10000
[40028460] cacheflush(0x10000, 0x100f4, 0) = 0
[40028460] cacheflush(0x100f4, 0x39dd4, 0) = 0
[40029244] cacheflush(0x39dd4, 0x39ddc, 0) = 0
[40029228] mprotect(0x10000, 171476, PROT_READ|PROT_EXEC) = 0
[40029268] mmap2(0x49000, 4916, PROT_READ|PROT_WRITE, MAP_PRIVATE|MAP_FIXED|MAP_ANONYMOUS, -1, 0) = 0x49000
[40028460] cacheflush(0x49fbc, 0x4a334, 0) = 0
[40029228] mprotect(0x49000, 4916, PROT_READ|PROT_WRITE) = 0
[40029268] mmap2(0x4b000, 11460, PROT_READ|PROT_WRITE, MAP_PRIVATE|MAP_FIXED|MAP_ANONYMOUS, -1, 0) = 0x4b000
[400291ec] brk(0x4e000)                 = 0x4e000
[40029268] mmap2(NULL, 4096, PROT_READ, MAP_PRIVATE, 3, 0x40017000) = 0x400a1000
[400291b0] close(3)                     = 0
[00039dd8] munmap(0x40017000, 76232)    = 0
[0002c91c] brk(NULL)                    = 0x4e000
[0002c91c] brk(0x4ecb0)                 = 0x4ecb0
[00023ca0] set_tls(0x4e490)             = 0

root@R7000:~/upx/upx-3.95-arm_linux# strace -i ./date.394
[401c69e0] execve("./date.394", ["./date.394"], 0xbea53c74 /* 24 vars */) = 0
[00021408] mmap2(0x60000, 77240, PROT_READ|PROT_WRITE|PROT_EXEC, MAP_PRIVATE|MAP_FIXED|MAP_ANONYMOUS, -1, 0) = 0x60000
[00021450] cacheflush(0x7149c, 0x71ea0, 0) = 0
[00071548] cacheflush(0x71ea4, 0x728b8, 0) = 0
[00072134] readlink("/proc/self/exe", "/mmc/upx/upx-3.95-arm_linux/date"..., 4095) = 36
[00071548] cacheflush(0xbea5c258, 0xbea5c34c, 0) = 0
[000721a0] mmap2(0x10000, 171476, PROT_READ|PROT_WRITE|PROT_EXEC, MAP_PRIVATE|MAP_FIXED|MAP_ANONYMOUS, -1, 0) = 0x10000
[00071548] cacheflush(0x10000, 0x100f4, 0) = 0
[00071548] cacheflush(0x100f4, 0x39dd4, 0) = 0
[00072178] cacheflush(0x39dd4, 0x39ddc, 0) = 0
[0007215c] mprotect(0x10000, 171476, PROT_READ|PROT_EXEC) = 0
[000721a0] mmap2(0x49000, 4916, PROT_READ|PROT_WRITE, MAP_PRIVATE|MAP_FIXED|MAP_ANONYMOUS, -1, 0) = 0x49000
[00071548] cacheflush(0x49fbc, 0x4a334, 0) = 0
[0007215c] mprotect(0x49000, 4916, PROT_READ|PROT_WRITE) = 0
[000721a0] mmap2(0x4b000, 11460, PROT_READ|PROT_WRITE, MAP_PRIVATE|MAP_FIXED|MAP_ANONYMOUS, -1, 0) = 0x4b000
[00072120] brk(0x4e000)                 = 0x4e000
[000720d0] open("/proc/self/exe", O_RDONLY) = -1 ENOENT (No such file or directory)
[000721a0] mmap2(NULL, 4096, PROT_READ, MAP_PRIVATE, -2, 0x60000) = -1 EBADF (Bad file descriptor)
[000720e4] close(-2)                    = -1 EBADF (Bad file descriptor)
[00039dd8] munmap(0x60000, 77240)       = 0
[0002c91c] brk(NULL)                    = 0x4e000
[0002c91c] brk(0x4ecb0)                 = 0x4ecb0
[00023ca0] set_tls(0x4e490)             = 0
[0002c91c] brk(0x4f970)                 = 0x4f970
[00023ca0] set_tls(0x4f140)             = 0
```

**Comment by jreiser** [comment]
Thank you for the outputs from strace.
Please try the <tt>devel</tt> branch.  The last call to mmap2 (the mapping of one page of /proc/self/exe to preserve its existence) was bad in both 3.94 and 3.95.  This should make no difference unless the program open("/proc/self/exe", ), but the file offset of 0x40017000 in 3.95 surely was wacky.

**Comment by lancethepants** [comment]
Got gdb compiled for my device.  Not much of an expert of gdb.  The binary sometimes segfaulted, and sometimes it shows nothing/illegal instruction.  Here's two different times I ran through your commands. Sometimes I get `terminate called after throwing an instance of 'gdb_exception_RETURN_MASK_ERROR'`, which is maybe an issue with gdb on my device maybe needing patches itself.

```
root@R7000:~# gdb ./date
GNU gdb (GDB) 8.2
Copyright (C) 2018 Free Software Foundation, Inc.
License GPLv3+: GNU GPL version 3 or later <http://gnu.org/licenses/gpl.html>
This is free software: you are free to change and redistribute it.
There is NO WARRANTY, to the extent permitted by law.
Type "show copying" and "show warranty" for details.
This GDB was configured as "armv7l-unknown-linux-uclibceabi".
Type "show configuration" for configuration details.
For bug reporting instructions, please see:
<http://www.gnu.org/software/gdb/bugs/>.
Find the GDB manual and other documentation resources online at:
    <http://www.gnu.org/software/gdb/documentation/>.

For help, type "help".
Type "apropos word" to search for commands related to "word"...
Reading symbols from ./date...(no debugging symbols found)...done.
(gdb) run
Starting program: /mmc/date

Program received signal SIGSEGV, Segmentation fault.
0x00034580 in ?? ()
(gdb) x/5i $pc
=> 0x34580:     strbtne r1, [r1], -r1, ror #2
   0x34584:     strbtvs r6, [r1], -r1, ror #8
   0x34588:     rsbvs   r0, r4, #100, 12        ; 0x6400000
   0x3458c:     rsbeq   r6, r6, r4, ror #12
   0x34590:     strbteq r0, [r6], -r6, ror #2
(gdb) x/5xw $pc
0x34580:        0x16611161      0x66616461      0x62640664      0x00666664
0x34590:        0x06660166
(gdb) x/5i $pc-4*4
   0x34570:     ldrbpl  r4, [r5, #-1094]        ; 0xfffffbba
   0x34574:                     ; <UNDEFINED> instruction: 0x06606655
   0x34578:     strbtvs r6, [r0], -r0, rrx
   0x3457c:     cmneq   r1, r1, rrx
=> 0x34580:     strbtne r1, [r1], -r1, ror #2
(gdb) info reg
r0             0xbec21ac8          3200391880
r1             0x0                 0
r2             0x78                120
r3             0x8                 8
r4             0x0                 0
r5             0x100f4             65780
r6             0x0                 0
r7             0x5b                91
r8             0x0                 0
r9             0x0                 0
r10            0x0                 0
r11            0x0                 0
r12            0x2eec0             192192
sp             0xbec21ab0          0xbec21ab0
lr             0x23634             144948
pc             0x34580             0x34580
cpsr           0x80000010          2147483664
(gdb) x/18xw $sp
0xbec21ab0:     0x0004a000      0xbec21c6c      0x00000001      0x000101c4
0xbec21ac0:     0x04000400      0x04000400      0x04000400      0x04000400
0xbec21ad0:     0x0420043f      0x04000420      0x04000400      0x04000400
0xbec21ae0:     0x04000400      0x04000400      0x04000400      0x04000400
0xbec21af0:     0x04000400      0x04000400

```

```
root@R7000:~# gdb ./date
GNU gdb (GDB) 8.2
Copyright (C) 2018 Free Software Foundation, Inc.
License GPLv3+: GNU GPL version 3 or later <http://gnu.org/licenses/gpl.html>
This is free software: you are free to change and redistribute it.
There is NO WARRANTY, to the extent permitted by law.
Type "show copying" and "show warranty" for details.
This GDB was configured as "armv7l-unknown-linux-uclibceabi".
Type "show configuration" for configuration details.
For bug reporting instructions, please see:
<http://www.gnu.org/software/gdb/bugs/>.
Find the GDB manual and other documentation resources online at:
    <http://www.gnu.org/software/gdb/documentation/>.

For help, type "help".
Type "apropos word" to search for commands related to "word"...
Reading symbols from ./date...(no debugging symbols found)...done.
(gdb) run
Starting program: /mmc/date

Program received signal SIGILL, Illegal instruction.
0x0002f280 in ?? ()
(gdb) x/5i $pc
=> 0x2f280:     stccs   0, cr2, [sp, #-176]!    ; 0xffffff50
   0x2f284:     ldrbvs  r6, [r4, #-356]!        ; 0xfffffe9c
   0x2f288:     subspl  r5, r4, #-201326592     ; 0xf4000000
   0x2f28c:     subcs   r4, r7, r9, asr #28
   0x2f290:     eorcs   r2, r0, r0, lsr #32
(gdb) x/5xw $pc
0x2f280:        0x2d2d202c      0x65746164      0x5254533d      0x20474e49
0x2f290:        0x20202020
(gdb) x/5i $pc-4*4
   0x2f270:     cmnvc   lr, #420        ; 0x1a4
   0x2f274:     svcvs   0x006f7420
   0x2f278:     andeq   r0, r0, lr, lsr #20
   0x2f27c:     strtvs  r2, [sp], #-32  ; 0xffffffe0
=> 0x2f280:     stccs   0, cr2, [sp, #-176]!    ; 0xffffff50
(gdb) info reg
r0             0x0                 0
r1             0xbed6ca94          3201747604
r2             0x49ffc             303100
r3             0x1bec4             114372
r4             0x4a000             303104
r5             0x4                 4
r6             0x3                 3
r7             0x8                 8
r8             0x0                 0
r9             0x0                 0
r10            0x0                 0
r11            0x0                 0
r12            0x0                 0
sp             0xbed6ca88          0xbed6ca88
lr             0x234b0             144560
pc             0x2f280             0x2f280
cpsr           0x20000010          536870928
(gdb) x/18xw $sp
0xbed6ca88:     0x04000400      0x0001bec4      0x04000400      0xba8c3f0e
0xbed6ca98:     0x04200400      0x04000400      0xbed6cd68      0x000100f4
0xbed6caa8:     0xbed6cac8      0x00023670      0x0004a000      0xbed6cc6c
0xbed6cab8:     0x00000001      0x000101c4      0x04000400      0x04000400
0xbed6cac8:     0x00000000      0x00000000
```

**Comment by lancethepants** [comment]
I forgot to mention my last post included the latest version of upx from devel branch.

**Comment by jreiser** [comment]
Here is a special debugging version: [foo.gz](https://github.com/upx/upx/files/2413367/foo.gz)
It prints a trace of the de-compression by the stub, then executes a breakpoint just before transferring to the de-compressed code.   The idea is to look around at the breakpoint, then step over the break point, then single-step instructions with an increasing count: 1, 2, 5, 10, 20, 50, 100, 200, 500, 1000, etc. until there is an exception.  Then re-run, using binary search on the stepping count.
```
$ gdb foo
(gdb) run
unpackExtent in=0xbeffea10(0x7f 0xb6feb0ac)  out=0xbeffea08(0xf4 0xbeffea1c)  0xb6ffc3b4 0x0
xread 0xbeffea10(0x7f 0xb6feb0ac) 0xbeffe99c 0xc
upx_main1  .e_entry=0x1086c  reloc=0x10000
xfind_pages  0x10  0xbeffea50  6  0xbeffe998
  addr=0x0  lo=0x10000  hi=0x3e000
  addr=0x10000
do_xmap  fdi=0xb6ffc3b4  ehdr=0xbeffea1c  xi=0xbeffea10(0x112f8 0xb6feb0ac)
  av=0xbefff4bc  page_mask=0x0  reloc=0x0  p_reloc=0xbeffe9e0/0x10000  f_unf=0xb6ffd10c
auxv_up  0xbefff4bc 0x3 0x10034
auxv_up  0xbefff4bc 0x5 0x6
auxv_up  0xbefff4bc 0x4 0x20
  phdr type=0x1  offset=0x0  vaddr=0x10000  paddr=0x10000  filesz=0x29dd4  memsz=0x29dd4  flags=0x5  align=0x10000
  addr=0x10000  mlen=0x29dd4  frag=0x0  prot=0x5
unpackExtent in=0xbeffea10(0x112f8 0xb6feb0ac)  out=0xbeffe990(0x29dd4 0x10000)  0xb6ffc3b4 0xb6ffd10c
xread 0xbeffea10(0x112f8 0xb6feb0ac) 0xbeffe928 0xc
xread 0xbeffea10(0x11279 0xb6feb12b) 0xbeffe928 0xc
make_hatch 0xbeffea70 0x0 0xef000000
auxv_up  0xbefff4bc 0x0 0x39dd4
  phdr type=0x1  offset=0x29fbc  vaddr=0x49fbc  paddr=0x49fbc  filesz=0x378  memsz=0x3d08  flags=0x6  align=0x10000
  addr=0x49000  mlen=0x1334  frag=0xfbc  prot=0x3
unpackExtent in=0xbeffea10(0x183 0xb6ffc221)  out=0xbeffe990(0x378 0x49fbc)  0xb6ffc3b4 0x0
xread 0xbeffea10(0x183 0xb6ffc221) 0xbeffe928 0xc
make_hatch 0xbeffea90 0x0 0xef000000
addr=0x4b000  haddr=0x4dcc4
upx_main2  entry=0x1086c  reloc=0x0
auxv_up  0xbefff4bc 0x9 0x1086c

Program received signal SIGTRAP, Trace/breakpoint trap.
0xb6ffd0f4 in ?? ()
(gdb) info proc
process 6438
cmdline = '/home/jreiser/github-issue221/foo'
cwd = '/home/jreiser/github-issue221'
exe = '/home/jreiser/github-issue221/foo'
(gdb) shell cat /proc/6438/maps
00010000-0003a000 r-xp 00000000 00:00 0 
0003a000-00049000 ---p 00000000 00:00 0 
00049000-0004e000 rwxp 00000000 00:00 0          [heap]
b6fea000-b6feb000 r-xp 00000000 b3:04 389709     /home/jreiser/github-issue221/foo
b6feb000-b6ffc000 rwxp 00000000 b3:04 389709     /home/jreiser/github-issue221/foo
b6ffc000-b6ffe000 r-xp 00011000 b3:04 389709     /home/jreiser/github-issue221/foo
b6ffe000-b6fff000 r-xp 00000000 00:00 0 
b6fff000-b7000000 r-xp 00000000 00:00 0          [sigpage]
befdf000-bf000000 rwxp 00000000 00:00 0          [stack]
ffff0000-ffff1000 r-xp 00000000 00:00 0          [vectors]

(gdb) x/80xw $sp     # look at the stack
0xbefff430:	0x00000001	0xbefff5a2	0x00000000	0xbefff55a
0xbefff440:	0xbefff5c4	0xbefffccd	0xbefffcfe	0xbefffd13
0xbefff450:	0xbefffd24	0xbefffd3b	0xbefffd56	0xbefffd6b
0xbefff460:	0xbefffd7c	0xbefffd89	0xbefffda1	0xbefffdc3
0xbefff470:	0xbefffdcc	0xbefffdff	0xbefffe12	0xbefffe32
0xbefff480:	0xbefffe4b	0xbefffe5e	0xbefffe6a	0xbefffe87
0xbefff490:	0xbefffe97	0xbefffeab	0xbefffebf	0xbefffeda
0xbefff4a0:	0xbefffee2	0xbefffef2	0xbeffff28	0xbeffff47
0xbefff4b0:	0xbeffffa9	0xbeffffb7	0x00000000	0x00000010
0xbefff4c0:	0x003fb0d6	0x00000006	0x00001000	0x00000011
0xbefff4d0:	0x00000064	0x00000003	0x00010034	0x00000004
0xbefff4e0:	0x00000020	0x00000005	0x00000006	0x00000007
0xbefff4f0:	0x00000000	0x00000008	0x00000000	0x00000009
0xbefff500:	0x0001086c	0x0000000b	0x000003e8	0x0000000c
0xbefff510:	0x000003e8	0x0000000d	0x000003e8	0x0000000e
0xbefff520:	0x000003e8	0x00000017	0x00000000	0x00000019
0xbefff530:	0xbefff58e	0x0000001a	0x00000010	0x0000001f
0xbefff540:	0xbeffffda	0x0000000f	0xbefff59e	0x00000000
0xbefff550:	0x00039dd4	0x00000000	0x20200019	0x682f3d20
0xbefff560:	0x2f656d6f	0x6965726a	0x2f726573	0x68746967

(gdb) x/i $pc
=> 0xb6ffd0f4:	udf	#16     # the breakpoint
(gdb) set $pc+=4     # step over the breakpoint
(gdb) x/i $pc
=> 0xb6ffd0f8:	ldr	pc, [r2, #-4]
(gdb) stepi
0x00039dd4 in ?? ()
(gdb) x/i $pc
=> 0x39dd4:	svc	0x00000000
```
Now do stepi 2, stepi 5, stepi 10, stepi 20, stepi 50, etc, using x/i $pc each time to see where we are, until gdb catches an exception.  Then run again, using binary search on the total count of stepi.

**Comment by lancethepants** [comment]
Will get back on this asap. My gdb itself throws exception, I need to compile an older version before they jumped to exclusive c++to make my life easier without having to search for patch or workaround.

**Comment by lancethepants** [comment]
Here are some different results I got.  Most of the time I couldn't run through all your commands before it would say illegal instruction,  Below are 3 outputs that occurred.

```
root@R7000:~# gdb foo
GNU gdb (GDB) 7.12.1
(gdb) run
Starting program: /mmc/foo
shell cat /proc/6438/maps
upx_main av=0xbec38cfc  szc=0x112f8  f_exp=0x400693b4  f_unf=0x4006a10c    xo=0xbec38260(0xf4 0xbec38274)  xi=0xbec38268(0x7f 0x400580ac)  elfaddr=0x10000
unpackExtent in=0xbec38268(0x7f 0x400580ac)  out=0xbec38260(0xf4 0xbec38274)  0x400693b4 0x0
xread 0xbec38268(0x7f 0x400580ac) 0xbec381f4 0xc

Program received signal SIGILL, Illegal instruction.
0x4006b064 in ?? ()
(gdb) info proc
process 30328
cmdline = '/mmc/foo'
cwd = '/mmc'
exe = '/mmc/foo'
(gdb) shell cat /proc/6438/maps
cat: /proc/6438/maps: No such file or directory
x/80xw $sp
x/i $pc
set $pc+=4
(gdb) x/80xw $sp
findvar.c:291: internal-error: value_of_register_lazy: Assertion `frame_id_p (get_frame_id (frame))' failed.
A problem internal to GDB has been detected,
further debugging may prove unreliable.
```

```
oot@R7000:~# gdb foo
GNU gdb (GDB) 7.12.1
(gdb) run
Starting program: /mmc/foo
shell cat /proc/6438/maps
upx_main av=0xbe994cfc  szc=0x112f8  f_exp=0x400cf3b4  f_unf=0x400d010c    xo=0xbe994260(0xf4 0xbe994274)  xi=0xbe994268(0x7f 0x400be0ac)  elfaddr=0x10000
unpackExtent in=0xbe994268(0x7f 0x400be0ac)  out=0xbe994260(0xf4 0xbe994274)  0x400cf3b4 0x0
xread 0xbe994268(0x7f 0x400be0ac) 0xbe9941f4 0xc
xfind_pages  0x0  0xb9d354a4  23874  0xbe9941f0

Program received signal SIGSEGV, Segmentation fault.
x/80xw $sp
x/i $pc
0x400d0904 in ?? ()
(gdb) info proc
process 30340
cmdline = '/mmc/foo'
cwd = '/mmc'
exe = '/mmc/foo'
(gdb) shell cat /proc/6438/maps
cat: /proc/6438/maps: No such file or directory
(gdb) x/80xw $sp
0xbe9941a4:     0xbe9941f0      0x04000400      0x04000400      0x04000400
0xbe9941b4:     0x04000400      0x04000400      0x04000400      0x04000400
0xbe9941c4:     0x400be0ac      0x0001086c      0x400d0fe4      0xbe994274
0xbe9941d4:     0xbe994200      0xbe994cfc      0x400d07d0      0x0000000e
0xbe9941e4:     0x000000f4      0xbe994274      0x400cf3b4      0x00000000
0xbe9941f4:     0xbe994238      0xbe994268      0x400cf3b4      0x0000007f
0xbe994204:     0x000112f8      0xbe994274      0x400d010c      0xbe994cfc
0xbe994214:     0x400d1044      0x400d010c      0xbe994260      0x000000f4
0xbe994224:     0xbe994274      0xbe994268      0x0000007f      0x400be0ac
0xbe994234:     0x00010000      0x00010000      0x000112f8      0x400cf3b4
0xbe994244:     0x400d010c      0x000000f4      0xbe994274      0x0000007f
0xbe994254:     0x400be0ac      0x00010000      0x400d0094      0x00000000
0xbe994264:     0xbe994368      0x00000000      0x400be12b      0x00010000
0xbe994274:     0x464c457f      0x00010101      0x00000000      0x00000000
0xbe994284:     0x00280002      0x00000001      0x0001086c      0x00000034
0xbe994294:     0x0002a46c      0x05000200      0x00200034      0x00280006
0xbe9942a4:     0x00110012      0x70000001      0x00029c48      0x00039c48
0xbe9942b4:     0x00039c48      0x00000188      0x00000188      0x00000004
0xbe9942c4:     0x00000004      0x00000001      0x00000000      0x00010000
0xbe9942d4:     0x00010000      0x00029dd4      0x00029dd4      0x00000005
(gdb) x/i $pc
=> 0x400d0904:  ldr     r3, [r1]
(gdb) set $pc+=4
(gdb) x/i $pc
=> 0x400d0908:  cmp     r3, #1
(gdb) stepi

Program terminated with signal SIGSEGV, Segmentation fault.
The program no longer exists.
```

```
root@R7000:~# gdb foo
GNU gdb (GDB) 7.12.1
(gdb) run
Starting program: /mmc/foo
upx_main av=0xbeb70cfc  szc=0x112f8  f_exp=0x400bc3b4  f_unf=0x400bd10c    xo=0xbeb70260(0xf4 0xbeb70274)  xi=0xbeb70268(0x7f 0x400ab0ac)  elfaddr=0x10000
unpackExtent in=0xbeb70268(0x7f 0x400ab0ac)  out=0xbeb70260(0xf4 0xbeb70274)  0x400bc3b4 0x0
xread 0xbeb70268(0x7f 0x400ab0ac) 0xbeb701f4 0xc
upx_main1  .e_entry=0x1086c  reloc=0x10000
xfind_pages  0x10  0xbeb702a8  6  0xbeb701f0
  addr=0x0  lo=0x10000  hi=0x3e000
  addr=0x10000
do_xmap  fdi=0x400bc3b4  ehdr=0xbeb70274  xi=0xbeb70268(0x112f8 0x400ab0ac)
  av=0xbeb70cfc  page_mask=0x0  reloc=0x0  p_reloc=0xbeb70238/0x10000  f_unf=0x400bd10c
auxv_up  0xbeb70cfc 0x3 0x10034
auxv_up  0xbeb70cfc 0x5 0x6
auxv_up  0xbeb70cfc 0x4 0x20
  phdr type=0x1  offset=0x0  vaddr=0x10000  paddr=0x10000  filesz=0x29dd4  memsz=0x29dd4  flags=0x5  align=0x10000
  addr=0x10000  mlen=0x29dd4  frag=0x0  prot=0x5
unpackExtent in=0xbeb70268(0x112f8 0x400ab0ac)  out=0xbeb701e8(0x29dd4 0x10000)  0x400bc3b4 0x400bd10c
xread 0xbeb70268(0x112f8 0x400ab0ac) 0xbeb70180 0xc
xread 0xbeb70268(0x11279 0x400ab12b) 0xbeb70180 0xc
shell cat /proc/6438/maps
x/80xw $sp
make_hatch 0xbeb702c8 0x0 0xef000000
auxv_up  0xbeb70cfc 0x0 0x39dd4
  phdr type=0x1  offset=0x29fbc  vaddr=0x49fbc  paddr=0x49fbc  filesz=0x378  memsz=0x3d08  flags=0x6  align=0x10000
  addr=0x49000  mlen=0x1334  frag=0xfbc  prot=0x3
unpackExtent in=0xbeb70268(0x183 0x400bc221)  out=0xbeb701e8(0x378 0x49fbc)  0x400bc3b4 0x0
xread 0xbeb70268(0x183 0x400bc221) 0xbeb70180 0xc
make_hatch 0xbeb702e8 0x0 0xef000000
addr=0x4b000  haddr=0x4dcc4
upx_main2  entry=0x1086c  reloc=0x0
auxv_up  0xbeb70cfc 0x9 0x1086c

Program received signal SIGTRAP, Trace/breakpoint trap.
x/i $pc
0x400bd0f4 in ?? ()
(gdb) info proc
process 30404
cmdline = '/mmc/foo'
cwd = '/mmc'
warning: unable to read link '/proc/30404/exe'
(gdb) shell cat /proc/6438/maps
cat: /proc/6438/maps: No such file or directory
(gdb) x/80xw $sp
0xbeb70c88:     0x00000001      0xbeb70db8      0x00000000      0xbeb70d93
0xbeb70c98:     0xbeb70dc1      0xbeb70df8      0xbeb70e07      0xbeb70e15
0xbeb70ca8:     0xbeb70e3a      0xbeb70e55      0xbeb70e64      0xbeb70e6f
0xbeb70cb8:     0xbeb70e7e      0xbeb70e87      0xbeb70e90      0xbeb70e9a
0xbeb70cc8:     0xbeb70ea7      0xbeb70ecc      0xbeb70edc      0xbeb70eef
0xbeb70cd8:     0xbeb70efb      0xbeb70f10      0xbeb70f24      0xbeb70f2f
0xbeb70ce8:     0xbeb70f37      0xbeb70f45      0xbeb70f62      0xbeb70f70
0xbeb70cf8:     0x00000000      0x00000010      0x00008097      0x00000006
0xbeb70d08:     0x00001000      0x00000011      0x00000064      0x00000003
0xbeb70d18:     0x00010034      0x00000004      0x00000020      0x00000005
0xbeb70d28:     0x00000006      0x00000007      0x00000000      0x00000008
0xbeb70d38:     0x00000000      0x00000009      0x0001086c      0x0000000b
0xbeb70d48:     0x00000000      0x0000000c      0x00000000      0x0000000d
0xbeb70d58:     0x00000000      0x0000000e      0x00000000      0x00000017
0xbeb70d68:     0x00000000      0x00000019      0xbeb70da4      0x0000001f
0xbeb70d78:     0xbeb70ff3      0x0000000f      0xbeb70db4      0x00000000
0xbeb70d88:     0x00039dd4      0xbeb70ff3      0x2000000f      0x2f3d2020
0xbeb70d98:     0x2f636d6d      0x006f6f66      0x00000000      0x3bb0adf3
0xbeb70da8:     0xffd585ec      0xc43f9391      0xe3910ad3      0x006c3776
0xbeb70db8:     0x636d6d2f      0x6f6f662f      0x48535300      0x4e4f435f
(gdb) x/i $pc
=> 0x400bd0f4:  udf     #16
(gdb) set $pc+=4
(gdb) x/i $pc
=> 0x400bd0f8:  ldr     pc, [r2, #-4]
(gdb) stepi
0x00039dd4 in ?? ()
(gdb) x/i $pc
=> 0x39dd4:     svc     0x00000000
(gdb) stepi 2
0x0001086c in ?? ()
(gdb) x/i $pc
=> 0x1086c:     mov     r11, #0
(gdb) stepi 5
0x00010880 in ?? ()
(gdb) x/i $pc
=> 0x10880:     push    {r0}            ; (str r0, [sp, #-4]!)
(gdb) stepi 10
0x000235b0 in ?? ()
(gdb) x/i $pc
=> 0x235b0:     str     r2, [sp, #4]
(gdb) stepi 20
0x00023600 in ?? ()
(gdb) x/i $pc
=> 0x23600:     ldr     r2, [r0, r2]
(gdb) stepi 50
0x00021094 in ?? ()
(gdb) x/i $pc
=> 0x21094:     sub     r2, r2, #8
(gdb) stepi 100
0x00023644 in ?? ()
(gdb) x/i $pc
=> 0x23644:     ldr     r3, [r4], #4
(gdb) stepi 200

Program received signal SIGILL, Illegal instruction.
0x00023658 in ?? ()
```

**Comment by jreiser** [comment]
There was a problem with the input to gdb.  In general it is surprisingly difficult to get the desired results when gdb takes input from a file or script; it is best to type it in (or copy+paste) only when gdb prompts.  [See the documentation of the -x parameter to gdb.]
The evidence or trouble is below.  I have marked three problem lines with '###':
```
(gdb) run
Starting program: /mmc/foo
shell cat /proc/6438/maps     ### this input to gdb is out-of-place in the trancript
upx_main av=0xbec38cfc  szc=0x112f8  f_exp=0x400693b4  f_unf=0x4006a10c    xo=0xbec38260(0xf4 0xbec38274)  xi=0xbec38268(0x7f 0x400580ac)  elfaddr=0x10000
unpackExtent in=0xbec38268(0x7f 0x400580ac)  out=0xbec38260(0xf4 0xbec38274)  0x400693b4 0x0
xread 0xbec38268(0x7f 0x400580ac) 0xbec381f4 0xc

Program received signal SIGILL, Illegal instruction.
0x4006b064 in ?? ()
(gdb) info proc
process 30328     ### notice this PID
cmdline = '/mmc/foo'
cwd = '/mmc'
exe = '/mmc/foo'
(gdb) shell cat /proc/6438/maps     ### the PID 6438 is not 30328 
cat: /proc/6438/maps: No such file or directory
```
Please re-run using input by-hand, not piped, not scripted.

**Comment by lancethepants** [comment]
That actually shows up whether hand input or piped. My guess is my kernel is too old? I'm stuck on an old kernel on this particular device. 2.6.36.4. Should have brought it up earlier, I can see that being possibly relevant to the issue at hand.

**Comment by jreiser** [comment]
Well, yes, kernel 2.6.36.4 is somewhat old.  The danger is that the strategy used by recent upx doesn't work there.
Please get the address space map when gdb catches SIGSEGV:
```
(gdb) info proc
(gdb) shell cat /proc/PID/maps   ### PID is the decimal process ID reported by "info proc"
```
That is the most important piece of information right now.

**Comment by lancethepants** [comment]
```root@R7000:~# gdb ./foo
GNU gdb (GDB) 7.12.1
(gdb) run
Starting program: /mmc/foo
upx_main av=0xbea3acfc  szc=0x112f8  f_exp=0x400d43b4  f_unf=0x400d510c    xo=0xbea3a260(0xf4 0xbea3a274)  xi=0xbea3a268(0x7f 0x400c30ac)  elfaddr=0x10000
unpackExtent in=0xbea3a268(0x7f 0x400c30ac)  out=0xbea3a260(0xf4 0xbea3a274)  0x400d43b4 0x0
xread 0xbea3a268(0x7f 0x400c30ac) 0xbea3a1f4 0xc
upx_main1  .e_entry=0x1086c  reloc=0x10000
xfind_pages  0x10  0xbea3a2a8  6  0xbea3a1f0
  addr=0x0  lo=0x10000  hi=0x3e000
  addr=0x10000
do_xmap  fdi=0x400d43b4  ehdr=0xbea3a274  xi=0xbea3a268(0x112f8 0x400c30ac)
  av=0xbea3acfc  page_mask=0x0  reloc=0x0  p_reloc=0xbea3a238/0x10000  f_unf=0x400d510c
auxv_up  0xbea3acfc 0x3 0x10034
auxv_up  0xbea3acfc 0x5 0x6
auxv_up  0xbea3acfc 0x4 0x20
  phdr type=0x1  offset=0x0  vaddr=0x10000  paddr=0x10000  filesz=0x29dd4  memsz=0x29dd4  flags=0x5  align=0x10000
  addr=0x10000  mlen=0x29dd4  frag=0x0  prot=0x5
unpackExtent in=0xbea3a268(0x112f8 0x400c30ac)  out=0xbea3a1e8(0x29dd4 0x10000)  0x400d43b4 0x400d510c
xread 0xbea3a268(0x112f8 0x400c30ac) 0xbea3a180 0xc
xread 0xbea3a268(0x11279 0x400c312b) 0xbea3a180 0xc
make_hatch 0xbea3a2c8 0x0 0xef000000
auxv_up  0xbea3acfc 0x0 0x39dd4
  phdr type=0x1  offset=0x29fbc  vaddr=0x49fbc  paddr=0x49fbc  filesz=0x378  memsz=0x3d08  flags=0x6  align=0x10000
  addr=0x49000  mlen=0x1334  frag=0xfbc  prot=0x3
unpackExtent in=0xbea3a268(0x183 0x400d4221)  out=0xbea3a1e8(0x378 0x49fbc)  0x400d43b4 0x0
xread 0xbea3a268(0x183 0x400d4221) 0xbea3a180 0xc
make_hatch 0xbea3a2e8 0x0 0xef000000
addr=0x4b000  haddr=0x4dcc4
upx_main2  entry=0x1086c  reloc=0x0
auxv_up  0xbea3acfc 0x9 0x1086c

Program received signal SIGTRAP, Trace/breakpoint trap.
0x400d50f4 in ?? ()
(gdb) info proc
process 13306
cmdline = '/mmc/foo'
cwd = '/mmc'
warning: unable to read link '/proc/13306/exe'
(gdb) shell cat /proc/13306/maps
00010000-0003a000 r-xp 00000000 00:00 0
0003a000-00049000 ---p 00000000 00:00 0
00049000-0004e000 rwxp 00000000 00:00 0          [heap]
400c3000-400d4000 rwxp 00000000 08:03 18         /mmc/foo
400d4000-400d6000 r-xp 00011000 08:03 18         /mmc/foo
400d6000-400d7000 r-xp 00000000 00:00 0
400ed000-400ee000 r-xp 00000000 08:03 18         /mmc/foo
bea1a000-bea3b000 rwxp 00000000 00:00 0          [stack]
(gdb) x/80xw $sp
0xbea3ac88:     0x00000001      0xbea3adb8      0x00000000      0xbea3ad93
0xbea3ac98:     0xbea3adc1      0xbea3adf8      0xbea3ae07      0xbea3ae15
0xbea3aca8:     0xbea3ae3a      0xbea3ae55      0xbea3ae64      0xbea3ae6f
0xbea3acb8:     0xbea3ae7e      0xbea3ae87      0xbea3ae90      0xbea3ae9a
0xbea3acc8:     0xbea3aea7      0xbea3aecc      0xbea3aedc      0xbea3aeef
0xbea3acd8:     0xbea3aefb      0xbea3af10      0xbea3af24      0xbea3af2f
0xbea3ace8:     0xbea3af37      0xbea3af45      0xbea3af62      0xbea3af70
0xbea3acf8:     0x00000000      0x00000010      0x00008097      0x00000006
0xbea3ad08:     0x00001000      0x00000011      0x00000064      0x00000003
0xbea3ad18:     0x00010034      0x00000004      0x00000020      0x00000005
0xbea3ad28:     0x00000006      0x00000007      0x00000000      0x00000008
0xbea3ad38:     0x00000000      0x00000009      0x0001086c      0x0000000b
0xbea3ad48:     0x00000000      0x0000000c      0x00000000      0x0000000d
0xbea3ad58:     0x00000000      0x0000000e      0x00000000      0x00000017
0xbea3ad68:     0x00000000      0x00000019      0xbea3ada4      0x0000001f
0xbea3ad78:     0xbea3aff3      0x0000000f      0xbea3adb4      0x00000000
0xbea3ad88:     0x00039dd4      0xbea3aff3      0x2000000f      0x2f3d2020
0xbea3ad98:     0x2f636d6d      0x006f6f66      0x00000000      0xa4c6d087
0xbea3ada8:     0x73ff9a84      0x632e264e      0x490e82ae      0x006c3776
0xbea3adb8:     0x636d6d2f      0x6f6f662f      0x48535300      0x4e4f435f
(gdb) x/i $pc
=> 0x400d50f4:  udf     #16
(gdb) set $pc+=4
(gdb) x/i $pc
=> 0x400d50f8:  ldr     pc, [r2, #-4]
(gdb) stepi
0x00039dd4 in ?? ()
(gdb) x/i $pc
=> 0x39dd4:     svc     0x00000000
(gdb) stepi 2
0x0001086c in ?? ()
(gdb) x/i $pc
=> 0x1086c:     mov     r11, #0
(gdb) stepi 5

Program received signal SIGILL, Illegal instruction.
0x00010878 in ?? ()
```

**Comment by lancethepants** [comment]
A couple various results in the runs.

```
root@R7000:~# gdb ./foo2
GNU gdb (GDB) 7.12.1
Reading symbols from ./foo2...(no debugging symbols found)...done.
(gdb) run
Starting program: /mmc/foo2

Program received signal SIGILL, Illegal instruction.
0x400d0180 in ?? ()
(gdb) info proc
process 2998
cmdline = '/mmc/foo2'
cwd = '/mmc'
exe = '/mmc/foo2'
(gdb) shell cat /proc/2998/maps
00010000-00027000 r-xp 00000000 08:03 20         /mmc/foo2
00030000-0004e000 rwxp 00000000 00:00 0          [heap]
400b9000-400ce000 rwxp 00000000 08:03 20         /mmc/foo2
400ce000-400d0000 r-xp 00015000 08:03 20         /mmc/foo2
400d0000-400d1000 r-xp 00000000 00:00 0
bebfb000-bec1c000 rwxp 00000000 00:00 0          [stack]
(gdb) x/80xw $sp
0xbec1b260:     0x000000f4      0xbec1b274      0x0000008b      0x400b90ac
0xbec1b270:     0x00010000      0x00000000      0x00000000      0x00000000
0xbec1b280:     0x00000000      0x00000000      0x00000000      0x00000000
0xbec1b290:     0x00000000      0x00000000      0x00000000      0x00000000
0xbec1b2a0:     0x00000000      0x00000000      0x00000000      0x00000000
0xbec1b2b0:     0x00000000      0x00000000      0x00000000      0x00000000
0xbec1b2c0:     0x00000000      0x00000000      0x00000000      0x00000000
0xbec1b2d0:     0x00000000      0x00000000      0x00000000      0x00000000
0xbec1b2e0:     0x00000000      0x00000000      0x00000000      0x00000000
0xbec1b2f0:     0x00000000      0x00000000      0x00000000      0x00000000
0xbec1b300:     0x00000000      0x00000000      0x00000000      0x00000000
0xbec1b310:     0x00000000      0x00000000      0x00000000      0x00000000
0xbec1b320:     0x00000000      0x00000000      0x00000000      0x00000000
0xbec1b330:     0x00000000      0x00000000      0x00000000      0x00000000
0xbec1b340:     0x00000000      0x00000000      0x00000000      0x00000000
0xbec1b350:     0x00000000      0x00000000      0x00000000      0x00000000
0xbec1b360:     0x00000000      0x00000000      0x00000000      0x00000000
0xbec1b370:     0x00000000      0x00000000      0x00000000      0x00000000
0xbec1b380:     0x00000000      0x00000000      0x00000000      0x00000000
0xbec1b390:     0x00000000      0x00000000      0x00000000      0x00000000
(gdb) x/i $pc
=> 0x400d0180:  ldmdbvc r2!, {r1, r2, r3, r5, r6, r10, r12, sp, lr}^
(gdb) set $pc+=4
(gdb) x/i $pc
=> 0x400d0184:  rsbscs  r2, r0, sp, lsr r5
(gdb) stepi

Program terminated with signal SIGILL, Illegal instruction.
The program no longer exists.
(gdb)
```

```
root@R7000:~# gdb ./foo2
GNU gdb (GDB) 7.12.1
Reading symbols from ./foo2...(no debugging symbols found)...done.
(gdb) run
Starting program: /mmc/foo2

Program received signal SIGSEGV, Segmentation fault.
0x40062084 in ?? ()
(gdb) info proc
process 3055
cmdline = '/mmc/foo2'
cwd = '/mmc'
exe = '/mmc/foo2'
(gdb) shell cat /proc/3055/maps
00010000-00027000 r-xp 00000000 08:03 20         /mmc/foo2
00030000-0004e000 rwxp 00000000 00:00 0          [heap]
4004b000-40060000 rwxp 00000000 08:03 20         /mmc/foo2
40060000-40062000 r-xp 00015000 08:03 20         /mmc/foo2
40062000-40063000 r-xp 00000000 00:00 0
bee96000-beeb7000 rwxp 00000000 00:00 0          [stack]
(gdb) x/80xw $sp
0xbeeb6260:     0x000000f4      0xbeeb6274      0x0000008b      0x4004b0ac
0xbeeb6270:     0x00010000      0x00000000      0x00000000      0x00000000
0xbeeb6280:     0x00000000      0x00000000      0x00000000      0x00000000
0xbeeb6290:     0x00000000      0x00000000      0x00000000      0x00000000
0xbeeb62a0:     0x00000000      0x00000000      0x00000000      0x00000000
0xbeeb62b0:     0x00000000      0x00000000      0x00000000      0x00000000
0xbeeb62c0:     0x00000000      0x00000000      0x00000000      0x00000000
0xbeeb62d0:     0x00000000      0x00000000      0x00000000      0x00000000
0xbeeb62e0:     0x00000000      0x00000000      0x00000000      0x00000000
0xbeeb62f0:     0x00000000      0x00000000      0x00000000      0x00000000
0xbeeb6300:     0x00000000      0x00000000      0x00000000      0x00000000
0xbeeb6310:     0x00000000      0x00000000      0x00000000      0x00000000
0xbeeb6320:     0x00000000      0x00000000      0x00000000      0x00000000
0xbeeb6330:     0x00000000      0x00000000      0x00000000      0x00000000
0xbeeb6340:     0x00000000      0x00000000      0x00000000      0x00000000
0xbeeb6350:     0x00000000      0x00000000      0x00000000      0x00000000
0xbeeb6360:     0x00000000      0x00000000      0x00000000      0x00000000
0xbeeb6370:     0x00000000      0x00000000      0x00000000      0x00000000
0xbeeb6380:     0x00000000      0x00000000      0x00000000      0x00000000
0xbeeb6390:     0x00000000      0x00000000      0x00000000      0x00000000
(gdb) x/i $pc
=> 0x40062084:  stmdavc r5!, {r1, r2, r5, r6, r8, r9, r10, r11, r12, lr}^
(gdb) set $pc+=4
(gdb) x/i $pc
=> 0x40062088:  eorvc   r3, r5, r0, ror sp
(gdb) stepi

Program terminated with signal SIGSEGV, Segmentation fault.
The program no longer exists.
```

**Comment by jreiser** [comment]
Another option might be run the kernel-2.6.36.4 under qemu-system-arm.  Can you upload that file?

**Comment by jreiser** [comment]
Please upload ("Attach files by...")  something that contains the kernel-2.6.36.4 so that qemu-system-arm can run it.  I have no other means to observe the failing case.

**Comment by jbaker6953** [comment]
Will a firmware image work? That's all I have.

**Comment by jreiser** [comment]
Perhaps the firmware image will work; please upload.  Compress with zip, gzip, or .tgz so that github will accept the file.

**Comment by jbaker6953** [comment]
It only accepts files smaller than 10MB. You can download the firmware from https://sourceforge.net/projects/asuswrt-merlin/files/RT-AC88U/Release/RT-AC88U_384.13_0.zip/download

**Comment by lancethepants** [comment]
Here is the zipped kernel.

[vmlinux.zip](https://github.com/upx/upx/files/3785344/vmlinux.zip)

**Comment by lancethepants** [comment]
New version 3.96 seems to be working for me now on ARM platform, so I will close this issue. Mipsel on the other now hangs, but I will open a new issue.

**Comment by jbaker6953** [comment]
UPX 3.96 compressed ARM binaries still segfault for me if I use --best. -9 works.

**Comment by jreiser** [comment]
@jbaker6953 Are you running user-mode ELF files (ET_EXEC, ET_DYN) or bootable Linux operating system kernels?

**Comment by jbaker6953** [comment]
I don't know yet. The firmware hides the kernel away on a MTD partition outside the root filesystem. I'm still working on how to access it.

I am attaching the compressed binary that segfaults on start.
[dnscrypt-proxy.gz](https://github.com/upx/upx/files/4178179/dnscrypt-proxy.gz)

**Comment by lancethepants** [comment]
I had tested by compressing a upx binary with upx, and the result worked. Now trying a hello-world.c program, the compressed result does not work, so I jumped the gun a bit on closing this issue. I've uploaded a sample binary that segfaults for me.
[hello.zip](https://github.com/upx/upx/files/4256289/hello.zip)

**Comment by jbaker6953** [comment]
Confirming still an issue with -9 compression with UPX 3.96. -8 appears to run OK.

**Comment by lancethepants** [comment]
Last I tried compiling HEAD it seemed to work so will close for now.
