### ISSUE TITLE
upx compressed binary segfaults on older linux kernel 3.8.11

### ISSUE THREAD

**Issue by satmandu** [upx/upx#540]
## What's the problem (or question)?
Binary compressed by `upx --lzma` segfaults on linux/i686 system.
uname -a gives `Linux localhost 3.8.11 #1 SMP Wed May 17 17:49:46 PDT 2017 i686 Intel(R) Atom(TM) CPU N570 @ 1.66GHz GenuineIntel GNU/Linux`

The binary works fine when run on a system with a newer kernel.
Original binary works fine on target system:
[xrdb.orig.zip](https://github.com/upx/upx/files/7643315/xrdb.orig.zip)
When compressed segfaults on target system, but not on another system with a newer kernel:
[xrdb.upx.zip](https://github.com/upx/upx/files/7643316/xrdb.upx.zip)

(As these are EOL machines we are supporting, I really want to use upx with them, but unfortunately can not easily upgrade the kernel on these devices for users.)

## What should have happened?
Not segfault? 😅

## How can we reproduce the issue?

1. This issue is only on a i686 Chromebook device, so a little hard to troubleshoot without the hardware. (The issue doesn't arise in a container containing the Chromebook's Filesystem, but running apps on a newer kernel.)

In container:
```
./xrdb.upx -help
usage:  xrdb [-options ...] [filename]

where options include:
 -help               print this help message
 -version            print the program version
 -display host:dpy   display to use
 -all                do all resources [default]
 -global             do screen-independent resources
 -screen             do screen-specific resources for one screen
 -screens            do screen-specific resources for all screens
 -n                  show but don't do changes
 -cpp filename       preprocessor to use [/usr/local/bin/cpp]
 -nocpp              do not use a preprocessor
 -E                  show preprocessor command & processed input file
 -query              query resources
 -get name           get the content of a resource
 -load               load resources from file [default]
 -override           add in resources from file
 -merge              merge resources from file & sort
 -edit filename      edit resources into file
 -backup string      backup suffix for -edit [.bak]
 -symbols            show preprocessor symbols
 -remove             remove resources
 -retain             avoid server reset (avoid using this)
 -quiet              don't warn about duplicates
 -Dname[=value], -Uname, -Idirectory    passed to preprocessor

A - or no input filename represents stdin.
```
on the actual hardware:
```
./xrdb.upx -help
Segmentation fault (core dumped)
```

## Please tell us details about your environment.

* UPX version used (`upx --version`):
```
upx --version
upx 4.0.0-git-8a828474ca68+
UCL data compression library 1.03
zlib data compression library 1.2.11
LZMA SDK version 4.43
Copyright (C) 1996-2021 Markus Franz Xaver Johannes Oberhumer
Copyright (C) 1996-2021 Laszlo Molnar
Copyright (C) 2000-2021 John F. Reiser
Copyright (C) 2002-2021 Jens Medoch
Copyright (C) 1995-2017 Jean-loup Gailly and Mark Adler
Copyright (C) 1999-2006 Igor Pavlov
UPX comes with ABSOLUTELY NO WARRANTY; for details type 'upx -L'.
```
* Host Operating System and version:
ChromeOS M58
* Host CPU architecture:
`i686`
* Target Operating System and version:
ChromeOS M58
* Target CPU architecture:
`i686`
* uname -a: `Linux localhost 3.8.11 #1 SMP Wed May 17 17:49:46 PDT 2017 i686 Intel(R) Atom(TM) CPU N570 @ 1.66GHz GenuineIntel GNU/Linux`

**Comment by jreiser** [comment]
@satmandu Please give the URL of an image that qemu will run that uses this linux kernel and system libraries such as /lib/libc.so.6, /lib/ld-linux*.so.*, etc. Also, run these diagnostics:
```
$ strace ./failing_compressed_program <arguments>
$ gdb ./failing_compressed_program
(gdb) run <arguments>
SIGSEGV
(gdb) x/i $pc  # faulting instruction
(gdb) info reg  # register contents
(gdb) x/12i $pc-0x20  # likely surrounding instruction stream
(gdb) info proc  # get PID process id
(gdb) shell cat /proc/PID/maps  # show memory mappings
(gdb) quit

**Comment by satmandu** [comment]
I figured that's where we were headed... 

I'm working on building a qemu image for that right now. (Not just for this... but it will take some time to get working, as this is based upon a machine which hasn't been updated in several years.)

Here is the requested debug output:

```
chronos@localhost /usr/local/tmp $ strace ./xrdb.upx -help
execve("./xrdb.upx", ["./xrdb.upx", "-help"], 0x7fb02884 /* 54 vars */) = 0
open("/proc/self/exe", O_RDONLY)        = 3
mmap(NULL, 1863, PROT_READ|PROT_WRITE, MAP_PRIVATE|MAP_ANONYMOUS, -1, 0) = 0x7775a000
--- SIGSEGV {si_signo=SIGSEGV, si_code=SI_KERNEL, si_addr=NULL} ---
+++ killed by SIGSEGV (core dumped) +++
Segmentation fault (core dumped)
chronos@localhost /usr/local/tmp $ gdb ./xrdb.upx
GNU gdb (Chromebrew) 11.1
Copyright (C) 2021 Free Software Foundation, Inc.
License GPLv3+: GNU GPL version 3 or later <http://gnu.org/licenses/gpl.html>
This is free software: you are free to change and redistribute it.
There is NO WARRANTY, to the extent permitted by law.
Type "show copying" and "show warranty" for details.
This GDB was configured as "i686-cros-linux-gnu".
Type "show configuration" for configuration details.
For bug reporting instructions, please see:
<https://www.gnu.org/software/gdb/bugs/>.
Find the GDB manual and other documentation resources online at:
    <http://www.gnu.org/software/gdb/documentation/>.

For help, type "help".
Type "apropos word" to search for commands related to "word"...
Reading symbols from ./xrdb.upx...
(No debugging symbols found in ./xrdb.upx)
(gdb) run -help
Starting program: /usr/local/tmp/xrdb.upx -help

Program received signal SIGSEGV, Segmentation fault.
0x555618db in ?? ()
(gdb) x/i $pc
=> 0x555618db:	hlt
(gdb) info reg
eax            0x77ffe000          2013257728
ecx            0x0                 0
edx            0x747               1863
ebx            0x7fffef00          2147479296
esp            0x7fffeefc          0x7fffeefc
ebp            0x55560c36          0x55560c36
esi            0x555618e9          1431705833
edi            0x5555e000          1431691264
eip            0x555618db          0x555618db
eflags         0x10207             [ CF PF IF RF ]
cs             0x73                115
ss             0x7b                123
ds             0x7b                123
es             0x7b                123
fs             0x0                 0
gs             0x0                 0
(gdb) x/12i $pc-0x20
   0x555618bb:	orb    $0x8b,-0x7fe0fba(%ebx)
   0x555618c2:	(bad)
   0x555618c3:	idiv   %bh
   0x555618c5:	(bad)
   0x555618c6:	lcall  *0x52(%edx)
   0x555618c9:	jmp    *%edx
   0x555618cb:	lea    0x4(%esp),%ebx
   0x555618cf:	push   $0x5a
   0x555618d1:	pop    %eax
   0x555618d2:	int    $0x80
   0x555618d4:	cmp    $0xfffff000,%eax
   0x555618d9:	jl     0x555618dc
(gdb) info proc
process 10304
cmdline = '/usr/local/tmp/xrdb.upx -help'
cwd = '/usr/local/tmp'
exe = '/usr/local/tmp/xrdb.upx'
(gdb) shell cat /proc/PID/maps
cat: /proc/PID/maps: No such file or directory
(gdb) quit
A debugging session is active.

	Inferior 1 [process 10304] will be killed.

Quit anyway? (y or n) y
chronos@localhost /usr/local/tmp $ exit
```

**Comment by jreiser** [comment]
Sorry, I did not explain enough about `shell cat /proc/PID/maps`.  Substitute the process number of the failing process for `PID`.  In the printout, see `process 10304`.  So the input to gdb for that case would be `shell cat /proc/10304/maps`.

**Comment by satmandu** [comment]
🤦🏽
```
chronos@localhost /usr/local/tmp $ gdb ./xrdb.upx
GNU gdb (Chromebrew) 11.1
Copyright (C) 2021 Free Software Foundation, Inc.
License GPLv3+: GNU GPL version 3 or later <http://gnu.org/licenses/gpl.html>
This is free software: you are free to change and redistribute it.
There is NO WARRANTY, to the extent permitted by law.
Type "show copying" and "show warranty" for details.
This GDB was configured as "i686-cros-linux-gnu".
Type "show configuration" for configuration details.
For bug reporting instructions, please see:
<https://www.gnu.org/software/gdb/bugs/>.
Find the GDB manual and other documentation resources online at:
    <http://www.gnu.org/software/gdb/documentation/>.

For help, type "help".
Type "apropos word" to search for commands related to "word"...
Reading symbols from ./xrdb.upx...
(No debugging symbols found in ./xrdb.upx)
(gdb) run -help
Starting program: /usr/local/tmp/xrdb.upx -help

Program received signal SIGSEGV, Segmentation fault.
0x555618db in ?? ()
(gdb) x/i $pc
=> 0x555618db:	hlt
(gdb) info reg
eax            0x77ffe000          2013257728
ecx            0x0                 0
edx            0x747               1863
ebx            0x7fffef00          2147479296
esp            0x7fffeefc          0x7fffeefc
ebp            0x55560c36          0x55560c36
esi            0x555618e9          1431705833
edi            0x5555e000          1431691264
eip            0x555618db          0x555618db
eflags         0x10207             [ CF PF IF RF ]
cs             0x73                115
ss             0x7b                123
ds             0x7b                123
es             0x7b                123
fs             0x0                 0
gs             0x0                 0
(gdb) x/12i $pc-0x20
   0x555618bb:	orb    $0x8b,-0x7fe0fba(%ebx)
   0x555618c2:	(bad)
   0x555618c3:	idiv   %bh
   0x555618c5:	(bad)
   0x555618c6:	lcall  *0x52(%edx)
   0x555618c9:	jmp    *%edx
   0x555618cb:	lea    0x4(%esp),%ebx
   0x555618cf:	push   $0x5a
   0x555618d1:	pop    %eax
   0x555618d2:	int    $0x80
   0x555618d4:	cmp    $0xfffff000,%eax
   0x555618d9:	jl     0x555618dc
(gdb) info proc
process 13957
cmdline = '/usr/local/tmp/xrdb.upx -help'
cwd = '/usr/local/tmp'
exe = '/usr/local/tmp/xrdb.upx'
(gdb) shell cat /proc/13957/maps
55555000-55556000 rw-p 00000000 08:01 420731     /usr/local/tmp/xrdb.upx
55556000-5555e000 rw-p 00000000 00:00 0
5555e000-55562000 r-xp 00000000 08:01 420731     /usr/local/tmp/xrdb.upx
77ffe000-77fff000 rw-p 00000000 00:00 0
77fff000-78000000 r-xp 00000000 00:00 0          [vdso]
7ffdf000-80000000 rw-p 00000000 00:00 0          [stack]
(gdb) quit
A debugging session is active.

	Inferior 1 [process 13957] will be killed.

Quit anyway? (y or n) y
```

**Comment by satmandu** [comment]
(I'm still working on generating a qemu image with this kernel... it's... difficult.)

**Comment by jreiser** [comment]
Tip of `devel` branch contains a change which should fix this.  Please test.

**Comment by satmandu** [comment]
Thanks! That solved the issue.
```
chronos@localhost /usr/local/tmp $ ./xrdb.orig -help
usage:  ./xrdb.orig [-options ...] [filename]

where options include:
 -help               print this help message
 -version            print the program version
 -display host:dpy   display to use
 -all                do all resources [default]
 -global             do screen-independent resources
 -screen             do screen-specific resources for one screen
 -screens            do screen-specific resources for all screens
 -n                  show but don't do changes
 -cpp filename       preprocessor to use [/usr/local/bin/cpp]
 -nocpp              do not use a preprocessor
 -E                  show preprocessor command & processed input file
 -query              query resources
 -get name           get the content of a resource
 -load               load resources from file [default]
 -override           add in resources from file
 -merge              merge resources from file & sort
 -edit filename      edit resources into file
 -backup string      backup suffix for -edit [.bak]
 -symbols            show preprocessor symbols
 -remove             remove resources
 -retain             avoid server reset (avoid using this)
 -quiet              don't warn about duplicates
 -Dname[=value], -Uname, -Idirectory    passed to preprocessor

A - or no input filename represents stdin.
chronos@localhost /usr/local/tmp $ upx --lzma xrdb.upx
                       Ultimate Packer for eXecutables
                          Copyright (C) 1996 - 2021
UPX 4.0.0       Markus Oberhumer, Laszlo Molnar & John Reiser    Jan 1st 2021

        File size         Ratio      Format      Name
   --------------------   ------   -----------   -----------
     87480 ->     40380   46.16%   linux/i386    xrdb.upx

Packed 1 file.
chronos@localhost /usr/local/tmp $ ./xrdb.upx -help
usage:  ./xrdb.upx [-options ...] [filename]

where options include:
 -help               print this help message
 -version            print the program version
 -display host:dpy   display to use
 -all                do all resources [default]
 -global             do screen-independent resources
 -screen             do screen-specific resources for one screen
 -screens            do screen-specific resources for all screens
 -n                  show but don't do changes
 -cpp filename       preprocessor to use [/usr/local/bin/cpp]
 -nocpp              do not use a preprocessor
 -E                  show preprocessor command & processed input file
 -query              query resources
 -get name           get the content of a resource
 -load               load resources from file [default]
 -override           add in resources from file
 -merge              merge resources from file & sort
 -edit filename      edit resources into file
 -backup string      backup suffix for -edit [.bak]
 -symbols            show preprocessor symbols
 -remove             remove resources
 -retain             avoid server reset (avoid using this)
 -quiet              don't warn about duplicates
 -Dname[=value], -Uname, -Idirectory    passed to preprocessor

A - or no input filename represents stdin.
```
