### ISSUE TITLE
lzma doesn't work on linux/arm and linux/ppc + something is wrong with the displayed file size

### ISSUE THREAD

**Issue by pwallner** [upx/upx#60]
## What's the problem (or question)?
Compiled UPX from source, compressed program doesn't work anymore (>3.91)

## What should have happened?
programm should work like compressed programms with my patched version 3.91 with latest lzma SDK

## Do you have an idea for a solution?
Compiled upx 3.91 from source on the same way with latest lzma SDK, result is working program

```
upx --lzma -3 XXXX
                       Ultimate Packer for eXecutables
                          Copyright (C) 1996 - 2013
UPX 3.91        Markus Oberhumer, Laszlo Molnar & John Reiser   Sep 30th 2013

        File size         Ratio      Format      Name
   --------------------   ------   -----------   -----------
   1712348 ->    507536   29.64%   linux/armel   XXXX

Packed 1 file.
root@dm900:/media/usb/building/upx# upx -d XXXX
                       Ultimate Packer for eXecutables
                          Copyright (C) 1996 - 2013
UPX 3.91        Markus Oberhumer, Laszlo Molnar & John Reiser   Sep 30th 2013

        File size         Ratio      Format      Name
   --------------------   ------   -----------   -----------
   1715372 <-    507536   29.59%   linux/armel   XXXX
```

As you can see, the file size (1712348) is correct during compression, with decompression the file size isn't correct (it shows 1715372, but in fact it is 1712348). But it works. You can see "linux/armel"

With UPX 3.92 (and 3.93):
```
root@dm900:/media/usb/building/upx# ./upx --lzma -3 XXXX
                       Ultimate Packer for eXecutables
                          Copyright (C) 1996 - 2017
UPX 3.93        Markus Oberhumer, Laszlo Molnar & John Reiser   Jan 29th 2017

        File size         Ratio      Format      Name
   --------------------   ------   -----------   -----------
   1712348 ->    507608   29.64%    linux/arm    XXXX

Packed 1 file.
root@dm900:/media/usb/building/upx# ./upx -d XXXX
                       Ultimate Packer for eXecutables
                          Copyright (C) 1996 - 2017
UPX 3.93        Markus Oberhumer, Laszlo Molnar & John Reiser   Jan 29th 2017

        File size         Ratio      Format      Name
   --------------------   ------   -----------   -----------
   1715372 <-    507608   29.59%    linux/arm    XXXX

Unpacked 1 file.
```
Differences with 3.92/3.93 to version 3.91:
1. compression is not the same (507536 vs. 507608)
2. "linux/arm" is shown instead of "linux/armel"
3. the same error like in 3.91: decompressed 1715372 (but in fact it is 1712348)
3. I get an error when if I compress the small programm "date" with 3.92/3.93:
`Bus error (core dumped)`

## How can we reproduce the issue?
see steps above

## Please tell us details about your environment.
* UPX version used (`upx --version`): 3.93 (UCL data compr. lib 1.03, zlib data compr. lib 1.2.8, LZMA SDK version 4.43)
* Operating System and version: DreamOS 2.5, 4.3.0r26-2017-01-10
* CPU architecture: Dual-Core 12K DMIPS (armv7l)

**Comment by pwallner** [comment]
I tried to compress upx 3.93 with upx 3.91:

works without lzma option, with lzma option I get this error:
`Segmentation fault (core dumped)`

**Comment by markus-oberhumer** [comment]
I think this are two issues:

- lzma doesn't work on linux/arm and linux/ppc

- something is wrong with the displayed file size

FYI, linux/arm is the new name for linux/armel, and the decompression stub has grown by a few bytes

**Comment by jreiser** [comment]
@pwaliner  Please clarify which compressed program gets the SIGSEGV, and the environment in which it was running.  I'm confused because the first Comment mentions "work in putty" but names the file "XXXX". 

Also, what is the smallest program which fails?  Does /bin/date work when compresed?

**Comment by pwallner** [comment]
upx ist the program which gets the SIGSEGV (upx compressed with upx...), the environment ist my dreambox DM900 (armv7l). Please forget the comment "work in putty", because the programms compressed with lzma don't work on the DM900...

compressed /bin/date:
`./upx --lzma -3 date
./date --help
Bus error (core dumped)
`
maybe we should update the lzma-sdk to the latest version? I cannot find a newer version for upx...

**Comment by jreiser** [comment]
linux/arm works for me.  The released [https://github.com/upx/upx/releases] upx-3.93-amd64_linux.tar.xz works for me on /bin/date from my raspberry pi ARM linux.
```
## execute on amd64 machine
$ upx-3.93-amd64_linux/upx --lzma -3 -o date-linux-arm.upx393-lzma-3  date-linux-arm
                       Ultimate Packer for eXecutables
                          Copyright (C) 1996 - 2017
UPX 3.93        Markus Oberhumer, Laszlo Molnar & John Reiser   Jan 29th 2017

        File size         Ratio      Format      Name
   --------------------   ------   -----------   -----------
     54980 ->     27576   50.16%    linux/arm    date-linux-arm.upx393-lzma-3  

## execute on raspberry pi machine
$ strace -o strace.out ./date-linux-arm.upx393-lzma-3 date-linux-arm --help  |  wc -l
     95   ## lines of output from "date --help"
$ cat strace.out   ## showing system calls by the upx stub
execve("./date-linux-arm.upx393-lzma-3", ["./date-linux-arm.upx393-lzma-3"], [/* 27 vars */]) = 0
mmap2(0x28000, 29072, PROT_READ|PROT_WRITE|PROT_EXEC, MAP_PRIVATE|MAP_FIXED|MAP_ANONYMOUS, -1, 0) = 0x28000
cacheflush(0x2d844, 0x2e240, 0, 0xea000000, 0x20000) = 0
cacheflush(0x2e244, 0x2ec70, 0, 0, 0x20000) = 0
readlink("/proc/self/exe", "/home/pi/date-linux-arm.upx393-lzma-3"..., 4095) = 37
open("/proc/self/exe", O_RDONLY)        = 3
mmap2(0x7ed70000, 4096, PROT_READ, MAP_PRIVATE|MAP_FIXED, 3, 0) = 0x7ed70000
close(3)                                = 0
cacheflush(0x7ed6f4d0, 0x7ed6f624, 0, 0, 0x7ed6f4b8) = 0
mmap2(0x8000, 51636, PROT_READ|PROT_WRITE|PROT_EXEC, MAP_PRIVATE|MAP_FIXED|MAP_ANONYMOUS, -1, 0) = 0x8000
cacheflush(0x8000, 0x8154, 0, 0, 0x7ed6f464) = 0
cacheflush(0x8154, 0x149b4, 0, 0, 0x7ed6f464) = 0
cacheflush(0x149b4, 0x149bc, 0, 0xe1a0f00e, 0x149b4) = 0
mprotect(0x8000, 51636, PROT_READ|PROT_EXEC) = 0
mmap2(0x1c000, 4420, PROT_READ|PROT_WRITE, MAP_PRIVATE|MAP_FIXED|MAP_ANONYMOUS, -1, 0) = 0x1c000
cacheflush(0x1ceec, 0x1d144, 0, 0, 0x7ed6f464) = 0
mprotect(0x1c000, 4420, PROT_READ|PROT_WRITE) = 0
brk(0x1e000)                            = 0xd69000
open("/lib/ld-linux-armhf.so.3", O_RDONLY) = 3
read(3, "\177ELF\1\1\1\0\0\0\0\0\0\0\0\0\3\0(\0\1\0\0\0\360\16\0\0004\0\0\0"..., 512) = 512
mmap2(NULL, 159744, PROT_NONE, MAP_PRIVATE|MAP_ANONYMOUS, -1, 0) = 0x76f05000
mmap2(0x76f05000, 118276, PROT_READ|PROT_EXEC, MAP_PRIVATE|MAP_FIXED, 3, 0) = 0x76f05000
mmap2(0x76f2a000, 6260, PROT_READ|PROT_WRITE, MAP_PRIVATE|MAP_FIXED, 3, 0x1d) = 0x76f2a000
close(3)                                = 0
munmap(0x28000, 29072)                  = 0
   ## upx stub is finished; /ld-linux-armhf starts
brk(0)                                  = 0xd69000
uname({sys="Linux", node="raspberrypi", ...}) = 0
   [[snip]]
```

Attached is the compressed file, zipped. [date-linux-arm.upx393-lzma-3.zip](https://github.com/upx/upx/files/752230/date-linux-arm.upx393-lzma-3.zip)

Please run strace on your box, and compare.

**Comment by pwallner** [comment]
Hi,

# here my result with upx 3.92 (didn't recompiled 3.93 because the same error):
```
root@dm900:/media/usb/building/upx# ./upx.392 --version
upx 3.92
UCL data compression library 1.03
zlib data compression library 1.2.8
LZMA SDK version 4.43
Copyright (C) 1996-2016 Markus Franz Xaver Johannes Oberhumer
Copyright (C) 1996-2016 Laszlo Molnar
Copyright (C) 2000-2016 John F. Reiser
Copyright (C) 2002-2016 Jens Medoch
Copyright (C) 1995-2005 Jean-loup Gailly and Mark Adler
Copyright (C) 1999-2006 Igor Pavlov
UPX comes with ABSOLUTELY NO WARRANTY; for details type 'upx.392 -L'.
root@dm900:/media/usb/building/upx# ./upx.392 --lzma -3 -o date-lzma-3 date
                       Ultimate Packer for eXecutables
                          Copyright (C) 1996 - 2016
UPX 3.92        Markus Oberhumer, Laszlo Molnar & John Reiser   Dec 11th 2016

        File size         Ratio      Format      Name
   --------------------   ------   -----------   -----------
     61264 ->     30376   49.58%    linux/arm    date-lzma-3

Packed 1 file.
root@dm900:/media/usb/building/upx# strace -o strace.out ./date-lzma-3 --help | wc -l
0
```
## and here the scrace.out:
```
execve("./date-lzma", ["./date-lzma", "--help"], [/* 15 vars */]) = 0
mmap2(0x40000, 31872, PROT_READ|PROT_WRITE|PROT_EXEC, MAP_PRIVATE|MAP_FIXED|MAP_ANONYMOUS, -1, 0) = 0x40000
cacheflush(0x46334, 0x46d40, 0, 0xe3a0201e, 0x30000) = 0
cacheflush(0x46d44, 0x47770, 0, 0, 0x30000) = 0
readlink("/proc/self/exe", "/media/usb/building/upx/date-lzm"..., 4095) = 33
open("/proc/self/exe", O_RDONLY)        = 3
mmap2(0xbefcc000, 4096, PROT_READ, MAP_PRIVATE|MAP_FIXED, 3, 0) = 0xbefcc000
close(3)                                = 0
cacheflush(0xbefcb50c, 0xbefcb640, 0, 0, 0xbefcb4f4) = 0
mmap2(0x10000, 59156, PROT_READ|PROT_WRITE|PROT_EXEC, MAP_PRIVATE|MAP_FIXED|MAP_ANONYMOUS, -1, 0) = 0x10000
cacheflush(0x10000, 0x10134, 0, 0, 0xbefcb4a0) = 0
cacheflush(0x10134, 0x1e714, 0, 0, 0xbefcb4a0) = 0
cacheflush(0x1e714, 0x1e71c, 0, 0xe1a0f00e, 0x1e714) = 0
mprotect(0x10000, 59156, PROT_READ|PROT_EXEC) = 0
mmap2(0x2e000, 2456, PROT_READ|PROT_WRITE, MAP_PRIVATE|MAP_FIXED|MAP_ANONYMOUS, -1, 0) = 0x2e000
cacheflush(0x2e714, 0x2e998, 0, 0, 0xbefcb4a0) = 0
mprotect(0x2e000, 2456, PROT_READ|PROT_WRITE) = 0
brk(0x2f000)                            = 0x6bb000
open("/lib/ld-linux-armhf.so.3", O_RDONLY) = 3
read(3, "\177ELF\1\1\1\0\0\0\0\0\0\0\0\0\3\0(\0\1\0\0\0\300\n\0\0004\0\0\0"..., 512) = 512
mmap2(NULL, 204800, PROT_NONE, MAP_PRIVATE|MAP_ANONYMOUS, -1, 0) = 0xb6ed9000
mmap2(0xb6ed9000, 131180, PROT_READ|PROT_EXEC, MAP_PRIVATE|MAP_FIXED, 3, 0) = 0xb6ed9000
mmap2(0xb6f09000, 6272, PROT_READ|PROT_WRITE, MAP_PRIVATE|MAP_FIXED, 3, 0x20000) = 0xb6f09000
close(3)                                = 0
munmap(0x40000, 31872)                  = 0
brk(NULL)                               = 0x6bb000
uname({sysname="Linux", nodename="dm900", ...}) = 0
mmap2(NULL, 4096, PROT_READ|PROT_WRITE, MAP_PRIVATE|MAP_ANONYMOUS, -1, 0) = 0xb6ed8000
access("/etc/ld.so.preload", R_OK)      = -1 ENOENT (No such file or directory)
open("/etc/ld.so.cache", O_RDONLY|O_CLOEXEC) = 3
fstat64(3, {st_mode=S_IFREG|0644, st_size=33168, ...}) = 0
mmap2(NULL, 33168, PROT_READ, MAP_PRIVATE, 3, 0) = 0xb6ecf000
close(3)                                = 0
open("/lib/libc.so.6", O_RDONLY|O_CLOEXEC) = 3
read(3, "\177ELF\1\1\1\0\0\0\0\0\0\0\0\0\3\0(\0\1\0\0\0\314n\1\0004\0\0\0"..., 512) = 512
fstat64(3, {st_mode=S_IFREG|0755, st_size=1250960, ...}) = 0
mmap2(NULL, 1320304, PROT_READ|PROT_EXEC, MAP_PRIVATE|MAP_DENYWRITE, 3, 0) = 0xb6d8c000
mprotect(0xb6eb9000, 65536, PROT_NONE)  = 0
mmap2(0xb6ec9000, 12288, PROT_READ|PROT_WRITE, MAP_PRIVATE|MAP_FIXED|MAP_DENYWRITE, 3, 0x12d000) = 0xb6ec9000
mmap2(0xb6ecc000, 9584, PROT_READ|PROT_WRITE, MAP_PRIVATE|MAP_FIXED|MAP_ANONYMOUS, -1, 0) = 0xb6ecc000
close(3)                                = 0
mmap2(NULL, 4096, PROT_READ|PROT_WRITE, MAP_PRIVATE|MAP_ANONYMOUS, -1, 0) = 0xb6d8b000
set_tls(0xb6d8b4c0, 0xb6d8bb98, 0xb6f0a050, 0xb6d8b4c0, 0xb6f0a050) = 0
--- SIGBUS {si_signo=SIGBUS, si_code=BUS_ADRALN, si_addr=0xbefcbd7c} ---
+++ killed by SIGBUS (core dumped) +++
```

# With my working patched 3.91 (with latest lzma SDK!!!):
```
root@dm900:/media/usb/building/upx# ./upx --version                             
upx 3.91
UCL data compression library 1.03
LZMA SDK version 16.04
Copyright (C) 1996-2013 Markus Franz Xaver Johannes Oberhumer
Copyright (C) 1996-2013 Laszlo Molnar
Copyright (C) 2000-2013 John F. Reiser
Copyright (C) 2002-2013 Jens Medoch
Copyright (C) 1999-2006 Igor Pavlov
UPX comes with ABSOLUTELY NO WARRANTY; for details type 'upx -L'.
root@dm900:/media/usb/building/upx# ./upx -o date-lzma-3 date
                       Ultimate Packer for eXecutables
                          Copyright (C) 1996 - 2013
UPX 3.91        Markus Oberhumer, Laszlo Molnar & John Reiser   Sep 30th 2013

        File size         Ratio      Format      Name
   --------------------   ------   -----------   -----------
     61264 ->     34024   55.54%   linux/armel   date-lzma-3

Packed 1 file.
root@dm900:/media/usb/building/upx# strace -o strace.out ./date-lzma-3 --help | wc -l
100
```
## With strace.out:
```
execve("./date-lzma-3", ["./date-lzma-3", "--help"], [/* 15 vars */]) = 0
mmap2(0x40000, 35004, PROT_READ|PROT_WRITE|PROT_EXEC, MAP_PRIVATE|MAP_FIXED|MAP_ANONYMOUS, -1, 0) = 0x40000
cacheflush(0x47994, 0x47a80, 0, 0x32811001, 0x30000) = 0
cacheflush(0x47a84, 0x4842c, 0, 0x47a84, 0) = 0
readlink("/proc/self/exe", "/media/usb/building/upx/date-lzm"..., 4095) = 35
cacheflush(0xbea9d368, 0xbea9d49c, 0, 0xbea9d368, 0) = 0
mmap2(0x10000, 59156, PROT_READ|PROT_WRITE|PROT_EXEC, MAP_PRIVATE|MAP_FIXED|MAP_ANONYMOUS, -1, 0) = 0x10000
cacheflush(0x10000, 0x10134, 0, 0x10000, 0) = 0
cacheflush(0x10134, 0x1e714, 0, 0x10134, 0) = 0
cacheflush(0x1e714, 0x1e71c, 0, 0xe1a0f00e, 0x1e714) = 0
mprotect(0x10000, 59156, PROT_READ|PROT_EXEC) = 0
mmap2(0x2e000, 2456, PROT_READ|PROT_WRITE, MAP_PRIVATE|MAP_FIXED|MAP_ANONYMOUS, -1, 0) = 0x2e000
cacheflush(0x2e714, 0x2e998, 0, 0x2e714, 0) = 0
mprotect(0x2e000, 2456, PROT_READ|PROT_WRITE) = 0
brk(0x2f000)                            = 0x1637000
open("/lib/ld-linux-armhf.so.3", O_RDONLY) = 3
read(3, "\177ELF\1\1\1\0\0\0\0\0\0\0\0\0\3\0(\0\1\0\0\0\300\n\0\0004\0\0\0"..., 512) = 512
mmap2(NULL, 204800, PROT_NONE, MAP_PRIVATE|MAP_ANONYMOUS, -1, 0) = 0xb6ef7000
mmap2(0xb6ef7000, 131180, PROT_READ|PROT_EXEC, MAP_PRIVATE|MAP_FIXED, 3, 0) = 0xb6ef7000
mmap2(0xb6f27000, 6272, PROT_READ|PROT_WRITE, MAP_PRIVATE|MAP_FIXED, 3, 0x20000) = 0xb6f27000
close(3)                                = 0
munmap(0x41000, 30908)                  = 0
brk(NULL)                               = 0x1637000
uname({sysname="Linux", nodename="dm900", ...}) = 0
mmap2(NULL, 4096, PROT_READ|PROT_WRITE, MAP_PRIVATE|MAP_ANONYMOUS, -1, 0) = 0xb6ef6000
access("/etc/ld.so.preload", R_OK)      = -1 ENOENT (No such file or directory)
open("/etc/ld.so.cache", O_RDONLY|O_CLOEXEC) = 3
fstat64(3, {st_mode=S_IFREG|0644, st_size=33168, ...}) = 0
mmap2(NULL, 33168, PROT_READ, MAP_PRIVATE, 3, 0) = 0xb6eed000
close(3)                                = 0
open("/lib/libc.so.6", O_RDONLY|O_CLOEXEC) = 3
read(3, "\177ELF\1\1\1\0\0\0\0\0\0\0\0\0\3\0(\0\1\0\0\0\314n\1\0004\0\0\0"..., 512) = 512
fstat64(3, {st_mode=S_IFREG|0755, st_size=1250960, ...}) = 0
mmap2(NULL, 1320304, PROT_READ|PROT_EXEC, MAP_PRIVATE|MAP_DENYWRITE, 3, 0) = 0xb6daa000
mprotect(0xb6ed7000, 65536, PROT_NONE)  = 0
mmap2(0xb6ee7000, 12288, PROT_READ|PROT_WRITE, MAP_PRIVATE|MAP_FIXED|MAP_DENYWRITE, 3, 0x12d000) = 0xb6ee7000
mmap2(0xb6eea000, 9584, PROT_READ|PROT_WRITE, MAP_PRIVATE|MAP_FIXED|MAP_ANONYMOUS, -1, 0) = 0xb6eea000
close(3)                                = 0
mmap2(NULL, 4096, PROT_READ|PROT_WRITE, MAP_PRIVATE|MAP_ANONYMOUS, -1, 0) = 0xb6da9000
set_tls(0xb6da94c0, 0xb6da9b98, 0xb6f28050, 0xb6da94c0, 0xb6f28050) = 0
mprotect(0xb6ee7000, 8192, PROT_READ)   = 0
mprotect(0xb6f27000, 4096, PROT_READ)   = 0
munmap(0xb6eed000, 33168)               = 0
brk(NULL)                               = 0x1637000
brk(0x1658000)                          = 0x1658000
fstat64(1, {st_mode=S_IFIFO|0600, st_size=0, ...}) = 0
write(1, "Usage: ./date-lzma-3 [OPTION]..."..., 4096) = 4096
write(1, "e US (use tzselect(1) to find TZ"..., 463) = 463
close(1)                                = 0
close(2)                                = 0
exit_group(0)                           = ?
+++ exited with 0 +++
```

**Comment by jreiser** [comment]
@pwallner Yes, it is normal that the PT_DYNAMIC info has been compressed and thus ldd cannot see it.  The only things that matter to execve() are PT_LOADs (specified by Elf32_Phdr) and some of the info in Elf32_Ehdr.

**Comment by jreiser** [comment]
@pwallner Please attach your compressed /bin/date (date-lzma-3) which gets SIGBUS.  Put it in a .zip file, then upload. (For an example, see my date-linux-arm.upx393-lzma-3.zip of two days ago.) I want to look at the failing case.

**Comment by pwallner** [comment]
Can't upload files here... Writes "we don't support that file type." But it is a zip file...

Here the link [date-lzma working and not working](http://www.filedropper.com/datelzma3).

Regards
Patrick

**Comment by jreiser** [comment]
Reporting of output file size during un-compress (upx -d) is fixed by above commit on devel branch.

**Comment by jreiser** [comment]
32-bit PowerPC lzma has been fixed.

**Comment by jreiser** [comment]
@pwallner In date_lzma_3.zip  of 6 days ago, neither compression used --lzma:
```
$ ../upx.out --fileinfo date*working
date-lzma-3-notworking [arm-linux.elf, linux/arm]
     34120 bytes, compressed by UPX 13, method 3, level 8, filter 0x50/0x00
date-lzma-3-working [arm-linux.elf, linux/arm]
     34024 bytes, compressed by UPX 13, method 3, level 8, filter 0x50/0x00
```
In src/conf.h, method 3 is M_NRV2B_8, the default for ARM (because it requires alignment to fetch a 32-bit quantity as the upx decompression stub desires, and the code is ugly to patch together 4 bytes). M_LZMA is method 14.

Do you have a failing example which uses lzma?  One that does not use clock_settime@GLIBC_2.17 would be nice, because GLIBC_2.4 is the highest I can run on my raspberry pi.  I have re-verified again that  --lzma works for me on ARM using tip of devel branch.  Please try that, or the  date-linux-arm.upx393-lzma-3.zip of 9 days ago.

**Comment by pwallner** [comment]
@jreiser please find attached the requested file. both of them (lzma method 14 - level 4 and level 10) not working...
I have glic_2.23 on my dreambox.
But now I see, method 3 is also not working on dreambox....

[lzma-lzma-notworking](https://github.com/pwallner/pwallner.github.io/raw/master/debian/date-lzma-notworking.zip)

**Comment by pwallner** [comment]
@jreiser
I tried the latest devel Version (3.94), same error...
```
./upx.devel --version
upx 3.94
UCL data compression library 1.03
zlib data compression library 1.2.8
LZMA SDK version 4.43
Copyright (C) 1996-2017 Markus Franz Xaver Johannes Oberhumer
Copyright (C) 1996-2017 Laszlo Molnar
Copyright (C) 2000-2017 John F. Reiser
Copyright (C) 2002-2017 Jens Medoch
Copyright (C) 1995-2005 Jean-loup Gailly and Mark Adler
Copyright (C) 1999-2006 Igor Pavlov
UPX comes with ABSOLUTELY NO WARRANTY; for details type 'upx.devel -L'.
```

`./upx.devel --lzma date -o date.devel`

```
execve("./date.devel", ["./date.devel", "--help"], [/* 15 vars */]) = 0
mmap2(0x40000, 31872, PROT_READ|PROT_WRITE|PROT_EXEC, MAP_PRIVATE|MAP_FIXED|MAP_ANONYMOUS, -1, 0) = 0x40000
cacheflush(0x46334, 0x46d40, 0, 0xe28f1014, 0x30000) = 0
cacheflush(0x46d44, 0x47770, 0, 0, 0x30000) = 0
readlink("/proc/self/exe", "/media/usb/building/upx/date.dev"..., 4095) = 34
open("/proc/self/exe", O_RDONLY)        = 3
mmap2(0xbef20000, 4096, PROT_READ, MAP_PRIVATE|MAP_FIXED, 3, 0) = 0xbef20000
close(3)                                = 0
cacheflush(0xbef1f50c, 0xbef1f640, 0, 0, 0xbef1f4f4) = 0
mmap2(0x10000, 59156, PROT_READ|PROT_WRITE|PROT_EXEC, MAP_PRIVATE|MAP_FIXED|MAP_ANONYMOUS, -1, 0) = 0x10000
cacheflush(0x10000, 0x10134, 0, 0, 0xbef1f4a0) = 0
cacheflush(0x10134, 0x1e714, 0, 0, 0xbef1f4a0) = 0
cacheflush(0x1e714, 0x1e71c, 0, 0xe1a0f00e, 0x1e714) = 0
mprotect(0x10000, 59156, PROT_READ|PROT_EXEC) = 0
mmap2(0x2e000, 2456, PROT_READ|PROT_WRITE, MAP_PRIVATE|MAP_FIXED|MAP_ANONYMOUS, -1, 0) = 0x2e000
cacheflush(0x2e714, 0x2e998, 0, 0, 0xbef1f4a0) = 0
mprotect(0x2e000, 2456, PROT_READ|PROT_WRITE) = 0
brk(0x2f000)                            = 0xfe4000
open("/lib/ld-linux-armhf.so.3", O_RDONLY) = 3
read(3, "\177ELF\1\1\1\0\0\0\0\0\0\0\0\0\3\0(\0\1\0\0\0\300\n\0\0004\0\0\0"..., 512) = 512
mmap2(NULL, 204800, PROT_NONE, MAP_PRIVATE|MAP_ANONYMOUS, -1, 0) = 0xb6f24000
mmap2(0xb6f24000, 131180, PROT_READ|PROT_EXEC, MAP_PRIVATE|MAP_FIXED, 3, 0) = 0xb6f24000
mmap2(0xb6f54000, 6272, PROT_READ|PROT_WRITE, MAP_PRIVATE|MAP_FIXED, 3, 0x20000) = 0xb6f54000
close(3)                                = 0
munmap(0x40000, 31872)                  = 0
brk(NULL)                               = 0xfe4000
uname({sysname="Linux", nodename="dm900", ...}) = 0
mmap2(NULL, 4096, PROT_READ|PROT_WRITE, MAP_PRIVATE|MAP_ANONYMOUS, -1, 0) = 0xb6f23000
access("/etc/ld.so.preload", R_OK)      = -1 ENOENT (No such file or directory)
open("/etc/ld.so.cache", O_RDONLY|O_CLOEXEC) = 3
fstat64(3, {st_mode=S_IFREG|0644, st_size=33650, ...}) = 0
mmap2(NULL, 33650, PROT_READ, MAP_PRIVATE, 3, 0) = 0xb6f1a000
close(3)                                = 0
open("/lib/libc.so.6", O_RDONLY|O_CLOEXEC) = 3
read(3, "\177ELF\1\1\1\0\0\0\0\0\0\0\0\0\3\0(\0\1\0\0\0\314n\1\0004\0\0\0"..., 512) = 512
fstat64(3, {st_mode=S_IFREG|0755, st_size=1250960, ...}) = 0
mmap2(NULL, 1320304, PROT_READ|PROT_EXEC, MAP_PRIVATE|MAP_DENYWRITE, 3, 0) = 0xb6dd7000
mprotect(0xb6f04000, 65536, PROT_NONE)  = 0
mmap2(0xb6f14000, 12288, PROT_READ|PROT_WRITE, MAP_PRIVATE|MAP_FIXED|MAP_DENYWRITE, 3, 0x12d000) = 0xb6f14000
mmap2(0xb6f17000, 9584, PROT_READ|PROT_WRITE, MAP_PRIVATE|MAP_FIXED|MAP_ANONYMOUS, -1, 0) = 0xb6f17000
close(3)                                = 0
mmap2(NULL, 4096, PROT_READ|PROT_WRITE, MAP_PRIVATE|MAP_ANONYMOUS, -1, 0) = 0xb6dd6000
set_tls(0xb6dd64c0, 0xb6dd6b98, 0xb6f55050, 0xb6dd64c0, 0xb6f55050) = 0
--- SIGBUS {si_signo=SIGBUS, si_code=BUS_ADRALN, si_addr=0xbef1fd7c} ---
+++ killed by SIGBUS (core dumped) +++
```

**Comment by pwallner** [comment]
I have uploaded another file for testing (method 14)

[oscam](https://github.com/pwallner/pwallner.github.io/raw/master/debian/oc.zip)

If you use "-V" with this file, also seg. fault...

```
execve("./oscam", ["./oscam", "-V"], [/* 15 vars */]) = 0
mmap2(0x200000, 506112, PROT_READ|PROT_WRITE|PROT_EXEC, MAP_PRIVATE|MAP_FIXED|MAP_ANONYMOUS, -1, 0) = 0x200000
cacheflush(0x279fb4, 0x27a9c0, 0, 0xe28f1014, 0x1f0000) = 0
cacheflush(0x27a9c4, 0x27b3f0, 0, 0, 0x1f0000) = 0
readlink("/proc/self/exe", "/media/usb/building/upx/oscam", 4095) = 29
open("/proc/self/exe", O_RDONLY)        = 3
mmap2(0xbedbc000, 4096, PROT_READ, MAP_PRIVATE|MAP_FIXED, 3, 0) = 0xbedbc000
close(3)                                = 0
cacheflush(0xbedbb50c, 0xbedbb640, 0, 0, 0xbedbb4f4) = 0
mmap2(0x10000, 1729208, PROT_READ|PROT_WRITE|PROT_EXEC, MAP_PRIVATE|MAP_FIXED|MAP_ANONYMOUS, -1, 0) = 0x10000
cacheflush(0x10000, 0x10134, 0, 0, 0xbedbb4a0) = 0
cacheflush(0x10134, 0x1b62b8, 0, 0, 0xbedbb4a0) = 0
cacheflush(0x1b62b8, 0x1b62c0, 0, 0xe1a0f00e, 0x1b62b8) = 0
mprotect(0x10000, 1729208, PROT_READ|PROT_EXEC) = 0
mmap2(0x1c6000, 12000, PROT_READ|PROT_WRITE, MAP_PRIVATE|MAP_FIXED|MAP_ANONYMOUS, -1, 0) = 0x1c6000
cacheflush(0x1c62b8, 0x1c8ee0, 0, 0, 0xbedbb4a0) = 0
mprotect(0x1c6000, 12000, PROT_READ|PROT_WRITE) = 0
mmap2(0x1c9000, 148208, PROT_READ|PROT_WRITE, MAP_PRIVATE|MAP_FIXED|MAP_ANONYMOUS, -1, 0) = 0x1c9000
brk(0x1ee000)                           = 0x13f8000
open("/lib/ld-linux-armhf.so.3", O_RDONLY) = 3
read(3, "\177ELF\1\1\1\0\0\0\0\0\0\0\0\0\3\0(\0\1\0\0\0\300\n\0\0004\0\0\0"..., 512) = 512
mmap2(NULL, 204800, PROT_NONE, MAP_PRIVATE|MAP_ANONYMOUS, -1, 0) = 0xb6f04000
mmap2(0xb6f04000, 131180, PROT_READ|PROT_EXEC, MAP_PRIVATE|MAP_FIXED, 3, 0) = 0xb6f04000
mmap2(0xb6f34000, 6272, PROT_READ|PROT_WRITE, MAP_PRIVATE|MAP_FIXED, 3, 0x20000) = 0xb6f34000
close(3)                                = 0
munmap(0x200000, 506112)                = 0
brk(NULL)                               = 0x13f8000
uname({sysname="Linux", nodename="dm900", ...}) = 0
mmap2(NULL, 4096, PROT_READ|PROT_WRITE, MAP_PRIVATE|MAP_ANONYMOUS, -1, 0) = 0xb6f03000
access("/etc/ld.so.preload", R_OK)      = -1 ENOENT (No such file or directory)
open("/etc/ld.so.cache", O_RDONLY|O_CLOEXEC) = 3
fstat64(3, {st_mode=S_IFREG|0644, st_size=33650, ...}) = 0
mmap2(NULL, 33650, PROT_READ, MAP_PRIVATE, 3, 0) = 0xb6efa000
close(3)                                = 0
open("/usr/lib/libssl.so.1.0.0", O_RDONLY|O_CLOEXEC) = 3
read(3, "\177ELF\1\1\1\0\0\0\0\0\0\0\0\0\3\0(\0\1\0\0\0`\322\0\0004\0\0\0"..., 512) = 512
fstat64(3, {st_mode=S_IFREG|0755, st_size=317560, ...}) = 0
mmap2(NULL, 381792, PROT_READ|PROT_EXEC, MAP_PRIVATE|MAP_DENYWRITE, 3, 0) = 0xb6e9c000
mprotect(0xb6ee4000, 65536, PROT_NONE)  = 0
mmap2(0xb6ef4000, 24576, PROT_READ|PROT_WRITE, MAP_PRIVATE|MAP_FIXED|MAP_DENYWRITE, 3, 0x48000) = 0xb6ef4000
close(3)                                = 0
open("/usr/lib/libcrypto.so.1.0.0", O_RDONLY|O_CLOEXEC) = 3
read(3, "\177ELF\1\1\1\0\0\0\0\0\0\0\0\0\3\0(\0\1\0\0\0@'\4\0004\0\0\0"..., 512) = 512
fstat64(3, {st_mode=S_IFREG|0755, st_size=1511300, ...}) = 0
mmap2(NULL, 1589240, PROT_READ|PROT_EXEC, MAP_PRIVATE|MAP_DENYWRITE, 3, 0) = 0xb6d18000
mprotect(0xb6e73000, 61440, PROT_NONE)  = 0
mmap2(0xb6e82000, 94208, PROT_READ|PROT_WRITE, MAP_PRIVATE|MAP_FIXED|MAP_DENYWRITE, 3, 0x15a000) = 0xb6e82000
mmap2(0xb6e99000, 12280, PROT_READ|PROT_WRITE, MAP_PRIVATE|MAP_FIXED|MAP_ANONYMOUS, -1, 0) = 0xb6e99000
close(3)                                = 0
open("/lib/libusb-1.0.so.0", O_RDONLY|O_CLOEXEC) = 3
read(3, "\177ELF\1\1\1\0\0\0\0\0\0\0\0\0\3\0(\0\1\0\0\0\f)\0\0004\0\0\0"..., 512) = 512
fstat64(3, {st_mode=S_IFREG|0755, st_size=81088, ...}) = 0
mmap2(NULL, 145408, PROT_READ|PROT_EXEC, MAP_PRIVATE|MAP_DENYWRITE, 3, 0) = 0xb6cf4000
mprotect(0xb6d08000, 61440, PROT_NONE)  = 0
mmap2(0xb6d17000, 4096, PROT_READ|PROT_WRITE, MAP_PRIVATE|MAP_FIXED|MAP_DENYWRITE, 3, 0x13000) = 0xb6d17000
close(3)                                = 0
open("/lib/librt.so.1", O_RDONLY|O_CLOEXEC) = 3
read(3, "\177ELF\1\1\1\3\0\0\0\0\0\0\0\0\3\0(\0\1\0\0\0\0\27\0\0004\0\0\0"..., 512) = 512
fstat64(3, {st_mode=S_IFREG|0755, st_size=26560, ...}) = 0
mmap2(NULL, 4096, PROT_READ|PROT_WRITE, MAP_PRIVATE|MAP_ANONYMOUS, -1, 0) = 0xb6cf3000
mmap2(NULL, 90640, PROT_READ|PROT_EXEC, MAP_PRIVATE|MAP_DENYWRITE, 3, 0) = 0xb6cdc000
mprotect(0xb6ce2000, 61440, PROT_NONE)  = 0
mmap2(0xb6cf1000, 8192, PROT_READ|PROT_WRITE, MAP_PRIVATE|MAP_FIXED|MAP_DENYWRITE, 3, 0x5000) = 0xb6cf1000
close(3)                                = 0
open("/lib/libpthread.so.0", O_RDONLY|O_CLOEXEC) = 3
read(3, "\177ELF\1\1\1\3\0\0\0\0\0\0\0\0\3\0(\0\1\0\0\0LI\0\0004\0\0\0"..., 512) = 512
fstat64(3, {st_mode=S_IFREG|0755, st_size=92700, ...}) = 0
mmap2(NULL, 164424, PROT_READ|PROT_EXEC, MAP_PRIVATE|MAP_DENYWRITE, 3, 0) = 0xb6cb3000
mprotect(0xb6cc9000, 61440, PROT_NONE)  = 0
mmap2(0xb6cd8000, 8192, PROT_READ|PROT_WRITE, MAP_PRIVATE|MAP_FIXED|MAP_DENYWRITE, 3, 0x15000) = 0xb6cd8000
mmap2(0xb6cda000, 4680, PROT_READ|PROT_WRITE, MAP_PRIVATE|MAP_FIXED|MAP_ANONYMOUS, -1, 0) = 0xb6cda000
close(3)                                = 0
open("/lib/libdl.so.2", O_RDONLY|O_CLOEXEC) = 3
read(3, "\177ELF\1\1\1\0\0\0\0\0\0\0\0\0\3\0(\0\1\0\0\0,\t\0\0004\0\0\0"..., 512) = 512
fstat64(3, {st_mode=S_IFREG|0755, st_size=9728, ...}) = 0
mmap2(NULL, 73912, PROT_READ|PROT_EXEC, MAP_PRIVATE|MAP_DENYWRITE, 3, 0) = 0xb6ca0000
mprotect(0xb6ca2000, 61440, PROT_NONE)  = 0
mmap2(0xb6cb1000, 8192, PROT_READ|PROT_WRITE, MAP_PRIVATE|MAP_FIXED|MAP_DENYWRITE, 3, 0x1000) = 0xb6cb1000
close(3)                                = 0
open("/lib/libc.so.6", O_RDONLY|O_CLOEXEC) = 3
read(3, "\177ELF\1\1\1\0\0\0\0\0\0\0\0\0\3\0(\0\1\0\0\0\314n\1\0004\0\0\0"..., 512) = 512
fstat64(3, {st_mode=S_IFREG|0755, st_size=1250960, ...}) = 0
mmap2(NULL, 1320304, PROT_READ|PROT_EXEC, MAP_PRIVATE|MAP_DENYWRITE, 3, 0) = 0xb6b5d000
mprotect(0xb6c8a000, 65536, PROT_NONE)  = 0
mmap2(0xb6c9a000, 12288, PROT_READ|PROT_WRITE, MAP_PRIVATE|MAP_FIXED|MAP_DENYWRITE, 3, 0x12d000) = 0xb6c9a000
mmap2(0xb6c9d000, 9584, PROT_READ|PROT_WRITE, MAP_PRIVATE|MAP_FIXED|MAP_ANONYMOUS, -1, 0) = 0xb6c9d000
close(3)                                = 0
mmap2(NULL, 4096, PROT_READ|PROT_WRITE, MAP_PRIVATE|MAP_ANONYMOUS, -1, 0) = 0xb6b5c000
set_tls(0xb6b5c870, 0xb6b5cf48, 0xb6f35050, 0xb6b5c870, 0xb6f35050) = 0
--- SIGBUS {si_signo=SIGBUS, si_code=BUS_ADRALN, si_addr=0xbedbbd7c} ---
+++ killed by SIGBUS (core dumped) +++
```

**Comment by jreiser** [comment]
@pwallner  Let's try something even simpler.
```
===== test1.c
int const x[10000] = {1,2,3};

int main(int argc, char const *argv[])
{
	return x[1];
}
=====
$ gcc -g -o test1 test1.c
$ upx -o test1.upx test1   ## default method 3
$ upx --fileinfo test1.upx
test1.upx [arm-linux.elf, linux/arm]
      5744 bytes, compressed by UPX 13, method 3, level 8, filter 0x50/0x00
[test1.upx.zip](https://github.com/upx/upx/files/771108/test1.upx.zip)
$ strace ./test1.upx
execve("./test1.upx", ["./test1.upx"], [/* 27 vars */]) = 0
mmap2(0x28000, 7808, PROT_READ|PROT_WRITE|PROT_EXEC, MAP_PRIVATE|MAP_FIXED|MAP_ANONYMOUS, -1, 0) = 0x28000
cacheflush(0x28534, 0x28620, 0, 0x32811001, 0x20000) = 0
cacheflush(0x28624, 0x29050, 0, 0x28624, 0) = 0
readlink("/proc/self/exe", "/home/pi/test1.upx", 4095) = 18
open("/proc/self/exe", O_RDONLY)        = 3
mmap2(0x7ec14000, 4096, PROT_READ, MAP_PRIVATE|MAP_FIXED, 3, 0) = 0x7ec14000
close(3)                                = 0
cacheflush(0x7ec134d0, 0x7ec13604, 0, 0x7ec134d0, 0) = 0
mmap2(0x8000, 41084, PROT_READ|PROT_WRITE|PROT_EXEC, MAP_PRIVATE|MAP_FIXED|MAP_ANONYMOUS, -1, 0) = 0x8000
cacheflush(0x8000, 0x8134, 0, 0x8000, 0) = 0
cacheflush(0x8134, 0x1207c, 0, 0x8134, 0) = 0
cacheflush(0x1207c, 0x12084, 0, 0xe1a0f00e, 0x1207c) = 0
mprotect(0x8000, 41084, PROT_READ|PROT_EXEC) = 0
mmap2(0x1a000, 412, PROT_READ|PROT_WRITE, MAP_PRIVATE|MAP_FIXED|MAP_ANONYMOUS, -1, 0) = 0x1a000
cacheflush(0x1a07c, 0x1a19c, 0, 0x1a07c, 0) = 0
mprotect(0x1a000, 412, PROT_READ|PROT_WRITE) = 0
brk(0x1b000)                            = 0x1c72000
open("/lib/ld-linux-armhf.so.3", O_RDONLY) = 3
read(3, "\177ELF\1\1\1\0\0\0\0\0\0\0\0\0\3\0(\0\1\0\0\0\360\16\0\0004\0\0\0"..., 512) = 512
mmap2(NULL, 159744, PROT_NONE, MAP_PRIVATE|MAP_ANONYMOUS, -1, 0) = 0x76f4a000
mmap2(0x76f4a000, 118276, PROT_READ|PROT_EXEC, MAP_PRIVATE|MAP_FIXED, 3, 0) = 0x76f4a000
mmap2(0x76f6f000, 6260, PROT_READ|PROT_WRITE, MAP_PRIVATE|MAP_FIXED, 3, 0x1d) = 0x76f6f000
close(3)                                = 0
munmap(0x28000, 7808)                   = 0
brk(0)                                  = 0x1c72000
uname({sys="Linux", node="raspberrypi", ...}) = 0
access("/etc/ld.so.nohwcap", F_OK)      = -1 ENOENT (No such file or directory)
mmap2(NULL, 8192, PROT_READ|PROT_WRITE, MAP_PRIVATE|MAP_ANONYMOUS, -1, 0) = 0x76f48000
access("/etc/ld.so.preload", R_OK)      = 0
open("/etc/ld.so.preload", O_RDONLY)    = 3
fstat64(3, {st_mode=S_IFREG|0644, st_size=44, ...}) = 0
mmap2(NULL, 44, PROT_READ|PROT_WRITE, MAP_PRIVATE, 3, 0) = 0x76f47000
close(3)                                = 0
open("/usr/lib/arm-linux-gnueabihf/libcofi_rpi.so", O_RDONLY) = 3
read(3, "\177ELF\1\1\1\0\0\0\0\0\0\0\0\0\3\0(\0\1\0\0\0\270\4\0\0004\0\0\0"..., 512) = 512
lseek(3, 7276, SEEK_SET)                = 7276
read(3, "\0\0\0\0\0\0\0\0\0\0\0\0\0\0\0\0\0\0\0\0\0\0\0\0\0\0\0\0\0\0\0\0"..., 1080) = 1080
lseek(3, 7001, SEEK_SET)                = 7001
read(3, "A.\0\0\0aeabi\0\1$\0\0\0\0056\0\6\6\10\1\t\1\n\2\22\4\24\1\25"..., 47) = 47
fstat64(3, {st_mode=S_IFREG|0755, st_size=10170, ...}) = 0
mmap2(NULL, 39740, PROT_READ|PROT_EXEC, MAP_PRIVATE|MAP_DENYWRITE, 3, 0) = 0x76f3d000
mprotect(0x76f3f000, 28672, PROT_NONE)  = 0
mmap2(0x76f46000, 4096, PROT_READ|PROT_WRITE, MAP_PRIVATE|MAP_FIXED|MAP_DENYWRITE, 3, 0x1) = 0x76f46000
close(3)                                = 0
munmap(0x76f47000, 44)                  = 0
open("/etc/ld.so.cache", O_RDONLY)      = 3
fstat64(3, {st_mode=S_IFREG|0644, st_size=61432, ...}) = 0
mmap2(NULL, 61432, PROT_READ, MAP_PRIVATE, 3, 0) = 0x76f2e000
close(3)                                = 0
access("/etc/ld.so.nohwcap", F_OK)      = -1 ENOENT (No such file or directory)
open("/lib/arm-linux-gnueabihf/libc.so.6", O_RDONLY) = 3
read(3, "\177ELF\1\1\1\0\0\0\0\0\0\0\0\0\3\0(\0\1\0\0\0\214y\1\0004\0\0\0"..., 512) = 512
lseek(3, 1215264, SEEK_SET)             = 1215264
read(3, "\0\0\0\0\0\0\0\0\0\0\0\0\0\0\0\0\0\0\0\0\0\0\0\0\0\0\0\0\0\0\0\0"..., 1360) = 1360
lseek(3, 1214828, SEEK_SET)             = 1214828
read(3, "A.\0\0\0aeabi\0\1$\0\0\0\0056\0\6\6\10\1\t\1\n\2\22\4\24\1\25"..., 47) = 47
fstat64(3, {st_mode=S_IFREG|0755, st_size=1216624, ...}) = 0
mmap2(NULL, 4096, PROT_READ|PROT_WRITE, MAP_PRIVATE|MAP_ANONYMOUS, -1, 0) = 0x76f47000
mmap2(NULL, 1258784, PROT_READ|PROT_EXEC, MAP_PRIVATE|MAP_DENYWRITE, 3, 0) = 0x76dfa000
mprotect(0x76f20000, 32768, PROT_NONE)  = 0
mmap2(0x76f28000, 12288, PROT_READ|PROT_WRITE, MAP_PRIVATE|MAP_FIXED|MAP_DENYWRITE, 3, 0x126) = 0x76f28000
mmap2(0x76f2b000, 9504, PROT_READ|PROT_WRITE, MAP_PRIVATE|MAP_FIXED|MAP_ANONYMOUS, -1, 0) = 0x76f2b000
close(3)                                = 0
mmap2(NULL, 4096, PROT_READ|PROT_WRITE, MAP_PRIVATE|MAP_ANONYMOUS, -1, 0) = 0x76df9000
set_tls(0x76df94c0, 0x76df9b98, 0x76f70048, 0x76df94c0, 0x76f70048) = 0
mprotect(0x76f28000, 8192, PROT_READ)   = 0
mprotect(0x76f6f000, 4096, PROT_READ)   = 0
munmap(0x76f2e000, 61432)               = 0
exit_group(2)                           = ?
```
Please try that.  The attached [test1.upx.zip](https://github.com/upx/upx/files/771108/test1.upx.zip) is what I get. The output from strace in your last 3 comments show that the upx stub decompresses, mmaps the PT_INTERP and shared libraries; then the PT_INTERP executes.

When you see a failure of test1.upx, then please run under gdb and show the state of memory mapping:
```
$ gdb test1.upx
(gdb) run
SIGBUS
(gdb) info reg   ## show registers
(gdb) x/9i $pc-4*4   ## show instruction stream around the program counter
(gdb) x/32x $sp   ## display 32 words of memory at stack pointer
(gdb) info proc
(gdb) shell cat /proc/<pid>/maps   ## <pid> is processID shown by gdb
```

**Comment by pwallner** [comment]
Ok, here the result:
```
root@dm900:/media/usb/building/upx# gcc -g -o test1 test1.c


root@dm900:/media/usb/building/upx# ./upx.devel -o test1.upx test1
                       Ultimate Packer for eXecutables
                          Copyright (C) 1996 - 2017
UPX 3.94        Markus Oberhumer, Laszlo Molnar & John Reiser   Jan 30th 2017

        File size         Ratio      Format      Name
   --------------------   ------   -----------   -----------
     49788 ->      7156   14.37%    linux/arm    test1.upx

Packed 1 file.


root@dm900:/media/usb/building/upx# ./upx.devel --fileinfo test1.upx
                       Ultimate Packer for eXecutables
                          Copyright (C) 1996 - 2017
UPX 3.94        Markus Oberhumer, Laszlo Molnar & John Reiser   Jan 30th 2017

test1.upx [arm-linux.elf, linux/arm]
      7156 bytes, compressed by UPX 13, method 3, level 8, filter 0x50/0x00


root@dm900:/media/usb/building/upx# strace ./test1.upx
execve("./test1.upx", ["./test1.upx"], [/* 15 vars */]) = 0
mmap2(0x40000, 7856, PROT_READ|PROT_WRITE|PROT_EXEC, MAP_PRIVATE|MAP_FIXED|MAP_ANONYMOUS, -1, 0) = 0x40000
cacheflush(0x40564, 0x40660, 0, 0x2afffffb, 0x30000) = 0
cacheflush(0x40664, 0x41090, 0, 0x40664, 0) = 0
readlink("/proc/self/exe", "/media/usb/building/upx/test1.up"..., 4095) = 33
open("/proc/self/exe", O_RDONLY)        = 3
mmap2(0xbeef0000, 4096, PROT_READ, MAP_PRIVATE|MAP_FIXED, 3, 0) = 0xbeef0000
close(3)                                = 0
cacheflush(0xbeeef510, 0xbeeef644, 0, 0xbeeef510, 0) = 0
mmap2(0x10000, 41164, PROT_READ|PROT_WRITE|PROT_EXEC, MAP_PRIVATE|MAP_FIXED|MAP_ANONYMOUS, -1, 0) = 0x10000
cacheflush(0x10000, 0x10134, 0, 0x10000, 0) = 0
cacheflush(0x10134, 0x1a0cc, 0, 0x10134, 0) = 0
cacheflush(0x1a0cc, 0x1a0d4, 0, 0xe1a0f00e, 0x1a0cc) = 0
mprotect(0x10000, 41164, PROT_READ|PROT_EXEC) = 0
mmap2(0x2a000, 484, PROT_READ|PROT_WRITE, MAP_PRIVATE|MAP_FIXED|MAP_ANONYMOUS, -1, 0) = 0x2a000
cacheflush(0x2a0cc, 0x2a1e4, 0, 0x2a0cc, 0) = 0
mprotect(0x2a000, 484, PROT_READ|PROT_WRITE) = 0
brk(0x2b000)                            = 0xe76000
open("/lib/ld-linux-armhf.so.3", O_RDONLY) = 3
read(3, "\177ELF\1\1\1\0\0\0\0\0\0\0\0\0\3\0(\0\1\0\0\0\300\n\0\0004\0\0\0"..., 512) = 512
mmap2(NULL, 204800, PROT_NONE, MAP_PRIVATE|MAP_ANONYMOUS, -1, 0) = 0xb6fa6000
mmap2(0xb6fa6000, 131180, PROT_READ|PROT_EXEC, MAP_PRIVATE|MAP_FIXED, 3, 0) = 0xb6fa6000
mmap2(0xb6fd6000, 6272, PROT_READ|PROT_WRITE, MAP_PRIVATE|MAP_FIXED, 3, 0x20000) = 0xb6fd6000
close(3)                                = 0
munmap(0x40000, 7856)                   = 0
brk(NULL)                               = 0xe76000
uname({sysname="Linux", nodename="dm900", ...}) = 0
mmap2(NULL, 4096, PROT_READ|PROT_WRITE, MAP_PRIVATE|MAP_ANONYMOUS, -1, 0) = 0xb6fa5000
access("/etc/ld.so.preload", R_OK)      = -1 ENOENT (No such file or directory)
open("/etc/ld.so.cache", O_RDONLY|O_CLOEXEC) = 3
fstat64(3, {st_mode=S_IFREG|0644, st_size=33650, ...}) = 0
mmap2(NULL, 33650, PROT_READ, MAP_PRIVATE, 3, 0) = 0xb6f9c000
close(3)                                = 0
open("/lib/libc.so.6", O_RDONLY|O_CLOEXEC) = 3
read(3, "\177ELF\1\1\1\0\0\0\0\0\0\0\0\0\3\0(\0\1\0\0\0\314n\1\0004\0\0\0"..., 512) = 512
fstat64(3, {st_mode=S_IFREG|0755, st_size=1250960, ...}) = 0
mmap2(NULL, 1320304, PROT_READ|PROT_EXEC, MAP_PRIVATE|MAP_DENYWRITE, 3, 0) = 0xb6e59000
mprotect(0xb6f86000, 65536, PROT_NONE)  = 0
mmap2(0xb6f96000, 12288, PROT_READ|PROT_WRITE, MAP_PRIVATE|MAP_FIXED|MAP_DENYWRITE, 3, 0x12d000) = 0xb6f96000
mmap2(0xb6f99000, 9584, PROT_READ|PROT_WRITE, MAP_PRIVATE|MAP_FIXED|MAP_ANONYMOUS, -1, 0) = 0xb6f99000
close(3)                                = 0
mmap2(NULL, 4096, PROT_READ|PROT_WRITE, MAP_PRIVATE|MAP_ANONYMOUS, -1, 0) = 0xb6e58000
set_tls(0xb6e584c0, 0xb6e58b98, 0xb6fd7050, 0xb6e584c0, 0xb6fd7050) = 0
mprotect(0xb6f96000, 8192, PROT_READ)   = 0
mprotect(0xb6fd6000, 4096, PROT_READ)   = 0
munmap(0xb6f9c000, 33650)               = 0
exit_group(2)                           = ?
+++ exited with 2 +++

root@dm900:/media/usb/building/upx# ./test1.upx 2
Bus error (core dumped)
```

to be continued with gdp (just compiling)...

**Comment by jreiser** [comment]
Unfortunately the command
```
root@dm900:/media/usb/building/upx# gdb test1.upx 1
```
says "use test1.upx as the program, and process 1 [the /sbin/init process] as the memory image".  This is not what we want. Instead please use
```
$ gdb test1.upx   ## only the program name here
(gdb) run 1   ## arguments here
```
where the "command line parameters" are specified on the line for the  'run' command.  This can be remembered as "the program being debugged remains the same, but the command-line parameters may change for each invocation by the same instance of gdb."

**Comment by pwallner** [comment]
sorry, first time use of gdb, here the result:
```
root@dm900:/media/usb/building/upx# gdb test1.upx
GNU gdb (GDB) 7.12.1
Copyright (C) 2017 Free Software Foundation, Inc.
License GPLv3+: GNU GPL version 3 or later <http://gnu.org/licenses/gpl.html>
This is free software: you are free to change and redistribute it.
There is NO WARRANTY, to the extent permitted by law.  Type "show copying"
and "show warranty" for details.
This GDB was configured as "armv7l-unknown-linux-gnueabihf".
Type "show configuration" for configuration details.
For bug reporting instructions, please see:
<http://www.gnu.org/software/gdb/bugs/>.
Find the GDB manual and other documentation resources online at:
<http://www.gnu.org/software/gdb/documentation/>.
For help, type "help".
Type "apropos word" to search for commands related to "word"...
Reading symbols from test1.upx...(no debugging symbols found)...done.
(gdb) run 1
Starting program: /media/usb/building/upx/test1.upx 1

Program received signal SIGBUS, Bus error.
0xb6fd92fc in ?? ()
(gdb) info reg
r0             0xb6fcc650       3070019152
r1             0xb6fcc808       3070019592
r2             0xbeff7d7c       3204414844
r3             0xb6fbef88       3069964168
r4             0x0      0
r5             0xb6ffe568       3070223720
r6             0x1      1
r7             0xb6ffe000       3070222336
r8             0xb6ffdcf0       3070221552
r9             0x3      3
r10            0xb6fcc650       3070019152
r11            0xbeff7dc0       3204414912
r12            0xb6ffdce8       3070221544
sp             0xbeff7d04       0xbeff7d04
lr             0xb6fd0580       -1224931968
pc             0xb6fd92fc       0xb6fd92fc
cpsr           0xa0010010       -1610547184
(gdb) x/9i $pc-4*4
   0xb6fd92ec:  sub     r2, r11, #68    ; 0x44
   0xb6fd92f0:  str     r2, [r11, #-120]        ; 0xffffff88
   0xb6fd92f4:  cmp     r3, #0
   0xb6fd92f8:  vst1.8  {d16-d17}, [r2 :64]
=> 0xb6fd92fc:  vstr    d16, [r11, #-52]        ; 0xffffffcc
   0xb6fd9300:  vstr    d16, [r11, #-44]        ; 0xffffffd4
   0xb6fd9304:  beq     0xb6fda0c4
   0xb6fd9308:  ldr     r1, [r10, #104] ; 0x68
   0xb6fd930c:  ldr     r2, [r10, #188] ; 0xbc
(gdb) x/32x $sp
0xbeff7d04:     0x00000000      0xb6ffe568      0x00000000      0xb6fdf03c
0xbeff7d14:     0xb6ffe568      0x00000001      0x00000000      0x00000000
0xbeff7d24:     0x00000000      0xb6ffdfb4      0x00000003      0x00000000
0xbeff7d34:     0xb6ffe050      0xb6e93650      0x00000000      0xb6ffe884
0xbeff7d44:     0x0000000c      0xbeff7d7c      0x00000000      0x00000001
0xbeff7d54:     0xb6e8c790      0x00000002      0x00000000      0x00000001
0xbeff7d64:     0xb6fcc808      0xb6ffe568      0x00000000      0x00000001
0xbeff7d74:     0x00000000      0x00001000      0x00000b90      0x0000000f
(gdb) info proc
process 18472
warning: target file /proc/18472/cmdline contained unexpected null characters
cmdline = '/media/usb/building/upx/test1.upx'
cwd = '/media/usb/building/upx'
exe = '/media/usb/building/upx/test1.upx'
(gdb) shell cat /proc/18472/maps
00010000-0001b000 r-xp 00000000 00:00 0
0002a000-0002b000 rwxp 00000000 00:00 0           [heap]
b6e7f000-b6e80000 rwxp 00000000 00:00 0
b6e80000-b6fad000 r-xp 00000000 b3:0a 189         /lib/libc-2.23.so
b6fad000-b6fbd000 ---p 0012d000 b3:0a 189         /lib/libc-2.23.so
b6fbd000-b6fc0000 rwxp 0012d000 b3:0a 189         /lib/libc-2.23.so
b6fc0000-b6fc3000 rwxp 00000000 00:00 0
b6fc3000-b6fcc000 r-xp 00000000 b3:0a 358         /etc/ld.so.cache
b6fcc000-b6fcd000 rwxp 00000000 00:00 0
b6fcd000-b6fee000 r-xp 00000000 b3:0a 207         /lib/ld-2.23.so
b6fee000-b6ffd000 ---p 00000000 00:00 0
b6ffd000-b6fff000 rwxp 00020000 b3:0a 207         /lib/ld-2.23.so
b6fff000-b7000000 r-xp 00000000 00:00 0           [sigpage]
bef77000-beff8000 rwxp 00000000 00:00 0           [stack:18472]
beff8000-beff9000 r-xp 00000000 08:01 679491      /media/usb/building/upx/test1.upx
beffa000-bf000000 rwxp 00000000 00:00 0
ffff0000-ffff1000 r-xp 00000000 00:00 0           [vectors]
(gdb) quit
A debugging session is active.

        Inferior 1 [process 18472] will be killed.

Quit anyway? (y or n) y
```

**Comment by jreiser** [comment]
@pwallner  Thank you for the gdb output.  It identified the SIGBUS as a misalignment: storing a 8-byte vector register at an address that was aligned to 4 mod 8.  Fixed by commit https://github.com/upx/upx/commit/483db31acd0a3319623068eeb0f170bd8a9c5ece on devel branch.  I believe all three problems have been fixed: the reported length at decompression, lzma on 32-bit PowerPC, lzma on ARM.

**Comment by pwallner** [comment]
@jreiser Thank you! It seems to be solved (I checked most of the above files)!!!! Great work!
