### ISSUE TITLE
UPX 5 and kernel 4.10.12

### ISSUE THREAD

**Issue by WXbet** [upx/upx#912]
## What's the problem (or question)?
SIGSEGV {si_signo=SIGSEGV, si_code=SEGV_MAPERR, si_addr=0xfffc}

## What should have happened?
Should work without any error like upx version before 5.0.0

## Do you have an idea for a solution?
No

bash.upx5 - strace kernel 4.10.12
```
execve("/tmp/bash.bash.upx5", ["/tmp/bash.bash.upx5", "--version"], 0xbece9bec /* 32 vars */) = 0
memfd_create("upx", MFD_EXEC)           = -1 EINVAL (Invalid argument)
memfd_create("upx", 0)                  = 3
ftruncate(3, 4905)                      = 0
mmap2(NULL, 4905, PROT_READ|PROT_WRITE, MAP_SHARED, 3, 0) = 0xb6fee000
mmap2(0xb6fee000, 4905, PROT_READ|PROT_EXEC, MAP_PRIVATE|MAP_FIXED, 3, 0) = 0xb6fee000
close(3)                                = 0
--- SIGSEGV {si_signo=SIGSEGV, si_code=SEGV_MAPERR, si_addr=0xfffc} ---
+++ killed by SIGSEGV +++
```

bash.upx5 - strace kernel 4.4.35
```
execve("/tmp/bash.bash.upx5", ["/tmp/bash.bash.upx5", "--version"], 0xbec88bcc /* 32 vars */) = 0
memfd_create("upx", MFD_EXEC)           = -1 EINVAL (Invalid argument)
memfd_create("upx", 0)                  = 3
ftruncate(3, 4905)                      = 0
mmap2(NULL, 4905, PROT_READ|PROT_WRITE, MAP_SHARED, 3, 0) = 0xb6fcf000
mmap2(0xb6fcf000, 4905, PROT_READ|PROT_EXEC, MAP_PRIVATE|MAP_FIXED, 3, 0) = 0xb6fcf000
close(3)                                = 0
open("/proc/self/exe", O_RDONLY)        = 3
readlink("/proc/self/exe", "/var/volatile/tmp/bash.bash.upx5", 4095) = 32
munmap(0x10000, 889200)                 = 0
memfd_create("upx", MFD_EXEC)           = -1 EINVAL (Invalid argument)
memfd_create("upx", 0)                  = 4
ftruncate(4, 820704)                    = 0
mmap2(0x10000, 820704, PROT_READ|PROT_WRITE, MAP_SHARED|MAP_FIXED, 4, 0) = 0x10000
msync(0x10000, 820704, MS_SYNC)         = 0
munmap(0x10000, 820704)                 = 0
mmap2(0x10000, 820704, PROT_READ|PROT_EXEC, MAP_SHARED|MAP_FIXED, 4, 0) = 0x10000
close(4)                                = 0
mmap2(0xd9000, 22528, PROT_READ|PROT_WRITE, MAP_PRIVATE|MAP_FIXED|MAP_ANONYMOUS, -1, 0) = 0xd9000
mmap2(0xdf000, 41328, PROT_READ|PROT_WRITE, MAP_PRIVATE|MAP_FIXED|MAP_ANONYMOUS, -1, 0) = 0xdf000
open("/lib/ld-linux-armhf.so.3", O_RDONLY) = 4
read(4, "\177ELF\1\1\1\0\0\0\0\0\0\0\0\0\3\0(\0\1\0\0\0000/\1\0004\0\0\0"..., 512) = 512
mmap2(NULL, 151552, PROT_NONE, MAP_PRIVATE|MAP_ANONYMOUS, -1, 0) = 0xb6faa000
mmap2(0xb6faa000, 135212, PROT_READ|PROT_EXEC, MAP_PRIVATE|MAP_FIXED, 4, 0) = 0xb6faa000
mprotect(0xb6faa000, 135212, PROT_READ|PROT_EXEC) = 0
mmap2(0xb6fcc000, 9788, PROT_READ|PROT_WRITE, MAP_PRIVATE|MAP_FIXED, 4, 0x21000) = 0xb6fcc000
close(4)                                = 0
mmap2(NULL, 4096, PROT_READ, MAP_PRIVATE, 3, 0) = 0xb6fa9000
close(3)                                = 0
munmap(0xea000, 404659)                 = 0
brk(0xea000)                            = 0x1942000
munmap(0xb6fcf000, 4905)                = 0
brk(NULL)                               = 0x1942000
mmap2(NULL, 8192, PROT_READ|PROT_WRITE, MAP_PRIVATE|MAP_ANONYMOUS, -1, 0) = 0xb6fcf000
access("/etc/ld.so.preload", R_OK)      = -1 ENOENT (No such file or directory)
openat(AT_FDCWD, "/etc/ld.so.cache", O_RDONLY|O_LARGEFILE|O_CLOEXEC) = 3
statx(3, "", AT_STATX_SYNC_AS_STAT|AT_NO_AUTOMOUNT|AT_EMPTY_PATH, STATX_BASIC_STATS, 0xbed6ed48) = -1 ENOSYS (Function not implemented)
fstatat64(3, "", {st_mode=S_IFREG|0644, st_size=15575, ...}, AT_EMPTY_PATH) = 0
mmap2(NULL, 15575, PROT_READ, MAP_PRIVATE, 3, 0) = 0xb6fa5000
close(3)                                = 0
openat(AT_FDCWD, "/lib/libtinfo.so.5", O_RDONLY|O_LARGEFILE|O_CLOEXEC) = 3
read(3, "\177ELF\1\1\1\0\0\0\0\0\0\0\0\0\3\0(\0\1\0\0\0\0\0\0\0004\0\0\0"..., 512) = 512
statx(3, "", AT_STATX_SYNC_AS_STAT|AT_NO_AUTOMOUNT|AT_EMPTY_PATH, STATX_BASIC_STATS, 0xbed6ecd0) = -1 ENOSYS (Function not implemented)
fstatat64(3, "", {st_mode=S_IFREG|0755, st_size=117320, ...}, AT_EMPTY_PATH) = 0
mmap2(NULL, 121016, PROT_READ|PROT_EXEC, MAP_PRIVATE|MAP_DENYWRITE, 3, 0) = 0xb6f87000
mmap2(0xb6fa2000, 12288, PROT_READ|PROT_WRITE, MAP_PRIVATE|MAP_FIXED|MAP_DENYWRITE, 3, 0x1a000) = 0xb6fa2000
close(3)                                = 0
openat(AT_FDCWD, "/lib/libc.so.6", O_RDONLY|O_LARGEFILE|O_CLOEXEC) = 3
read(3, "\177ELF\1\1\1\0\0\0\0\0\0\0\0\0\3\0(\0\1\0\0\0\\\367\1\0004\0\0\0"..., 512) = 512
statx(3, "", AT_STATX_SYNC_AS_STAT|AT_NO_AUTOMOUNT|AT_EMPTY_PATH, STATX_BASIC_STATS, 0xbed6ecc0) = -1 ENOSYS (Function not implemented)
fstatat64(3, "", {st_mode=S_IFREG|0755, st_size=1249392, ...}, AT_EMPTY_PATH) = 0
mmap2(NULL, 1286724, PROT_READ|PROT_EXEC, MAP_PRIVATE|MAP_DENYWRITE, 3, 0) = 0xb6e4c000
mmap2(0xb6f7a000, 12288, PROT_READ|PROT_WRITE, MAP_PRIVATE|MAP_FIXED|MAP_DENYWRITE, 3, 0x12d000) = 0xb6f7a000
mmap2(0xb6f7d000, 37444, PROT_READ|PROT_WRITE, MAP_PRIVATE|MAP_FIXED|MAP_ANONYMOUS, -1, 0) = 0xb6f7d000
close(3)                                = 0
set_tls(0xb6fd0140)                     = 0
set_tid_address(0xb6fcfcc8)             = 10152
set_robust_list(0xb6fcfccc, 12)         = 0
rseq(0xb6fd01a0, 0x20, 0, 0xe7f5def3)   = -1 ENOSYS (Function not implemented)
mprotect(0xb6f7a000, 8192, PROT_READ)   = 0
mprotect(0xb6fa2000, 8192, PROT_READ)   = 0
mprotect(0xd9000, 4096, PROT_READ)      = 0
mprotect(0xb6fcc000, 8192, PROT_READ)   = 0
ugetrlimit(RLIMIT_STACK, {rlim_cur=8192*1024, rlim_max=RLIM_INFINITY}) = 0
munmap(0xb6fa5000, 15575)               = 0
openat(AT_FDCWD, "/dev/tty", O_RDWR|O_NONBLOCK|O_LARGEFILE) = 3
close(3)                                = 0
getrandom("\x80\x96\xb6\x8b", 4, GRND_NONBLOCK) = 4
brk(NULL)                               = 0x1942000
brk(0x1963000)                          = 0x1963000
openat(AT_FDCWD, "/usr/lib/locale/locale-archive", O_RDONLY|O_LARGEFILE|O_CLOEXEC) = -1 ENOENT (No such file or directory)
openat(AT_FDCWD, "/usr/share/locale/locale.alias", O_RDONLY|O_CLOEXEC) = -1 ENOENT (No such file or directory)
openat(AT_FDCWD, "/usr/lib/locale/C.UTF-8/LC_IDENTIFICATION", O_RDONLY|O_CLOEXEC) = 3
statx(3, "", AT_STATX_SYNC_AS_STAT|AT_NO_AUTOMOUNT|AT_EMPTY_PATH, STATX_BASIC_STATS, 0xbed6f600) = -1 ENOSYS (Function not implemented)
fstatat64(3, "", {st_mode=S_IFREG|0644, st_size=252, ...}, AT_EMPTY_PATH) = 0
mmap2(NULL, 252, PROT_READ, MAP_PRIVATE, 3, 0) = 0xb6fa8000
close(3)                                = 0
openat(AT_FDCWD, "/usr/lib/gconv/gconv-modules.cache", O_RDONLY|O_CLOEXEC) = -1 ENOENT (No such file or directory)
openat(AT_FDCWD, "/usr/lib/gconv/gconv-modules", O_RDONLY|O_CLOEXEC) = 3
statx(3, "", AT_STATX_SYNC_AS_STAT|AT_NO_AUTOMOUNT|AT_EMPTY_PATH, STATX_BASIC_STATS, 0xbed6f478) = -1 ENOSYS (Function not implemented)
fstatat64(3, "", {st_mode=S_IFREG|0755, st_size=3916, ...}, AT_EMPTY_PATH) = 0
read(3, "# GNU libc iconv configuration.\n"..., 4096) = 3916
read(3, "", 4096)                       = 0
close(3)                                = 0
openat(AT_FDCWD, "/usr/lib/gconv/gconv-modules.d", O_RDONLY|O_NONBLOCK|O_LARGEFILE|O_CLOEXEC|O_DIRECTORY) = 3
statx(3, "", AT_STATX_SYNC_AS_STAT|AT_NO_AUTOMOUNT|AT_EMPTY_PATH, STATX_BASIC_STATS, 0xbed6f500) = -1 ENOSYS (Function not implemented)
fstatat64(3, "", {st_mode=S_IFDIR|0755, st_size=4096, ...}, AT_EMPTY_PATH) = 0
getdents64(3, 0x19445e0 /* 3 entries */, 32768) = 96
openat(AT_FDCWD, "/usr/lib/gconv/gconv-modules.d/gconv-modules-extra.conf", O_RDONLY|O_CLOEXEC) = 4
statx(4, "", AT_STATX_SYNC_AS_STAT|AT_NO_AUTOMOUNT|AT_EMPTY_PATH, STATX_BASIC_STATS, 0xbed6f478) = -1 ENOSYS (Function not implemented)
fstatat64(4, "", {st_mode=S_IFREG|0755, st_size=53974, ...}, AT_EMPTY_PATH) = 0
read(4, "# GNU libc iconv configuration.\n"..., 4096) = 4096
read(4, "B1002//\tJUS_I.B1.002//\nmodule\tJU"..., 4096) = 4096
read(4, "59-5//\nalias\tISO_8859-5//\t\tISO-8"..., 4096) = 4096
read(4, "59-16//\t\tINTERNAL\t\tISO8859-16\t1\n"..., 4096) = 4096
read(4, "-SE-A\t1\nmodule\tINTERNAL\t\tEBCDIC-"..., 4096) = 4096
read(4, "97\t\t1\n\n#\tfrom\t\t\tto\t\t\tmodule\t\tcos"..., 4096) = 4096
read(4, "1\n\n#\tfrom\t\t\tto\t\t\tmodule\t\tcost\nal"..., 4096) = 4096
read(4, "6//\t\tIBM1046//\nalias\tCP1046//\t\tI"..., 4096) = 4096
read(4, "\tto\t\t\tmodule\t\tcost\nalias\tRUSCII/"..., 4096) = 4096
read(4, "03//\nmodule\tCSN_369103//\t\tINTERN"..., 4096) = 4096
read(4, "\tmodule\t\tcost\nalias\tISO-IR-8-1//"..., 4096) = 4096
read(4, "IBM1156\t\t1\n\n#\tfrom\t\t\tto\t\t\tmodule"..., 4096) = 4096
read(4, "\t\tIBM1166//\nalias\tCP1166//\t\tIBM1"..., 4096) = 4096
read(4, "alias\tROMAN9//\t\tHP-ROMAN9//\nalia"..., 4096) = 726
read(4, "", 4096)                       = 0
close(4)                                = 0
getdents64(3, 0x19445e0 /* 0 entries */, 32768) = 0
close(3)                                = 0
futex(0xb6f7cc80, FUTEX_WAKE_PRIVATE, 2147483647) = 0
openat(AT_FDCWD, "/usr/lib/locale/C.UTF-8/LC_MEASUREMENT", O_RDONLY|O_CLOEXEC) = 3
statx(3, "", AT_STATX_SYNC_AS_STAT|AT_NO_AUTOMOUNT|AT_EMPTY_PATH, STATX_BASIC_STATS, 0xbed6f600) = -1 ENOSYS (Function not implemented)
fstatat64(3, "", {st_mode=S_IFREG|0644, st_size=23, ...}, AT_EMPTY_PATH) = 0
mmap2(NULL, 23, PROT_READ, MAP_PRIVATE, 3, 0) = 0xb6fa7000
close(3)                                = 0
openat(AT_FDCWD, "/usr/lib/locale/C.UTF-8/LC_TELEPHONE", O_RDONLY|O_CLOEXEC) = 3
statx(3, "", AT_STATX_SYNC_AS_STAT|AT_NO_AUTOMOUNT|AT_EMPTY_PATH, STATX_BASIC_STATS, 0xbed6f600) = -1 ENOSYS (Function not implemented)
fstatat64(3, "", {st_mode=S_IFREG|0644, st_size=47, ...}, AT_EMPTY_PATH) = 0
mmap2(NULL, 47, PROT_READ, MAP_PRIVATE, 3, 0) = 0xb6fa6000
close(3)                                = 0
openat(AT_FDCWD, "/usr/lib/locale/C.UTF-8/LC_ADDRESS", O_RDONLY|O_CLOEXEC) = 3
statx(3, "", AT_STATX_SYNC_AS_STAT|AT_NO_AUTOMOUNT|AT_EMPTY_PATH, STATX_BASIC_STATS, 0xbed6f600) = -1 ENOSYS (Function not implemented)
fstatat64(3, "", {st_mode=S_IFREG|0644, st_size=131, ...}, AT_EMPTY_PATH) = 0
mmap2(NULL, 131, PROT_READ, MAP_PRIVATE, 3, 0) = 0xb6fa5000
close(3)                                = 0
openat(AT_FDCWD, "/usr/lib/locale/C.UTF-8/LC_NAME", O_RDONLY|O_CLOEXEC) = 3
statx(3, "", AT_STATX_SYNC_AS_STAT|AT_NO_AUTOMOUNT|AT_EMPTY_PATH, STATX_BASIC_STATS, 0xbed6f600) = -1 ENOSYS (Function not implemented)
fstatat64(3, "", {st_mode=S_IFREG|0644, st_size=62, ...}, AT_EMPTY_PATH) = 0
mmap2(NULL, 62, PROT_READ, MAP_PRIVATE, 3, 0) = 0xb6e4b000
close(3)                                = 0
openat(AT_FDCWD, "/usr/lib/locale/C.UTF-8/LC_PAPER", O_RDONLY|O_CLOEXEC) = 3
statx(3, "", AT_STATX_SYNC_AS_STAT|AT_NO_AUTOMOUNT|AT_EMPTY_PATH, STATX_BASIC_STATS, 0xbed6f600) = -1 ENOSYS (Function not implemented)
fstatat64(3, "", {st_mode=S_IFREG|0644, st_size=34, ...}, AT_EMPTY_PATH) = 0
mmap2(NULL, 34, PROT_READ, MAP_PRIVATE, 3, 0) = 0xb6e4a000
close(3)                                = 0
openat(AT_FDCWD, "/usr/lib/locale/C.UTF-8/LC_MESSAGES", O_RDONLY|O_CLOEXEC) = 3
statx(3, "", AT_STATX_SYNC_AS_STAT|AT_NO_AUTOMOUNT|AT_EMPTY_PATH, STATX_BASIC_STATS, 0xbed6f600) = -1 ENOSYS (Function not implemented)
fstatat64(3, "", {st_mode=S_IFDIR|0755, st_size=4096, ...}, AT_EMPTY_PATH) = 0
close(3)                                = 0
openat(AT_FDCWD, "/usr/lib/locale/C.UTF-8/LC_MESSAGES/SYS_LC_MESSAGES", O_RDONLY|O_CLOEXEC) = 3
statx(3, "", AT_STATX_SYNC_AS_STAT|AT_NO_AUTOMOUNT|AT_EMPTY_PATH, STATX_BASIC_STATS, 0xbed6f5c8) = -1 ENOSYS (Function not implemented)
fstatat64(3, "", {st_mode=S_IFREG|0644, st_size=53, ...}, AT_EMPTY_PATH) = 0
mmap2(NULL, 53, PROT_READ, MAP_PRIVATE, 3, 0) = 0xb6e49000
close(3)                                = 0
openat(AT_FDCWD, "/usr/lib/locale/C.UTF-8/LC_MONETARY", O_RDONLY|O_CLOEXEC) = 3
statx(3, "", AT_STATX_SYNC_AS_STAT|AT_NO_AUTOMOUNT|AT_EMPTY_PATH, STATX_BASIC_STATS, 0xbed6f600) = -1 ENOSYS (Function not implemented)
fstatat64(3, "", {st_mode=S_IFREG|0644, st_size=282, ...}, AT_EMPTY_PATH) = 0
mmap2(NULL, 282, PROT_READ, MAP_PRIVATE, 3, 0) = 0xb6e48000
close(3)                                = 0
openat(AT_FDCWD, "/usr/lib/locale/C.UTF-8/LC_COLLATE", O_RDONLY|O_CLOEXEC) = 3
statx(3, "", AT_STATX_SYNC_AS_STAT|AT_NO_AUTOMOUNT|AT_EMPTY_PATH, STATX_BASIC_STATS, 0xbed6f600) = -1 ENOSYS (Function not implemented)
fstatat64(3, "", {st_mode=S_IFREG|0644, st_size=1516746, ...}, AT_EMPTY_PATH) = 0
mmap2(NULL, 1516746, PROT_READ, MAP_PRIVATE, 3, 0) = 0xb6cd5000
close(3)                                = 0
openat(AT_FDCWD, "/usr/lib/locale/C.UTF-8/LC_TIME", O_RDONLY|O_CLOEXEC) = 3
statx(3, "", AT_STATX_SYNC_AS_STAT|AT_NO_AUTOMOUNT|AT_EMPTY_PATH, STATX_BASIC_STATS, 0xbed6f600) = -1 ENOSYS (Function not implemented)
fstatat64(3, "", {st_mode=S_IFREG|0644, st_size=3360, ...}, AT_EMPTY_PATH) = 0
mmap2(NULL, 3360, PROT_READ, MAP_PRIVATE, 3, 0) = 0xb6cd4000
close(3)                                = 0
openat(AT_FDCWD, "/usr/lib/locale/C.UTF-8/LC_NUMERIC", O_RDONLY|O_CLOEXEC) = 3
statx(3, "", AT_STATX_SYNC_AS_STAT|AT_NO_AUTOMOUNT|AT_EMPTY_PATH, STATX_BASIC_STATS, 0xbed6f600) = -1 ENOSYS (Function not implemented)
fstatat64(3, "", {st_mode=S_IFREG|0644, st_size=50, ...}, AT_EMPTY_PATH) = 0
mmap2(NULL, 50, PROT_READ, MAP_PRIVATE, 3, 0) = 0xb6cd3000
close(3)                                = 0
openat(AT_FDCWD, "/usr/lib/locale/C.UTF-8/LC_CTYPE", O_RDONLY|O_CLOEXEC) = 3
statx(3, "", AT_STATX_SYNC_AS_STAT|AT_NO_AUTOMOUNT|AT_EMPTY_PATH, STATX_BASIC_STATS, 0xbed6f600) = -1 ENOSYS (Function not implemented)
fstatat64(3, "", {st_mode=S_IFREG|0644, st_size=330604, ...}, AT_EMPTY_PATH) = 0
mmap2(NULL, 330604, PROT_READ, MAP_PRIVATE, 3, 0) = 0xb6c82000
close(3)                                = 0
getuid32()                              = 0
getgid32()                              = 0
geteuid32()                             = 0
getegid32()                             = 0
clock_gettime64(CLOCK_REALTIME, 0xbed6f8f8) = -1 ENOSYS (Function not implemented)
clock_gettime(CLOCK_REALTIME, {tv_sec=1745694097, tv_nsec=902770406}) = 0
statx(1, "", AT_STATX_SYNC_AS_STAT|AT_NO_AUTOMOUNT|AT_EMPTY_PATH, STATX_BASIC_STATS, 0xbed6f5e8) = -1 ENOSYS (Function not implemented)
fstatat64(1, "", {st_mode=S_IFCHR|0620, st_rdev=makedev(0x88, 0), ...}, AT_EMPTY_PATH) = 0
write(1, "GNU bash, version 5.2.37(1)-rele"..., 59) = 59
write(1, "Copyright (C) 2022 Free Software"..., 50) = 50
write(1, "License GPLv3+: GNU GPL version "..., 78) = 78
write(1, "\n", 1)                       = 1
write(1, "This is free software; you are f"..., 67) = 67
write(1, "There is NO WARRANTY, to the ext"..., 54) = 54
exit_group(0)                           = ?
+++ exited with 0 +++
```

bash.upx4 - strace kernel 4.10.12
```
execve("/bin/bash", ["/bin/bash", "--version"], 0xbef77bec /* 32 vars */) = 0
open("/proc/self/exe", O_RDONLY)        = 3
mmap2(NULL, 2968, PROT_READ|PROT_WRITE|PROT_EXEC, MAP_PRIVATE|MAP_ANONYMOUS, -1, 0) = 0xb6f25000
cacheflush(0xb6f25000, 0xb6f25b98, 0)   = 0
mprotect(0xb6f25000, 2968, PROT_READ|PROT_EXEC) = 0
readlink("/proc/self/exe", "/bin/bash.bash", 4095) = 14
cacheflush(0xbedad1dc, 0xbedad350, 0)   = 0
mmap2(0x10000, 820704, PROT_READ|PROT_WRITE|PROT_EXEC, MAP_PRIVATE|MAP_FIXED|MAP_ANONYMOUS, -1, 0) = 0x10000
cacheflush(0x10000, 0x10174, 0)         = 0
cacheflush(0x10174, 0xd85e0, 0)         = 0
cacheflush(0xd85e0, 0xd85ec, 0)         = 0
mprotect(0x10000, 820704, PROT_READ|PROT_EXEC) = 0
mmap2(0xd9000, 22528, PROT_READ|PROT_WRITE, MAP_PRIVATE|MAP_FIXED|MAP_ANONYMOUS, -1, 0) = 0xd9000
cacheflush(0xd9f08, 0xde800, 0)         = 0
mprotect(0xd9000, 22528, PROT_READ|PROT_WRITE) = 0
mmap2(0xdf000, 41328, PROT_READ|PROT_WRITE, MAP_PRIVATE|MAP_FIXED|MAP_ANONYMOUS, -1, 0) = 0xdf000
open("/lib/ld-linux-armhf.so.3", O_RDONLY) = 4
read(4, "\177ELF\1\1\1\0\0\0\0\0\0\0\0\0\3\0(\0\1\0\0\0\0340\1\0004\0\0\0"..., 512) = 512
mmap2(NULL, 151552, PROT_NONE, MAP_PRIVATE|MAP_ANONYMOUS, -1, 0) = 0xb6f00000
mmap2(0xb6f00000, 135760, PROT_READ|PROT_EXEC, MAP_PRIVATE|MAP_FIXED, 4, 0) = 0xb6f00000
mmap2(0xb6f22000, 9788, PROT_READ|PROT_WRITE, MAP_PRIVATE|MAP_FIXED, 4, 0x21000) = 0xb6f22000
close(4)                                = 0
brk(0xea000)                            = 0x14d000
munmap(0xea000, 402783)                 = 0
mmap2(NULL, 4096, PROT_READ, MAP_PRIVATE, 3, 0) = 0xb6eff000
close(3)                                = 0
munmap(0xb6f25000, 2968)                = 0
brk(NULL)                               = 0x14d000
mmap2(NULL, 8192, PROT_READ|PROT_WRITE, MAP_PRIVATE|MAP_ANONYMOUS, -1, 0) = 0xb6efd000
access("/etc/ld.so.preload", R_OK)      = -1 ENOENT (No such file or directory)
openat(AT_FDCWD, "/etc/ld.so.cache", O_RDONLY|O_LARGEFILE|O_CLOEXEC) = 3
statx(3, "", AT_STATX_SYNC_AS_STAT|AT_NO_AUTOMOUNT|AT_EMPTY_PATH, STATX_BASIC_STATS, 0xbedacda8) = -1 ENOSYS (Function not implemented)
fstatat64(3, "", {st_mode=S_IFREG|0644, st_size=15423, ...}, AT_EMPTY_PATH) = 0
mmap2(NULL, 15423, PROT_READ, MAP_PRIVATE, 3, 0) = 0xb6ef9000
close(3)                                = 0
openat(AT_FDCWD, "/lib/libtinfo.so.5", O_RDONLY|O_LARGEFILE|O_CLOEXEC) = 3
read(3, "\177ELF\1\1\1\0\0\0\0\0\0\0\0\0\3\0(\0\1\0\0\0\0\0\0\0004\0\0\0"..., 512) = 512
statx(3, "", AT_STATX_SYNC_AS_STAT|AT_NO_AUTOMOUNT|AT_EMPTY_PATH, STATX_BASIC_STATS, 0xbedacd38) = -1 ENOSYS (Function not implemented)
fstatat64(3, "", {st_mode=S_IFREG|0755, st_size=121416, ...}, AT_EMPTY_PATH) = 0
mmap2(NULL, 121016, PROT_READ|PROT_EXEC, MAP_PRIVATE|MAP_DENYWRITE, 3, 0) = 0xb6edb000
mmap2(0xb6ef6000, 12288, PROT_READ|PROT_WRITE, MAP_PRIVATE|MAP_FIXED|MAP_DENYWRITE, 3, 0x1b000) = 0xb6ef6000
close(3)                                = 0
openat(AT_FDCWD, "/lib/libc.so.6", O_RDONLY|O_LARGEFILE|O_CLOEXEC) = 3
read(3, "\177ELF\1\1\1\0\0\0\0\0\0\0\0\0\3\0(\0\1\0\0\0\\\367\1\0004\0\0\0"..., 512) = 512
statx(3, "", AT_STATX_SYNC_AS_STAT|AT_NO_AUTOMOUNT|AT_EMPTY_PATH, STATX_BASIC_STATS, 0xbedacd28) = -1 ENOSYS (Function not implemented)
fstatat64(3, "", {st_mode=S_IFREG|0755, st_size=1253488, ...}, AT_EMPTY_PATH) = 0
mmap2(NULL, 1286724, PROT_READ|PROT_EXEC, MAP_PRIVATE|MAP_DENYWRITE, 3, 0) = 0xb6da0000
mmap2(0xb6ece000, 12288, PROT_READ|PROT_WRITE, MAP_PRIVATE|MAP_FIXED|MAP_DENYWRITE, 3, 0x12e000) = 0xb6ece000
mmap2(0xb6ed1000, 37444, PROT_READ|PROT_WRITE, MAP_PRIVATE|MAP_FIXED|MAP_ANONYMOUS, -1, 0) = 0xb6ed1000
close(3)                                = 0
set_tls(0xb6efe400)                     = 0
set_tid_address(0xb6efdf88)             = 28103
set_robust_list(0xb6efdf8c, 12)         = 0
rseq(0xb6efe460, 0x20, 0, 0xe7f5def3)   = -1 ENOSYS (Function not implemented)
mprotect(0xb6ece000, 8192, PROT_READ)   = 0
mprotect(0xb6ef6000, 8192, PROT_READ)   = 0
mprotect(0xd9000, 4096, PROT_READ)      = 0
mprotect(0xb6f22000, 8192, PROT_READ)   = 0
ugetrlimit(RLIMIT_STACK, {rlim_cur=8192*1024, rlim_max=RLIM_INFINITY}) = 0
munmap(0xb6ef9000, 15423)               = 0
openat(AT_FDCWD, "/dev/tty", O_RDWR|O_NONBLOCK|O_LARGEFILE) = 3
close(3)                                = 0
getrandom("\xf0\xef\x88\x48", 4, GRND_NONBLOCK) = 4
brk(NULL)                               = 0x14d000
brk(0x16e000)                           = 0x16e000
openat(AT_FDCWD, "/usr/lib/locale/locale-archive", O_RDONLY|O_LARGEFILE|O_CLOEXEC) = -1 ENOENT (No such file or directory)
openat(AT_FDCWD, "/usr/share/locale/locale.alias", O_RDONLY|O_CLOEXEC) = -1 ENOENT (No such file or directory)
openat(AT_FDCWD, "/usr/lib/locale/C.UTF-8/LC_IDENTIFICATION", O_RDONLY|O_CLOEXEC) = 3
statx(3, "", AT_STATX_SYNC_AS_STAT|AT_NO_AUTOMOUNT|AT_EMPTY_PATH, STATX_BASIC_STATS, 0xbedad658) = -1 ENOSYS (Function not implemented)
fstatat64(3, "", {st_mode=S_IFREG|0644, st_size=252, ...}, AT_EMPTY_PATH) = 0
mmap2(NULL, 252, PROT_READ, MAP_PRIVATE, 3, 0) = 0xb6f25000
close(3)                                = 0
openat(AT_FDCWD, "/usr/lib/gconv/gconv-modules.cache", O_RDONLY|O_CLOEXEC) = -1 ENOENT (No such file or directory)
openat(AT_FDCWD, "/usr/lib/gconv/gconv-modules", O_RDONLY|O_CLOEXEC) = 3
statx(3, "", AT_STATX_SYNC_AS_STAT|AT_NO_AUTOMOUNT|AT_EMPTY_PATH, STATX_BASIC_STATS, 0xbedad4d0) = -1 ENOSYS (Function not implemented)
fstatat64(3, "", {st_mode=S_IFREG|0755, st_size=3916, ...}, AT_EMPTY_PATH) = 0
read(3, "# GNU libc iconv configuration.\n"..., 4096) = 3916
read(3, "", 4096)                       = 0
close(3)                                = 0
openat(AT_FDCWD, "/usr/lib/gconv/gconv-modules.d", O_RDONLY|O_NONBLOCK|O_LARGEFILE|O_CLOEXEC|O_DIRECTORY) = 3
statx(3, "", AT_STATX_SYNC_AS_STAT|AT_NO_AUTOMOUNT|AT_EMPTY_PATH, STATX_BASIC_STATS, 0xbedad558) = -1 ENOSYS (Function not implemented)
fstatat64(3, "", {st_mode=S_IFDIR|0755, st_size=4096, ...}, AT_EMPTY_PATH) = 0
getdents64(3, 0x14f5e0 /* 3 entries */, 32768) = 96
openat(AT_FDCWD, "/usr/lib/gconv/gconv-modules.d/gconv-modules-extra.conf", O_RDONLY|O_CLOEXEC) = 4
statx(4, "", AT_STATX_SYNC_AS_STAT|AT_NO_AUTOMOUNT|AT_EMPTY_PATH, STATX_BASIC_STATS, 0xbedad4d0) = -1 ENOSYS (Function not implemented)
fstatat64(4, "", {st_mode=S_IFREG|0755, st_size=53974, ...}, AT_EMPTY_PATH) = 0
read(4, "# GNU libc iconv configuration.\n"..., 4096) = 4096
read(4, "B1002//\tJUS_I.B1.002//\nmodule\tJU"..., 4096) = 4096
read(4, "59-5//\nalias\tISO_8859-5//\t\tISO-8"..., 4096) = 4096
read(4, "59-16//\t\tINTERNAL\t\tISO8859-16\t1\n"..., 4096) = 4096
read(4, "-SE-A\t1\nmodule\tINTERNAL\t\tEBCDIC-"..., 4096) = 4096
read(4, "97\t\t1\n\n#\tfrom\t\t\tto\t\t\tmodule\t\tcos"..., 4096) = 4096
read(4, "1\n\n#\tfrom\t\t\tto\t\t\tmodule\t\tcost\nal"..., 4096) = 4096
read(4, "6//\t\tIBM1046//\nalias\tCP1046//\t\tI"..., 4096) = 4096
read(4, "\tto\t\t\tmodule\t\tcost\nalias\tRUSCII/"..., 4096) = 4096
read(4, "03//\nmodule\tCSN_369103//\t\tINTERN"..., 4096) = 4096
read(4, "\tmodule\t\tcost\nalias\tISO-IR-8-1//"..., 4096) = 4096
read(4, "IBM1156\t\t1\n\n#\tfrom\t\t\tto\t\t\tmodule"..., 4096) = 4096
read(4, "\t\tIBM1166//\nalias\tCP1166//\t\tIBM1"..., 4096) = 4096
read(4, "alias\tROMAN9//\t\tHP-ROMAN9//\nalia"..., 4096) = 726
read(4, "", 4096)                       = 0
close(4)                                = 0
getdents64(3, 0x14f5e0 /* 0 entries */, 32768) = 0
close(3)                                = 0
futex(0xb6ed0c80, FUTEX_WAKE_PRIVATE, 2147483647) = 0
openat(AT_FDCWD, "/usr/lib/locale/C.UTF-8/LC_MEASUREMENT", O_RDONLY|O_CLOEXEC) = 3
statx(3, "", AT_STATX_SYNC_AS_STAT|AT_NO_AUTOMOUNT|AT_EMPTY_PATH, STATX_BASIC_STATS, 0xbedad658) = -1 ENOSYS (Function not implemented)
fstatat64(3, "", {st_mode=S_IFREG|0644, st_size=23, ...}, AT_EMPTY_PATH) = 0
mmap2(NULL, 23, PROT_READ, MAP_PRIVATE, 3, 0) = 0xb6efc000
close(3)                                = 0
openat(AT_FDCWD, "/usr/lib/locale/C.UTF-8/LC_TELEPHONE", O_RDONLY|O_CLOEXEC) = 3
statx(3, "", AT_STATX_SYNC_AS_STAT|AT_NO_AUTOMOUNT|AT_EMPTY_PATH, STATX_BASIC_STATS, 0xbedad658) = -1 ENOSYS (Function not implemented)
fstatat64(3, "", {st_mode=S_IFREG|0644, st_size=47, ...}, AT_EMPTY_PATH) = 0
mmap2(NULL, 47, PROT_READ, MAP_PRIVATE, 3, 0) = 0xb6efb000
close(3)                                = 0
openat(AT_FDCWD, "/usr/lib/locale/C.UTF-8/LC_ADDRESS", O_RDONLY|O_CLOEXEC) = 3
statx(3, "", AT_STATX_SYNC_AS_STAT|AT_NO_AUTOMOUNT|AT_EMPTY_PATH, STATX_BASIC_STATS, 0xbedad658) = -1 ENOSYS (Function not implemented)
fstatat64(3, "", {st_mode=S_IFREG|0644, st_size=131, ...}, AT_EMPTY_PATH) = 0
mmap2(NULL, 131, PROT_READ, MAP_PRIVATE, 3, 0) = 0xb6efa000
close(3)                                = 0
openat(AT_FDCWD, "/usr/lib/locale/C.UTF-8/LC_NAME", O_RDONLY|O_CLOEXEC) = 3
statx(3, "", AT_STATX_SYNC_AS_STAT|AT_NO_AUTOMOUNT|AT_EMPTY_PATH, STATX_BASIC_STATS, 0xbedad658) = -1 ENOSYS (Function not implemented)
fstatat64(3, "", {st_mode=S_IFREG|0644, st_size=62, ...}, AT_EMPTY_PATH) = 0
mmap2(NULL, 62, PROT_READ, MAP_PRIVATE, 3, 0) = 0xb6ef9000
close(3)                                = 0
openat(AT_FDCWD, "/usr/lib/locale/C.UTF-8/LC_PAPER", O_RDONLY|O_CLOEXEC) = 3
statx(3, "", AT_STATX_SYNC_AS_STAT|AT_NO_AUTOMOUNT|AT_EMPTY_PATH, STATX_BASIC_STATS, 0xbedad658) = -1 ENOSYS (Function not implemented)
fstatat64(3, "", {st_mode=S_IFREG|0644, st_size=34, ...}, AT_EMPTY_PATH) = 0
mmap2(NULL, 34, PROT_READ, MAP_PRIVATE, 3, 0) = 0xb6d9f000
close(3)                                = 0
openat(AT_FDCWD, "/usr/lib/locale/C.UTF-8/LC_MESSAGES", O_RDONLY|O_CLOEXEC) = 3
statx(3, "", AT_STATX_SYNC_AS_STAT|AT_NO_AUTOMOUNT|AT_EMPTY_PATH, STATX_BASIC_STATS, 0xbedad658) = -1 ENOSYS (Function not implemented)
fstatat64(3, "", {st_mode=S_IFDIR|0755, st_size=4096, ...}, AT_EMPTY_PATH) = 0
close(3)                                = 0
openat(AT_FDCWD, "/usr/lib/locale/C.UTF-8/LC_MESSAGES/SYS_LC_MESSAGES", O_RDONLY|O_CLOEXEC) = 3
statx(3, "", AT_STATX_SYNC_AS_STAT|AT_NO_AUTOMOUNT|AT_EMPTY_PATH, STATX_BASIC_STATS, 0xbedad620) = -1 ENOSYS (Function not implemented)
fstatat64(3, "", {st_mode=S_IFREG|0644, st_size=53, ...}, AT_EMPTY_PATH) = 0
mmap2(NULL, 53, PROT_READ, MAP_PRIVATE, 3, 0) = 0xb6d9e000
close(3)                                = 0
openat(AT_FDCWD, "/usr/lib/locale/C.UTF-8/LC_MONETARY", O_RDONLY|O_CLOEXEC) = 3
statx(3, "", AT_STATX_SYNC_AS_STAT|AT_NO_AUTOMOUNT|AT_EMPTY_PATH, STATX_BASIC_STATS, 0xbedad658) = -1 ENOSYS (Function not implemented)
fstatat64(3, "", {st_mode=S_IFREG|0644, st_size=282, ...}, AT_EMPTY_PATH) = 0
mmap2(NULL, 282, PROT_READ, MAP_PRIVATE, 3, 0) = 0xb6d9d000
close(3)                                = 0
openat(AT_FDCWD, "/usr/lib/locale/C.UTF-8/LC_COLLATE", O_RDONLY|O_CLOEXEC) = 3
statx(3, "", AT_STATX_SYNC_AS_STAT|AT_NO_AUTOMOUNT|AT_EMPTY_PATH, STATX_BASIC_STATS, 0xbedad658) = -1 ENOSYS (Function not implemented)
fstatat64(3, "", {st_mode=S_IFREG|0644, st_size=1516746, ...}, AT_EMPTY_PATH) = 0
mmap2(NULL, 1516746, PROT_READ, MAP_PRIVATE, 3, 0) = 0xb6c2a000
close(3)                                = 0
openat(AT_FDCWD, "/usr/lib/locale/C.UTF-8/LC_TIME", O_RDONLY|O_CLOEXEC) = 3
statx(3, "", AT_STATX_SYNC_AS_STAT|AT_NO_AUTOMOUNT|AT_EMPTY_PATH, STATX_BASIC_STATS, 0xbedad658) = -1 ENOSYS (Function not implemented)
fstatat64(3, "", {st_mode=S_IFREG|0644, st_size=3360, ...}, AT_EMPTY_PATH) = 0
mmap2(NULL, 3360, PROT_READ, MAP_PRIVATE, 3, 0) = 0xb6c29000
close(3)                                = 0
openat(AT_FDCWD, "/usr/lib/locale/C.UTF-8/LC_NUMERIC", O_RDONLY|O_CLOEXEC) = 3
statx(3, "", AT_STATX_SYNC_AS_STAT|AT_NO_AUTOMOUNT|AT_EMPTY_PATH, STATX_BASIC_STATS, 0xbedad658) = -1 ENOSYS (Function not implemented)
fstatat64(3, "", {st_mode=S_IFREG|0644, st_size=50, ...}, AT_EMPTY_PATH) = 0
mmap2(NULL, 50, PROT_READ, MAP_PRIVATE, 3, 0) = 0xb6c28000
close(3)                                = 0
openat(AT_FDCWD, "/usr/lib/locale/C.UTF-8/LC_CTYPE", O_RDONLY|O_CLOEXEC) = 3
statx(3, "", AT_STATX_SYNC_AS_STAT|AT_NO_AUTOMOUNT|AT_EMPTY_PATH, STATX_BASIC_STATS, 0xbedad658) = -1 ENOSYS (Function not implemented)
fstatat64(3, "", {st_mode=S_IFREG|0644, st_size=330604, ...}, AT_EMPTY_PATH) = 0
mmap2(NULL, 330604, PROT_READ, MAP_PRIVATE, 3, 0) = 0xb6bd7000
close(3)                                = 0
getuid32()                              = 0
getgid32()                              = 0
geteuid32()                             = 0
getegid32()                             = 0
clock_gettime64(CLOCK_REALTIME, 0xbedad950) = -1 ENOSYS (Function not implemented)
statx(1, "", AT_STATX_SYNC_AS_STAT|AT_NO_AUTOMOUNT|AT_EMPTY_PATH, STATX_BASIC_STATS, 0xbedad640) = -1 ENOSYS (Function not implemented)
fstatat64(1, "", {st_mode=S_IFCHR|0620, st_rdev=makedev(0x88, 0), ...}, AT_EMPTY_PATH) = 0
write(1, "GNU bash, version 5.2.37(1)-rele"..., 59) = 59
write(1, "Copyright (C) 2022 Free Software"..., 50) = 50
write(1, "License GPLv3+: GNU GPL version "..., 78) = 78
write(1, "\n", 1)                       = 1
write(1, "This is free software; you are f"..., 67) = 67
write(1, "There is NO WARRANTY, to the ext"..., 54) = 54
exit_group(0)                           = ?
+++ exited with 0 +++
```

## How can we reproduce the issue?
Run a upx5 compressed binary on armv7l Linux with kernel 4.10.12.

## Please tell us details about your environment.
UPX version used (upx --version): `upx 5.0.1-devel.20+git-071579b5`
Host Operating System and version: `Ubuntu 24.04.2 LTS, Linux 6.8.0-55-generic #57-Ubuntu SMP PREEMPT_DYNAMIC Wed Feb 12 23:42:21 UTC 2025`
Host CPU architecture: `x86_64`
Target Operating System and version: `Linux e4hdultra 4.10.12 #1 SMP Wed Apr 26 13:58:00 UTC 2017 armv7l GNU/Linux`
Target CPU architecture: `armv7l`

[bash.upx5.zip](https://github.com/user-attachments/files/19924577/bash.upx5.zip)

**Comment by jreiser** [comment]
> bash.upx5 - strace kernel 4.4.35

Because kernel 4.4.35 succeeds but 4.10.12 fails, then that suggests that the kernel is contributing to the failure.

> armv7l Linux with kernel 4.10.12

Linux 4.10.12 was tagged on 2017-04-21; your kernel instance is a few days later on 2017-04-26, which is 8 years ago.  Please state the name of your Linux distribution, and the downloadable URL for obtaining that kernel.  If the kernel does not boot on a RaspberryPi model 2 or later (the RPi  model 2 does boot with Linux 5.10.0), then we also need a downloadable full image filesystem in order to run qemu-system.

You can also help get more information by running the crashing app under the gdb debugger:
```
gdb -q --args ./my_app arg1...
run
   <<observe SIGSEGV crash>>
x/13i $pc-6*4   ## instruction stream near the crash
x/13i $lr-6*4   ## instruction stream of possible caller of crashing subroutine
info reg   ## contents of all registers
info proc   ## note the numeric process PID
shell cat /proc/PID/maps   ## show the memory page layout
q
```

**Comment by WXbet** [comment]
```
root@e4hdultra:/tmp# gdb -q --args /tmp/bash.bash.upx5 --version
Reading symbols from /tmp/bash.bash.upx5...
(No debugging symbols found in /tmp/bash.bash.upx5)
(gdb) run
Starting program: /var/volatile/tmp/bash.bash.upx5 --version

Program received signal SIGBUS, Bus error.
0x000ea0e8 in ?? ()
(gdb) x/13i $pc-6*4
   0xea0d0:     andeq   r0, r0, r0, lsl r0
   0xea0d4:     andeq   r0, r0, r4
   0xea0d8:     andeq   r0, r0, r4, lsl r0
   0xea0dc:     andeq   r0, r0, r3
   0xea0e0:     subseq  r4, r5, r7, asr #28
   0xea0e4:     strble  r9, [r0, -r9, ror #21]!
=> 0xea0e8:     stmdbpl r11, {r0, r2, r4, r7, r8, r10, r11, sp, lr}^
   0xea0ec:     strtle  lr, [r0], #-3494        @ 0xfffff25a
   0xea0f0:     and     pc, r10, pc, asr #19
   0xea0f4:     ldmibne r9, {r1, r3, r5, r6, r7, r8, r10, r11, r12, pc}^
   0xea0f8:     andeq   r0, r0, r4
   0xea0fc:     andeq   r0, r0, r0, lsl r0
   0xea100:     andeq   r0, r0, r1
(gdb) x/13i $lr-6*4
   0x14b9f4:    mov     pc, lr
   0x14b9f8:    mov     r1, #1
   0x14b9fc:    mov     r12, lr
   0x14ba00:    bl      0x14b9e0
   0x14ba04:    adcs    r1, r1, r1
   0x14ba08:    bl      0x14b9e0
   0x14ba0c:    bcc     0x14ba00
   0x14ba10:    mov     pc, r12
   0x14ba14:    ldrb    r3, [r0], #1
   0x14ba18:    strb    r3, [r2], #1
   0x14ba1c:    bl      0x14b9e0
   0x14ba20:    bcs     0x14ba14
   0x14ba24:    bl      0x14b9f8
(gdb) info reg
r0             0x20                32
r1             0x6183c             399420
r2             0xfff               4095
r3             0x12                18
r4             0xea130             958768
r5             0x6170c             399116
r6             0x1329              4905
r7             0x55                85
r8             0x3                 3
r9             0x6183c             399420
r10            0x14bde4            1359332
r11            0x3                 3
r12            0xea130             958768
sp             0xbefffbb4          0xbefffbb4
lr             0x14ba0c            1358348
pc             0xea0e8             0xea0e8
cpsr           0x10                16
fpscr          0x0                 0
(gdb) info proc
process 19869
cmdline = '/var/volatile/tmp/bash.bash.upx5 --version'
cwd = '/var/volatile/tmp'
exe = '/var/volatile/tmp/bash.bash.upx5'
(gdb) shell cat /proc/19869/maps
00010000-00011000 rwxp 00000000 00:0f 37111      /var/volatile/tmp/bash.bash.upx5
00011000-000ea000 rwxp 00000000 00:00 0
000ea000-0014d000 r-xp 00000000 00:0f 37111      /var/volatile/tmp/bash.bash.upx5
b6ffb000-b6ffd000 r-xp 00000000 00:05 39896      /memfd:upx (deleted)
b6ffd000-b6ffe000 r-xp 00000000 00:00 0          [sigpage]
b6ffe000-b6fff000 r--p 00000000 00:00 0          [vvar]
b6fff000-b7000000 r-xp 00000000 00:00 0          [vdso]
befdf000-bf000000 rw-p 00000000 00:00 0          [stack]
ffff0000-ffff1000 r-xp 00000000 00:00 0          [vectors]
(gdb) q

```

[linux based on OpenEmbedded (Yocto)](https://simplebuild.dedyn.io/openatv-7.6-beta-e4hdultra-20250425_usb.zip)

**Comment by jreiser** [comment]
> => 0xea0e8:     stmdbpl r11, {r0, r2, r4, r7, r8, r10, r11, sp, lr}^

This gibberish is a strong clue to a caching problem similar to #907 and #910.  Please visit the Actions page https://github.com/upx/upx/actions/runs/14694762159, download the Artifact for your Host machine, extract the upx, compress the executable again using that upx, and execute.

**Comment by WXbet** [comment]
Still not working with with upx from jreiser-devel branch.

```
strace /tmp/bash.bash.upx5 --version
execve("/tmp/bash.bash.upx5", ["/tmp/bash.bash.upx5", "--version"], 0xbec50c14 /* 31 vars */) = 0
memfd_create("upx", MFD_EXEC)           = -1 EINVAL (Invalid argument)
memfd_create("upx", 0)                  = 3
ftruncate(3, 5193)                      = 0
mmap2(NULL, 5193, PROT_READ|PROT_WRITE, MAP_SHARED, 3, 0) = 0xb6fc9000
mmap2(0xb6fc9000, 5193, PROT_READ|PROT_EXEC, MAP_PRIVATE|MAP_FIXED, 3, 0) = 0xb6fc9000
close(3)                                = 0
--- SIGSEGV {si_signo=SIGSEGV, si_code=SEGV_MAPERR, si_addr=0x130} ---
+++ killed by SIGSEGV +++
Segmentation fault
```

```
root@e4hdultra2:~# gdb -q --args /tmp/bash.bash.upx5 --version
Reading symbols from /tmp/bash.bash.upx5...
(No debugging symbols found in /tmp/bash.bash.upx5)
(gdb) run
Starting program: /var/volatile/tmp/bash.bash.upx5 --version

Program received signal SIGBUS, Bus error.
0x000ea0e8 in ?? ()
(gdb) x/13i $pc-6*4
   0xea0d0:     andeq   r0, r0, r0, lsl r0
   0xea0d4:     andeq   r0, r0, r4
   0xea0d8:     andeq   r0, r0, r4, lsl r0
   0xea0dc:     andeq   r0, r0, r3
   0xea0e0:     subseq  r4, r5, r7, asr #28
   0xea0e4:     strble  r9, [r0, -r9, ror #21]!
=> 0xea0e8:     stmdbpl r11, {r0, r2, r4, r7, r8, r10, r11, sp, lr}^
   0xea0ec:     strtle  lr, [r0], #-3494        @ 0xfffff25a
   0xea0f0:     and     pc, r10, pc, asr #19
   0xea0f4:     ldmibne r9, {r1, r3, r5, r6, r7, r8, r10, r11, r12, pc}^
   0xea0f8:     andeq   r0, r0, r4
   0xea0fc:     andeq   r0, r0, r0, lsl r0
   0xea100:     andeq   r0, r0, r1
(gdb) x/13i $lr-6*4
   0xfffffffa:  Cannot access memory at address 0xfffffffa
(gdb) info reg
r0             0xea008             958472
r1             0x130               304
r2             0x5                 5
r3             0x0                 0
r4             0xea130             958768
r5             0x6170c             399116
r6             0x1449              5193
r7             0x6                 6
r8             0xfffff000          4294963200
r9             0x6183c             399420
r10            0x14bed8            1359576
r11            0x3                 3
r12            0x12                18
sp             0xbefffbc8          0xbefffbc8
lr             0x12                18
pc             0xea0e8             0xea0e8
cpsr           0x20000010          536870928
fpscr          0x0                 0
(gdb) info proc
process 3274
cmdline = '/var/volatile/tmp/bash.bash.upx5 --version'
cwd = '/home/root'
exe = '/var/volatile/tmp/bash.bash.upx5'
(gdb) shell cat /proc/3274/maps
00010000-00011000 rwxp 00000000 00:0f 5571       /var/volatile/tmp/bash.bash.upx5
00011000-000ea000 rwxp 00000000 00:00 0
000ea000-0014d000 r-xp 00000000 00:0f 5571       /var/volatile/tmp/bash.bash.upx5
b6ffb000-b6ffd000 r-xp 00000000 00:05 5766       /memfd:upx (deleted)
b6ffd000-b6ffe000 r-xp 00000000 00:00 0          [sigpage]
b6ffe000-b6fff000 r--p 00000000 00:00 0          [vvar]
b6fff000-b7000000 r-xp 00000000 00:00 0          [vdso]
befdf000-bf000000 rw-p 00000000 00:00 0          [stack]
ffff0000-ffff1000 r-xp 00000000 00:00 0          [vectors]
(gdb) q
```

**Comment by jreiser** [comment]
Same as #910: [PT_]LOAD[0].p_vaddr is 0x1000, not zero.  Fixed by commit 42aeda3, Actions page [https://github.com/upx/upx/actions/runs/14739774266](https://github.com/upx/upx/actions/runs/14739774266) .

**Comment by WXbet** [comment]
Now we have:

```
root@e4hdultra:~# strace /tmp/bash.bash.upx5 --version
execve("/tmp/bash.bash.upx5", ["/tmp/bash.bash.upx5", "--version"], 0xbeba1c14 /* 31 vars */) = 0
memfd_create("upx", MFD_EXEC)           = -1 EINVAL (Invalid argument)
memfd_create("upx", 0)                  = 3
ftruncate(3, 5205)                      = 0
mmap2(NULL, 5205, PROT_READ|PROT_WRITE, MAP_SHARED, 3, 0) = 0xb6f78000
mmap2(0xb6f78000, 5205, PROT_READ|PROT_EXEC, MAP_PRIVATE|MAP_FIXED, 3, 0) = 0xb6f78000
close(3)                                = 0
open("", O_RDONLY|O_APPEND|O_NONBLOCK|O_SYNC|O_LARGEFILE|O_NOATIME|O_PATH|O_DIRECTORY|0xbe800010) = -1 ENOENT (No such file or directory)
readlink("/proc/self/exe", NULL, 4095)  = -1 EFAULT (Bad address)
--- SIGSEGV {si_signo=SIGSEGV, si_code=SEGV_MAPERR, si_addr=0xfffffffc} ---
+++ killed by SIGSEGV +++
Segmentation fault
```

```
root@e4hdultra:~# gdb -q --args /tmp/bash.bash.upx5 --version
Reading symbols from /tmp/bash.bash.upx5...
(No debugging symbols found in /tmp/bash.bash.upx5)
(gdb) run
Starting program: /var/volatile/tmp/bash.bash.upx5 --version

Program received signal SIGSEGV, Segmentation fault.
0xb6ffb1c0 in ?? ()
(gdb) x/13i $pc-6*4
   0xb6ffb1a8:  subcs   r1, pc, #192    @ 0xc0
   0xb6ffb1ac:  movcs   r0, #14
   0xb6ffb1b0:  add     r2, r1, r0
   0xb6ffb1b4:  mov     r0, r6
   0xb6ffb1b8:  mov     r3, #0
   0xb6ffb1bc:  strb    r3, [r0, #-1]!
=> 0xb6ffb1c0:  ldrb    r3, [r2, #-1]!
   0xb6ffb1c4:  strb    r3, [r0, #-1]!
   0xb6ffb1c8:  cmp     r1, r2
   0xb6ffb1cc:  bne     0xb6ffb1c0
   0xb6ffb1d0:  mov     r3, #61 @ 0x3d
   0xb6ffb1d4:  strb    r3, [r0, #-1]!
   0xb6ffb1d8:  mov     r3, #32
(gdb) x/13i $lr-6*4
   0x14b9f4:    mov     pc, lr
   0x14b9f8:    mov     r1, #1
   0x14b9fc:    mov     r12, lr
   0x14ba00:    bl      0x14b9e0
   0x14ba04:    adcs    r1, r1, r1
   0x14ba08:    bl      0x14b9e0
   0x14ba0c:    bcc     0x14ba00
   0x14ba10:    mov     pc, r12
   0x14ba14:    ldrb    r3, [r0], #1
   0x14ba18:    strb    r3, [r2], #1
   0x14ba1c:    bl      0x14b9e0
   0x14ba20:    bcs     0x14ba14
   0x14ba24:    bl      0x14b9f8
(gdb) info reg
r0             0xea000             958464
r1             0x130               304
r2             0x5                 5
r3             0x12                18
r4             0xea130             958768
r5             0x6170c             399116
r6             0x1455              5205
r7             0x6                 6
r8             0xfffff000          4294963200
r9             0x6183c             399420
r10            0x14bed8            1359576
r11            0x3                 3
r12            0xb6ffb000          3070210048
sp             0xbefffbc0          0xbefffbc0
lr             0x14ba0c            1358348
pc             0xb6ffb1c0          0xb6ffb1c0
cpsr           0x60000010          1610612752
fpscr          0x0                 0
(gdb) info proc
process 12917
cmdline = '/var/volatile/tmp/bash.bash.upx5 --version'
cwd = '/home/root'
exe = '/var/volatile/tmp/bash.bash.upx5'
(gdb) shell cat /proc/12917/maps
00010000-00011000 rwxp 00000000 00:0f 7333       /var/volatile/tmp/bash.bash.upx5
00011000-000ea000 rwxp 00000000 00:00 0
000ea000-0014d000 r-xp 00000000 00:0f 7333       /var/volatile/tmp/bash.bash.upx5
b6ffb000-b6ffd000 r-xp 00000000 00:05 7412       /memfd:upx (deleted)
b6ffd000-b6ffe000 r-xp 00000000 00:00 0          [sigpage]
b6ffe000-b6fff000 r--p 00000000 00:00 0          [vvar]
b6fff000-b7000000 r-xp 00000000 00:00 0          [vdso]
befdf000-bf000000 rw-p 00000000 00:00 0          [stack]
ffff0000-ffff1000 r-xp 00000000 00:00 0          [vectors]
(gdb) q
```

**Comment by jreiser** [comment]
Works for me on `Linux rpi3-20231109 6.1.0-13-arm64 #1 SMP Debian 6.1.55-1 (2023-09-29) aarch64 GNU/Linux`:
```
$ ls -l
total 2028
-rwxr-xr-x 1 user group 405388 Apr 29 21:58 bash.upx5   ## from bash.upx5.zip
-rwxr-xr-x 1 user group 843136 Apr 29 21:58 bash.upx5.unc  ## upx5 -d -o bash.upx5.unc bash.upx5
-rwxr-xr-x 1 user group 409832 Apr 29 21:59 bash.upx5.unc.upx5   ## upx5 -o bash.upx5.unc.upx5  bash.upx5.unc
   ## using commit 42aeda3c or others from last week

$ sha256sum *  ## enables end-to-end check against your files
cb11d5c53797dff66b7e9008927345060d287ff869dccb865ef381423f0578ee  bash.upx5
d1e01465166cb9e2ec4893576c9eb298837d7e94d9f39a0149f61282ce696876  bash.upx5.unc
72313e5415fa5d287b9937e15c6d3b10415fabb7c71fac8f76fb79414b561c8f  bash.upx5.unc.upx5

$ strace ./bash.upx5.unc.upx5
execve("./bash.upx5.unc.upx5", ["./bash.upx5.unc.upx5"], 0xffffd32a2270 /* 20 vars */ <unfinished ...>
[ Process PID=1161 runs in 32 bit mode. ]
strace: WARNING: Proper structure decoding for this personality is not supported, please consider building strace with mpers support enabled.
<... execve resumed>)                   = 0
memfd_create("upx", 0x10 /* MFD_??? */) = -1 EINVAL (Invalid argument)
memfd_create("upx", 0)                  = 3
ftruncate(3, 5205)                      = 0
mmap2(NULL, 5205, PROT_READ|PROT_WRITE, MAP_SHARED, 3, 0) = 0xf7ba3000
mmap2(0xf7ba3000, 5205, PROT_READ|PROT_EXEC, MAP_PRIVATE|MAP_FIXED, 3, 0) = 0xf7ba3000
close(3)                                = 0
open("/proc/self/exe", O_RDONLY)        = 3

## Instead of  "/proc/self/exe"  you show
## open("", O_RDONLY|O_APPEND|O_NONBLOCK|O_SYNC|O_LARGEFILE|O_NOATIME|O_PATH|O_DIRECTORY|0xbe800010) = -1 ENOENT (No such file or directory)
## which is highly suspicious

readlink("/proc/self/exe", "/home/jreiser/github-issue912/ba"..., 4095) = 48
munmap(0x10000, 889200)                 = 0
memfd_create("upx", 0x10 /* MFD_??? */) = -1 EINVAL (Invalid argument)
memfd_create("upx", 0)                  = 4
ftruncate(4, 820704)                    = 0
mmap2(0x10000, 820704, PROT_READ|PROT_WRITE, MAP_SHARED|MAP_FIXED, 4, 0) = 0x10000
cacheflush(0x10000, 0xd85e0, 0)         = 0

## Be sure that your version has the cacheflush (the line above).  Otherwise you will hit a bug in Linux
## where msync() (the line below) forgot to clean the data cache.   msync() is just like a write():
## the user should never be bothered by the data cache.  But there are many many installed instances
## of Linux that will not be fixed for a very long time, so upx (and any other code that runs "in the field")
## must clean the data cache explicitly.

msync(0x10000, 820704, MS_SYNC)         = 0
munmap(0x10000, 820704)                 = 0
mmap2(0x10000, 820704, PROT_READ|PROT_EXEC, MAP_SHARED|MAP_FIXED, 4, 0) = 0x10000
close(4)                                = 0
mmap2(0xd9000, 22528, PROT_READ|PROT_WRITE, MAP_PRIVATE|MAP_FIXED|MAP_ANONYMOUS, -1, 0) = 0xd9000
mmap2(0xdf000, 41328, PROT_READ|PROT_WRITE, MAP_PRIVATE|MAP_FIXED|MAP_ANONYMOUS, -1, 0) = 0xdf000
open("/lib/ld-linux-armhf.so.3", O_RDONLY) = 4
read(4, "\177ELF\1\1\1\0\0\0\0\0\0\0\0\0\3\0(\0\1\0\0\08\10\1\0004\0\0\0"..., 512) = 512
mmap2(NULL, 126976, PROT_NONE, MAP_PRIVATE|MAP_ANONYMOUS, -1, 0) = 0xf7b84000
mmap2(0xf7b84000, 116204, PROT_READ|PROT_EXEC, MAP_PRIVATE|MAP_FIXED, 4, 0) = 0xf7b84000
mprotect(0xf7b84000, 116204, PROT_READ|PROT_EXEC) = 0
mmap2(0xf7ba1000, 6520, PROT_READ|PROT_WRITE, MAP_PRIVATE|MAP_FIXED, 4, 0x1d000) = 0xf7ba1000
close(4)                                = 0
mmap2(NULL, 4096, PROT_READ, MAP_PRIVATE, 3, 0) = 0xf7b83000
close(3)                                = 0
munmap(0xea000, 409100)                 = 0
brk(0xea000)                            = 0xdfb000
munmap(0xf7ba3000, 5205)                = 0
brk(NULL)                               = 0xdfb000
mmap2(NULL, 8192, PROT_READ|PROT_WRITE, MAP_PRIVATE|MAP_ANONYMOUS, -1, 0) = 0xf7ba3000
access("/etc/ld.so.preload", R_OK)      = -1 ENOENT (No such file or directory)
openat(AT_FDCWD, "/etc/ld.so.cache", O_RDONLY|O_LARGEFILE|O_CLOEXEC) = 3
statx(3, "", AT_STATX_SYNC_AS_STAT|AT_NO_AUTOMOUNT|AT_EMPTY_PATH, STATX_BASIC_STATS, {stx_mask=STATX_BASIC_STATS|STATX_MNT_ID, stx_attributes=0, stx_mode=S_IFREG|0644, stx_size=21383, ...}) = 0
mmap2(NULL, 21383, PROT_READ, MAP_PRIVATE, 3, 0) = 0xf7b7d000
close(3)                                = 0
openat(AT_FDCWD, "/lib/arm-linux-gnueabihf/libtinfo.so.5", O_RDONLY|O_LARGEFILE|O_CLOEXEC) = 3
read(3, "\177ELF\1\1\1\0\0\0\0\0\0\0\0\0\3\0(\0\1\0\0\0\0\0\0\0004\0\0\0"..., 512) = 512
statx(3, "", AT_STATX_SYNC_AS_STAT|AT_NO_AUTOMOUNT|AT_EMPTY_PATH, STATX_BASIC_STATS, {stx_mask=STATX_BASIC_STATS|STATX_MNT_ID, stx_attributes=0, stx_mode=S_IFREG|0644, stx_size=120956, ...}) = 0
mmap2(NULL, 120336, PROT_READ|PROT_EXEC, MAP_PRIVATE|MAP_DENYWRITE, 3, 0) = 0xf7b5f000
mmap2(0xf7b7a000, 12288, PROT_READ|PROT_WRITE, MAP_PRIVATE|MAP_FIXED|MAP_DENYWRITE, 3, 0x1b000) = 0xf7b7a000
close(3)                                = 0
openat(AT_FDCWD, "/lib/arm-linux-gnueabihf/libc.so.6", O_RDONLY|O_LARGEFILE|O_CLOEXEC) = 3
read(3, "\177ELF\1\1\1\3\0\0\0\0\0\0\0\0\3\0(\0\1\0\0\0\251\344\1\0004\0\0\0"..., 512) = 512
statx(3, "", AT_STATX_SYNC_AS_STAT|AT_NO_AUTOMOUNT|AT_EMPTY_PATH, STATX_BASIC_STATS, {stx_mask=STATX_BASIC_STATS|STATX_MNT_ID, stx_attributes=0, stx_mode=S_IFREG|0755, stx_size=1102644, ...}) = 0
mmap2(NULL, 1139660, PROT_READ|PROT_EXEC, MAP_PRIVATE|MAP_DENYWRITE, 3, 0) = 0xf7a48000
mmap2(0xf7b52000, 12288, PROT_READ|PROT_WRITE, MAP_PRIVATE|MAP_FIXED|MAP_DENYWRITE, 3, 0x109000) = 0xf7b52000
mmap2(0xf7b55000, 37836, PROT_READ|PROT_WRITE, MAP_PRIVATE|MAP_FIXED|MAP_ANONYMOUS, -1, 0) = 0xf7b55000
close(3)                                = 0
writev(2, [{iov_base="./bash.upx5.unc.upx5", iov_len=20}, {iov_base=": ", iov_len=2}, {iov_base="/lib/arm-linux-gnueabihf/libc.so"..., iov_len=34}, {iov_base=": ", iov_len=2}, {iov_base="version `GLIBC_2.38' not found ("..., iov_len=65}, {iov_base="\n", iov_len=1}], 6./bash.upx5.unc.upx5: /lib/arm-linux-gnueabihf/libc.so.6: version `GLIBC_2.38' not found (required by ./bash.upx5.unc.upx5)

## my Linux is older.  Your executable requires the very latest libc, and is not backwards-compatible with most installed linux systems, because they do not have the newest libc.

) = 124
exit_group(1)                           = ?
+++ exited with 1 +++
```

**Comment by WXbet** [comment]
Yeah, seems you got it, good work 💯 :

```
root@e4hdultra:~# strace /tmp/bash.bash.upx5 --version
execve("/tmp/bash.bash.upx5", ["/tmp/bash.bash.upx5", "--version"], 0xbe93ec14 /* 31 vars */) = 0
memfd_create("upx", MFD_EXEC)           = -1 EINVAL (Invalid argument)
memfd_create("upx", 0)                  = 3
ftruncate(3, 5205)                      = 0
mmap2(NULL, 5205, PROT_READ|PROT_WRITE, MAP_SHARED, 3, 0) = 0xb6fa3000
write(3, "\0\360\377\377\"\0\0\08\23\0\0;\0\0\352\30\0\37\345\16\360\240\341 \20O\342\10\0\221\345"..., 5205) = 5205
mmap2(0xb6fa3000, 5205, PROT_READ|PROT_EXEC, MAP_PRIVATE|MAP_FIXED, 3, 0) = 0xb6fa3000
close(3)                                = 0
open("/proc/self/exe", O_RDONLY)        = 3
readlink("/proc/self/exe", "/var/volatile/tmp/bash.bash.upx5", 4095) = 32
munmap(0x10000, 889200)                 = 0
memfd_create("upx", MFD_EXEC)           = -1 EINVAL (Invalid argument)
memfd_create("upx", 0)                  = 4
ftruncate(4, 819272)                    = 0
mmap2(0x10000, 819272, PROT_READ|PROT_WRITE, MAP_SHARED|MAP_FIXED, 4, 0) = 0x10000
cacheflush(0x10000, 0xd8048, 0)         = 0
msync(0x10000, 819272, MS_SYNC)         = 0
munmap(0x10000, 819272)                 = 0
mmap2(0x10000, 819272, PROT_READ|PROT_EXEC, MAP_SHARED|MAP_FIXED, 4, 0) = 0x10000
close(4)                                = 0
mmap2(0xd9000, 22528, PROT_READ|PROT_WRITE, MAP_PRIVATE|MAP_FIXED|MAP_ANONYMOUS, -1, 0) = 0xd9000
mmap2(0xdf000, 41328, PROT_READ|PROT_WRITE, MAP_PRIVATE|MAP_FIXED|MAP_ANONYMOUS, -1, 0) = 0xdf000
open("/lib/ld-linux-armhf.so.3", O_RDONLY) = 4
read(4, "\177ELF\1\1\1\0\0\0\0\0\0\0\0\0\3\0(\0\1\0\0\0\0340\1\0004\0\0\0"..., 512) = 512
mmap2(NULL, 151552, PROT_NONE, MAP_PRIVATE|MAP_ANONYMOUS, -1, 0) = 0xb6f7e000
mmap2(0xb6f7e000, 135760, PROT_READ|PROT_EXEC, MAP_PRIVATE|MAP_FIXED, 4, 0) = 0xb6f7e000
mprotect(0xb6f7e000, 135760, PROT_READ|PROT_EXEC) = 0
mmap2(0xb6fa0000, 9788, PROT_READ|PROT_WRITE, MAP_PRIVATE|MAP_FIXED, 4, 0x21000) = 0xb6fa0000
close(4)                                = 0
mmap2(NULL, 4096, PROT_READ, MAP_PRIVATE, 3, 0) = 0xb6f7d000
close(3)                                = 0
munmap(0xea000, 404360)                 = 0
brk(0xea000)                            = 0x14d000
munmap(0xb6fa3000, 5205)                = 0
brk(NULL)                               = 0x14d000
mmap2(NULL, 8192, PROT_READ|PROT_WRITE, MAP_PRIVATE|MAP_ANONYMOUS, -1, 0) = 0xb6fa3000
access("/etc/ld.so.preload", R_OK)      = -1 ENOENT (No such file or directory)
openat(AT_FDCWD, "/etc/ld.so.cache", O_RDONLY|O_LARGEFILE|O_CLOEXEC) = 3
statx(3, "", AT_STATX_SYNC_AS_STAT|AT_NO_AUTOMOUNT|AT_EMPTY_PATH, STATX_BASIC_STATS, 0xbe8fbd80) = -1 ENOSYS (Function not implemented)
fstatat64(3, "", {st_mode=S_IFREG|0644, st_size=15515, ...}, AT_EMPTY_PATH) = 0
mmap2(NULL, 15515, PROT_READ, MAP_PRIVATE, 3, 0) = 0xb6f79000
close(3)                                = 0
openat(AT_FDCWD, "/lib/libtinfo.so.5", O_RDONLY|O_LARGEFILE|O_CLOEXEC) = 3
read(3, "\177ELF\1\1\1\0\0\0\0\0\0\0\0\0\3\0(\0\1\0\0\0\0\0\0\0004\0\0\0"..., 512) = 512
statx(3, "", AT_STATX_SYNC_AS_STAT|AT_NO_AUTOMOUNT|AT_EMPTY_PATH, STATX_BASIC_STATS, 0xbe8fbd10) = -1 ENOSYS (Function not implemented)
fstatat64(3, "", {st_mode=S_IFREG|0755, st_size=121416, ...}, AT_EMPTY_PATH) = 0
mmap2(NULL, 121016, PROT_READ|PROT_EXEC, MAP_PRIVATE|MAP_DENYWRITE, 3, 0) = 0xb6f5b000
mmap2(0xb6f76000, 12288, PROT_READ|PROT_WRITE, MAP_PRIVATE|MAP_FIXED|MAP_DENYWRITE, 3, 0x1b000) = 0xb6f76000
close(3)                                = 0
openat(AT_FDCWD, "/lib/libc.so.6", O_RDONLY|O_LARGEFILE|O_CLOEXEC) = 3
read(3, "\177ELF\1\1\1\0\0\0\0\0\0\0\0\0\3\0(\0\1\0\0\0\\\367\1\0004\0\0\0"..., 512) = 512
statx(3, "", AT_STATX_SYNC_AS_STAT|AT_NO_AUTOMOUNT|AT_EMPTY_PATH, STATX_BASIC_STATS, 0xbe8fbd00) = -1 ENOSYS (Function not implemented)
fstatat64(3, "", {st_mode=S_IFREG|0755, st_size=1253488, ...}, AT_EMPTY_PATH) = 0
mmap2(NULL, 1286724, PROT_READ|PROT_EXEC, MAP_PRIVATE|MAP_DENYWRITE, 3, 0) = 0xb6e20000
mmap2(0xb6f4e000, 12288, PROT_READ|PROT_WRITE, MAP_PRIVATE|MAP_FIXED|MAP_DENYWRITE, 3, 0x12e000) = 0xb6f4e000
mmap2(0xb6f51000, 37444, PROT_READ|PROT_WRITE, MAP_PRIVATE|MAP_FIXED|MAP_ANONYMOUS, -1, 0) = 0xb6f51000
close(3)                                = 0
set_tls(0xb6fa4140)                     = 0
set_tid_address(0xb6fa3cc8)             = 13704
set_robust_list(0xb6fa3ccc, 12)         = 0
rseq(0xb6fa41a0, 0x20, 0, 0xe7f5def3)   = -1 ENOSYS (Function not implemented)
mprotect(0xb6f4e000, 8192, PROT_READ)   = 0
mprotect(0xb6f76000, 8192, PROT_READ)   = 0
mprotect(0xd9000, 4096, PROT_READ)      = 0
mprotect(0xb6fa0000, 8192, PROT_READ)   = 0
ugetrlimit(RLIMIT_STACK, {rlim_cur=8192*1024, rlim_max=RLIM_INFINITY}) = 0
munmap(0xb6f79000, 15515)               = 0
openat(AT_FDCWD, "/dev/tty", O_RDWR|O_NONBLOCK|O_LARGEFILE) = 3
close(3)                                = 0
getrandom("\x7c\x2a\x25\xb1", 4, GRND_NONBLOCK) = 4
brk(NULL)                               = 0x14d000
brk(0x16e000)                           = 0x16e000
openat(AT_FDCWD, "/usr/lib/locale/locale-archive", O_RDONLY|O_LARGEFILE|O_CLOEXEC) = -1 ENOENT (No such file or directory)
openat(AT_FDCWD, "/usr/share/locale/locale.alias", O_RDONLY|O_CLOEXEC) = -1 ENOENT (No such file or directory)
openat(AT_FDCWD, "/usr/lib/locale/C.UTF-8/LC_IDENTIFICATION", O_RDONLY|O_CLOEXEC) = 3
statx(3, "", AT_STATX_SYNC_AS_STAT|AT_NO_AUTOMOUNT|AT_EMPTY_PATH, STATX_BASIC_STATS, 0xbe8fc630) = -1 ENOSYS (Function not implemented)
fstatat64(3, "", {st_mode=S_IFREG|0644, st_size=252, ...}, AT_EMPTY_PATH) = 0
mmap2(NULL, 252, PROT_READ, MAP_PRIVATE, 3, 0) = 0xb6f7c000
close(3)                                = 0
openat(AT_FDCWD, "/usr/lib/gconv/gconv-modules.cache", O_RDONLY|O_CLOEXEC) = -1 ENOENT (No such file or directory)
openat(AT_FDCWD, "/usr/lib/gconv/gconv-modules", O_RDONLY|O_CLOEXEC) = 3
statx(3, "", AT_STATX_SYNC_AS_STAT|AT_NO_AUTOMOUNT|AT_EMPTY_PATH, STATX_BASIC_STATS, 0xbe8fc4a8) = -1 ENOSYS (Function not implemented)
fstatat64(3, "", {st_mode=S_IFREG|0755, st_size=3916, ...}, AT_EMPTY_PATH) = 0
read(3, "# GNU libc iconv configuration.\n"..., 4096) = 3916
read(3, "", 4096)                       = 0
close(3)                                = 0
openat(AT_FDCWD, "/usr/lib/gconv/gconv-modules.d", O_RDONLY|O_NONBLOCK|O_LARGEFILE|O_CLOEXEC|O_DIRECTORY) = 3
statx(3, "", AT_STATX_SYNC_AS_STAT|AT_NO_AUTOMOUNT|AT_EMPTY_PATH, STATX_BASIC_STATS, 0xbe8fc530) = -1 ENOSYS (Function not implemented)
fstatat64(3, "", {st_mode=S_IFDIR|0755, st_size=4096, ...}, AT_EMPTY_PATH) = 0
getdents64(3, 0x14f5e0 /* 3 entries */, 32768) = 96
openat(AT_FDCWD, "/usr/lib/gconv/gconv-modules.d/gconv-modules-extra.conf", O_RDONLY|O_CLOEXEC) = 4
statx(4, "", AT_STATX_SYNC_AS_STAT|AT_NO_AUTOMOUNT|AT_EMPTY_PATH, STATX_BASIC_STATS, 0xbe8fc4a8) = -1 ENOSYS (Function not implemented)
fstatat64(4, "", {st_mode=S_IFREG|0755, st_size=53974, ...}, AT_EMPTY_PATH) = 0
read(4, "# GNU libc iconv configuration.\n"..., 4096) = 4096
read(4, "B1002//\tJUS_I.B1.002//\nmodule\tJU"..., 4096) = 4096
read(4, "59-5//\nalias\tISO_8859-5//\t\tISO-8"..., 4096) = 4096
read(4, "59-16//\t\tINTERNAL\t\tISO8859-16\t1\n"..., 4096) = 4096
read(4, "-SE-A\t1\nmodule\tINTERNAL\t\tEBCDIC-"..., 4096) = 4096
read(4, "97\t\t1\n\n#\tfrom\t\t\tto\t\t\tmodule\t\tcos"..., 4096) = 4096
read(4, "1\n\n#\tfrom\t\t\tto\t\t\tmodule\t\tcost\nal"..., 4096) = 4096
read(4, "6//\t\tIBM1046//\nalias\tCP1046//\t\tI"..., 4096) = 4096
read(4, "\tto\t\t\tmodule\t\tcost\nalias\tRUSCII/"..., 4096) = 4096
read(4, "03//\nmodule\tCSN_369103//\t\tINTERN"..., 4096) = 4096
read(4, "\tmodule\t\tcost\nalias\tISO-IR-8-1//"..., 4096) = 4096
read(4, "IBM1156\t\t1\n\n#\tfrom\t\t\tto\t\t\tmodule"..., 4096) = 4096
read(4, "\t\tIBM1166//\nalias\tCP1166//\t\tIBM1"..., 4096) = 4096
read(4, "alias\tROMAN9//\t\tHP-ROMAN9//\nalia"..., 4096) = 726
read(4, "", 4096)                       = 0
close(4)                                = 0
getdents64(3, 0x14f5e0 /* 0 entries */, 32768) = 0
close(3)                                = 0
futex(0xb6f50c80, FUTEX_WAKE_PRIVATE, 2147483647) = 0
openat(AT_FDCWD, "/usr/lib/locale/C.UTF-8/LC_MEASUREMENT", O_RDONLY|O_CLOEXEC) = 3
statx(3, "", AT_STATX_SYNC_AS_STAT|AT_NO_AUTOMOUNT|AT_EMPTY_PATH, STATX_BASIC_STATS, 0xbe8fc630) = -1 ENOSYS (Function not implemented)
fstatat64(3, "", {st_mode=S_IFREG|0644, st_size=23, ...}, AT_EMPTY_PATH) = 0
mmap2(NULL, 23, PROT_READ, MAP_PRIVATE, 3, 0) = 0xb6f7b000
close(3)                                = 0
openat(AT_FDCWD, "/usr/lib/locale/C.UTF-8/LC_TELEPHONE", O_RDONLY|O_CLOEXEC) = 3
statx(3, "", AT_STATX_SYNC_AS_STAT|AT_NO_AUTOMOUNT|AT_EMPTY_PATH, STATX_BASIC_STATS, 0xbe8fc630) = -1 ENOSYS (Function not implemented)
fstatat64(3, "", {st_mode=S_IFREG|0644, st_size=47, ...}, AT_EMPTY_PATH) = 0
mmap2(NULL, 47, PROT_READ, MAP_PRIVATE, 3, 0) = 0xb6f7a000
close(3)                                = 0
openat(AT_FDCWD, "/usr/lib/locale/C.UTF-8/LC_ADDRESS", O_RDONLY|O_CLOEXEC) = 3
statx(3, "", AT_STATX_SYNC_AS_STAT|AT_NO_AUTOMOUNT|AT_EMPTY_PATH, STATX_BASIC_STATS, 0xbe8fc630) = -1 ENOSYS (Function not implemented)
fstatat64(3, "", {st_mode=S_IFREG|0644, st_size=131, ...}, AT_EMPTY_PATH) = 0
mmap2(NULL, 131, PROT_READ, MAP_PRIVATE, 3, 0) = 0xb6f79000
close(3)                                = 0
openat(AT_FDCWD, "/usr/lib/locale/C.UTF-8/LC_NAME", O_RDONLY|O_CLOEXEC) = 3
statx(3, "", AT_STATX_SYNC_AS_STAT|AT_NO_AUTOMOUNT|AT_EMPTY_PATH, STATX_BASIC_STATS, 0xbe8fc630) = -1 ENOSYS (Function not implemented)
fstatat64(3, "", {st_mode=S_IFREG|0644, st_size=62, ...}, AT_EMPTY_PATH) = 0
mmap2(NULL, 62, PROT_READ, MAP_PRIVATE, 3, 0) = 0xb6e1f000
close(3)                                = 0
openat(AT_FDCWD, "/usr/lib/locale/C.UTF-8/LC_PAPER", O_RDONLY|O_CLOEXEC) = 3
statx(3, "", AT_STATX_SYNC_AS_STAT|AT_NO_AUTOMOUNT|AT_EMPTY_PATH, STATX_BASIC_STATS, 0xbe8fc630) = -1 ENOSYS (Function not implemented)
fstatat64(3, "", {st_mode=S_IFREG|0644, st_size=34, ...}, AT_EMPTY_PATH) = 0
mmap2(NULL, 34, PROT_READ, MAP_PRIVATE, 3, 0) = 0xb6e1e000
close(3)                                = 0
openat(AT_FDCWD, "/usr/lib/locale/C.UTF-8/LC_MESSAGES", O_RDONLY|O_CLOEXEC) = 3
statx(3, "", AT_STATX_SYNC_AS_STAT|AT_NO_AUTOMOUNT|AT_EMPTY_PATH, STATX_BASIC_STATS, 0xbe8fc630) = -1 ENOSYS (Function not implemented)
fstatat64(3, "", {st_mode=S_IFDIR|0755, st_size=4096, ...}, AT_EMPTY_PATH) = 0
close(3)                                = 0
openat(AT_FDCWD, "/usr/lib/locale/C.UTF-8/LC_MESSAGES/SYS_LC_MESSAGES", O_RDONLY|O_CLOEXEC) = 3
statx(3, "", AT_STATX_SYNC_AS_STAT|AT_NO_AUTOMOUNT|AT_EMPTY_PATH, STATX_BASIC_STATS, 0xbe8fc5f8) = -1 ENOSYS (Function not implemented)
fstatat64(3, "", {st_mode=S_IFREG|0644, st_size=53, ...}, AT_EMPTY_PATH) = 0
mmap2(NULL, 53, PROT_READ, MAP_PRIVATE, 3, 0) = 0xb6e1d000
close(3)                                = 0
openat(AT_FDCWD, "/usr/lib/locale/C.UTF-8/LC_MONETARY", O_RDONLY|O_CLOEXEC) = 3
statx(3, "", AT_STATX_SYNC_AS_STAT|AT_NO_AUTOMOUNT|AT_EMPTY_PATH, STATX_BASIC_STATS, 0xbe8fc630) = -1 ENOSYS (Function not implemented)
fstatat64(3, "", {st_mode=S_IFREG|0644, st_size=282, ...}, AT_EMPTY_PATH) = 0
mmap2(NULL, 282, PROT_READ, MAP_PRIVATE, 3, 0) = 0xb6e1c000
close(3)                                = 0
openat(AT_FDCWD, "/usr/lib/locale/C.UTF-8/LC_COLLATE", O_RDONLY|O_CLOEXEC) = 3
statx(3, "", AT_STATX_SYNC_AS_STAT|AT_NO_AUTOMOUNT|AT_EMPTY_PATH, STATX_BASIC_STATS, 0xbe8fc630) = -1 ENOSYS (Function not implemented)
fstatat64(3, "", {st_mode=S_IFREG|0644, st_size=1516746, ...}, AT_EMPTY_PATH) = 0
mmap2(NULL, 1516746, PROT_READ, MAP_PRIVATE, 3, 0) = 0xb6ca9000
close(3)                                = 0
openat(AT_FDCWD, "/usr/lib/locale/C.UTF-8/LC_TIME", O_RDONLY|O_CLOEXEC) = 3
statx(3, "", AT_STATX_SYNC_AS_STAT|AT_NO_AUTOMOUNT|AT_EMPTY_PATH, STATX_BASIC_STATS, 0xbe8fc630) = -1 ENOSYS (Function not implemented)
fstatat64(3, "", {st_mode=S_IFREG|0644, st_size=3360, ...}, AT_EMPTY_PATH) = 0
mmap2(NULL, 3360, PROT_READ, MAP_PRIVATE, 3, 0) = 0xb6ca8000
close(3)                                = 0
openat(AT_FDCWD, "/usr/lib/locale/C.UTF-8/LC_NUMERIC", O_RDONLY|O_CLOEXEC) = 3
statx(3, "", AT_STATX_SYNC_AS_STAT|AT_NO_AUTOMOUNT|AT_EMPTY_PATH, STATX_BASIC_STATS, 0xbe8fc630) = -1 ENOSYS (Function not implemented)
fstatat64(3, "", {st_mode=S_IFREG|0644, st_size=50, ...}, AT_EMPTY_PATH) = 0
mmap2(NULL, 50, PROT_READ, MAP_PRIVATE, 3, 0) = 0xb6ca7000
close(3)                                = 0
openat(AT_FDCWD, "/usr/lib/locale/C.UTF-8/LC_CTYPE", O_RDONLY|O_CLOEXEC) = 3
statx(3, "", AT_STATX_SYNC_AS_STAT|AT_NO_AUTOMOUNT|AT_EMPTY_PATH, STATX_BASIC_STATS, 0xbe8fc630) = -1 ENOSYS (Function not implemented)
fstatat64(3, "", {st_mode=S_IFREG|0644, st_size=330604, ...}, AT_EMPTY_PATH) = 0
mmap2(NULL, 330604, PROT_READ, MAP_PRIVATE, 3, 0) = 0xb6c56000
close(3)                                = 0
getuid32()                              = 0
getgid32()                              = 0
geteuid32()                             = 0
getegid32()                             = 0
clock_gettime64(CLOCK_REALTIME, 0xbe8fc928) = -1 ENOSYS (Function not implemented)
statx(1, "", AT_STATX_SYNC_AS_STAT|AT_NO_AUTOMOUNT|AT_EMPTY_PATH, STATX_BASIC_STATS, 0xbe8fc618) = -1 ENOSYS (Function not implemented)
fstatat64(1, "", {st_mode=S_IFCHR|0620, st_rdev=makedev(0x88, 0), ...}, AT_EMPTY_PATH) = 0
write(1, "GNU bash, version 5.2.37(1)-rele"..., 59GNU bash, version 5.2.37(1)-release (arm-oe-linux-gnueabi)
) = 59
write(1, "Copyright (C) 2022 Free Software"..., 50Copyright (C) 2022 Free Software Foundation, Inc.
) = 50
write(1, "License GPLv3+: GNU GPL version "..., 78License GPLv3+: GNU GPL version 3 or later <http://gnu.org/licenses/gpl.html>
) = 78
write(1, "\n", 1
)                       = 1
write(1, "This is free software; you are f"..., 67This is free software; you are free to change and redistribute it.
) = 67
write(1, "There is NO WARRANTY, to the ext"..., 54There is NO WARRANTY, to the extent permitted by law.
) = 54
exit_group(0)                           = ?
+++ exited with 0 +++
```

Let me check later, if a new image will boot on this device.

**Comment by WXbet** [comment]
Image is booting without problems now.
